ARM GAS  C:\Users\eleni\AppData\Local\Temp\ccZ2UlLc.s 			page 1


   1              		.syntax unified
   2              		.cpu cortex-m3
   3              		.fpu softvfp
   4              		.eabi_attribute 20, 1
   5              		.eabi_attribute 21, 1
   6              		.eabi_attribute 23, 3
   7              		.eabi_attribute 24, 1
   8              		.eabi_attribute 25, 1
   9              		.eabi_attribute 26, 1
  10              		.eabi_attribute 30, 1
  11              		.eabi_attribute 34, 1
  12              		.eabi_attribute 18, 4
  13              		.thumb
  14              		.syntax unified
  15              		.file	"cymetadata.c"
  16              		.text
  17              	.Ltext0:
  18              		.cfi_sections	.debug_frame
  19              		.global	cy_metadata
  20              		.global	cy_meta_flashprotect
  21              		.global	cy_meta_wonvl
  22              		.global	cy_meta_custnvl
  23              		.global	cy_meta_configecc
  24              		.section	.cyconfigecc,"a",%progbits
  25              		.align	2
  26              		.type	cy_meta_configecc, %object
  27              		.size	cy_meta_configecc, 224
  28              	cy_meta_configecc:
  29 0000 03       		.byte	3
  30 0001 09       		.byte	9
  31 0002 01       		.byte	1
  32 0003 40       		.byte	64
  33 0004 2F       		.byte	47
  34 0005 0A       		.byte	10
  35 0006 01       		.byte	1
  36 0007 40       		.byte	64
  37 0008 21       		.byte	33
  38 0009 0B       		.byte	11
  39 000a 01       		.byte	1
  40 000b 40       		.byte	64
  41 000c 02       		.byte	2
  42 000d 0C       		.byte	12
  43 000e 01       		.byte	1
  44 000f 40       		.byte	64
  45 0010 03       		.byte	3
  46 0011 0D       		.byte	13
  47 0012 01       		.byte	1
  48 0013 40       		.byte	64
  49 0014 02       		.byte	2
  50 0015 50       		.byte	80
  51 0016 01       		.byte	1
  52 0017 40       		.byte	64
  53 0018 AE       		.byte	-82
  54 0019 02       		.byte	2
  55 001a AF       		.byte	-81
  56 001b 04       		.byte	4
  57 001c B0       		.byte	-80
ARM GAS  C:\Users\eleni\AppData\Local\Temp\ccZ2UlLc.s 			page 2


  58 001d 84       		.byte	-124
  59 001e 0C       		.byte	12
  60 001f 05       		.byte	5
  61 0020 0E       		.byte	14
  62 0021 0A       		.byte	10
  63 0022 1C       		.byte	28
  64 0023 02       		.byte	2
  65 0024 1E       		.byte	30
  66 0025 01       		.byte	1
  67 0026 24       		.byte	36
  68 0027 0A       		.byte	10
  69 0028 26       		.byte	38
  70 0029 05       		.byte	5
  71 002a 28       		.byte	40
  72 002b 08       		.byte	8
  73 002c 2A       		.byte	42
  74 002d 04       		.byte	4
  75 002e 34       		.byte	52
  76 002f 03       		.byte	3
  77 0030 36       		.byte	54
  78 0031 0C       		.byte	12
  79 0032 3E       		.byte	62
  80 0033 50       		.byte	80
  81 0034 58       		.byte	88
  82 0035 04       		.byte	4
  83 0036 5B       		.byte	91
  84 0037 04       		.byte	4
  85 0038 5F       		.byte	95
  86 0039 01       		.byte	1
  87 003a 81       		.byte	-127
  88 003b 4F       		.byte	79
  89 003c 83       		.byte	-125
  90 003d 90       		.byte	-112
  91 003e 85       		.byte	-123
  92 003f 54       		.byte	84
  93 0040 87       		.byte	-121
  94 0041 2A       		.byte	42
  95 0042 89       		.byte	-119
  96 0043 89       		.byte	-119
  97 0044 8B       		.byte	-117
  98 0045 30       		.byte	48
  99 0046 91       		.byte	-111
 100 0047 25       		.byte	37
 101 0048 93       		.byte	-109
 102 0049 5A       		.byte	90
 103 004a 9C       		.byte	-100
 104 004b 69       		.byte	105
 105 004c 9E       		.byte	-98
 106 004d 90       		.byte	-112
 107 004e A4       		.byte	-92
 108 004f 51       		.byte	81
 109 0050 A6       		.byte	-90
 110 0051 86       		.byte	-122
 111 0052 A8       		.byte	-88
 112 0053 AA       		.byte	-86
 113 0054 AA       		.byte	-86
 114 0055 44       		.byte	68
ARM GAS  C:\Users\eleni\AppData\Local\Temp\ccZ2UlLc.s 			page 3


 115 0056 AC       		.byte	-84
 116 0057 27       		.byte	39
 117 0058 AE       		.byte	-82
 118 0059 C8       		.byte	-56
 119 005a B0       		.byte	-80
 120 005b 03       		.byte	3
 121 005c B1       		.byte	-79
 122 005d 03       		.byte	3
 123 005e B2       		.byte	-78
 124 005f E0       		.byte	-32
 125 0060 B3       		.byte	-77
 126 0061 1C       		.byte	28
 127 0062 B4       		.byte	-76
 128 0063 03       		.byte	3
 129 0064 B5       		.byte	-75
 130 0065 03       		.byte	3
 131 0066 B6       		.byte	-74
 132 0067 1C       		.byte	28
 133 0068 B7       		.byte	-73
 134 0069 E0       		.byte	-32
 135 006a B8       		.byte	-72
 136 006b 2A       		.byte	42
 137 006c B9       		.byte	-71
 138 006d 2A       		.byte	42
 139 006e BE       		.byte	-66
 140 006f 54       		.byte	84
 141 0070 BF       		.byte	-65
 142 0071 01       		.byte	1
 143 0072 D8       		.byte	-40
 144 0073 0B       		.byte	11
 145 0074 D9       		.byte	-39
 146 0075 0B       		.byte	11
 147 0076 DB       		.byte	-37
 148 0077 04       		.byte	4
 149 0078 DC       		.byte	-36
 150 0079 99       		.byte	-103
 151 007a DF       		.byte	-33
 152 007b 01       		.byte	1
 153 007c 01       		.byte	1
 154 007d 40       		.byte	64
 155 007e 0A       		.byte	10
 156 007f 01       		.byte	1
 157 0080 0E       		.byte	14
 158 0081 01       		.byte	1
 159 0082 10       		.byte	16
 160 0083 28       		.byte	40
 161 0084 15       		.byte	21
 162 0085 40       		.byte	64
 163 0086 17       		.byte	23
 164 0087 14       		.byte	20
 165 0088 19       		.byte	25
 166 0089 50       		.byte	80
 167 008a 1C       		.byte	28
 168 008b 48       		.byte	72
 169 008c 1E       		.byte	30
 170 008d 22       		.byte	34
 171 008e 24       		.byte	36
ARM GAS  C:\Users\eleni\AppData\Local\Temp\ccZ2UlLc.s 			page 4


 172 008f 04       		.byte	4
 173 0090 26       		.byte	38
 174 0091 02       		.byte	2
 175 0092 27       		.byte	39
 176 0093 22       		.byte	34
 177 0094 37       		.byte	55
 178 0095 01       		.byte	1
 179 0096 3E       		.byte	62
 180 0097 15       		.byte	21
 181 0098 59       		.byte	89
 182 0099 50       		.byte	80
 183 009a 5C       		.byte	92
 184 009b 80       		.byte	-128
 185 009c 5E       		.byte	94
 186 009d 22       		.byte	34
 187 009e 5F       		.byte	95
 188 009f 04       		.byte	4
 189 00a0 6A       		.byte	106
 190 00a1 80       		.byte	-128
 191 00a2 6C       		.byte	108
 192 00a3 28       		.byte	40
 193 00a4 6D       		.byte	109
 194 00a5 40       		.byte	64
 195 00a6 6E       		.byte	110
 196 00a7 15       		.byte	21
 197 00a8 6F       		.byte	111
 198 00a9 15       		.byte	21
 199 00aa 7E       		.byte	126
 200 00ab 40       		.byte	64
 201 00ac 94       		.byte	-108
 202 00ad 44       		.byte	68
 203 00ae 9F       		.byte	-97
 204 00af 22       		.byte	34
 205 00b0 C0       		.byte	-64
 206 00b1 01       		.byte	1
 207 00b2 C2       		.byte	-62
 208 00b3 81       		.byte	-127
 209 00b4 C4       		.byte	-60
 210 00b5 E6       		.byte	-26
 211 00b6 CC       		.byte	-52
 212 00b7 80       		.byte	-128
 213 00b8 CE       		.byte	-50
 214 00b9 E0       		.byte	-32
 215 00ba D6       		.byte	-42
 216 00bb FC       		.byte	-4
 217 00bc DE       		.byte	-34
 218 00bd 80       		.byte	-128
 219 00be 5B       		.byte	91
 220 00bf 04       		.byte	4
 221 00c0 5F       		.byte	95
 222 00c1 01       		.byte	1
 223 00c2 5C       		.byte	92
 224 00c3 44       		.byte	68
 225 00c4 5F       		.byte	95
 226 00c5 22       		.byte	34
 227 00c6 D6       		.byte	-42
 228 00c7 F0       		.byte	-16
ARM GAS  C:\Users\eleni\AppData\Local\Temp\ccZ2UlLc.s 			page 5


 229 00c8 01       		.byte	1
 230 00c9 01       		.byte	1
 231 00ca 0D       		.byte	13
 232 00cb 01       		.byte	1
 233 00cc 00       		.byte	0
 234 00cd 7F       		.byte	127
 235 00ce 7F       		.byte	127
 236 00cf 00       		.byte	0
 237 00d0 00       		.byte	0
 238 00d1 00       		.byte	0
 239 00d2 00       		.byte	0
 240 00d3 00       		.byte	0
 241 00d4 C0       		.byte	-64
 242 00d5 00       		.byte	0
 243 00d6 00       		.byte	0
 244 00d7 CB       		.byte	-53
 245 00d8 0B       		.byte	11
 246 00d9 00       		.byte	0
 247 00da 00       		.byte	0
 248 00db 00       		.byte	0
 249 00dc 00       		.byte	0
 250 00dd 00       		.byte	0
 251 00de 00       		.byte	0
 252 00df 00       		.byte	0
 253              		.section	.cywolatch,"a",%progbits
 254              		.align	2
 255              		.type	cy_meta_wonvl, %object
 256              		.size	cy_meta_wonvl, 4
 257              	cy_meta_wonvl:
 258 0000 BC       		.byte	-68
 259 0001 90       		.byte	-112
 260 0002 AC       		.byte	-84
 261 0003 AF       		.byte	-81
 262              		.section	.cycustnvl,"a",%progbits
 263              		.align	2
 264              		.type	cy_meta_custnvl, %object
 265              		.size	cy_meta_custnvl, 4
 266              	cy_meta_custnvl:
 267 0000 00       		.byte	0
 268 0001 00       		.byte	0
 269 0002 40       		.byte	64
 270 0003 05       		.byte	5
 271              		.section	.cymeta,"a",%progbits
 272              		.align	2
 273              		.type	cy_metadata, %object
 274              		.size	cy_metadata, 12
 275              	cy_metadata:
 276 0000 00       		.byte	0
 277 0001 01       		.byte	1
 278 0002 2E       		.byte	46
 279 0003 16       		.byte	22
 280 0004 10       		.byte	16
 281 0005 69       		.byte	105
 282 0006 00       		.byte	0
 283 0007 01       		.byte	1
 284 0008 00       		.byte	0
 285 0009 00       		.byte	0
ARM GAS  C:\Users\eleni\AppData\Local\Temp\ccZ2UlLc.s 			page 6


 286 000a 00       		.byte	0
 287 000b 00       		.byte	0
 288              		.section	.cyflashprotect,"a",%progbits
 289              		.align	2
 290              		.type	cy_meta_flashprotect, %object
 291              		.size	cy_meta_flashprotect, 256
 292              	cy_meta_flashprotect:
 293 0000 00000000 		.space	256
 293      00000000 
 293      00000000 
 293      00000000 
 293      00000000 
 294              		.text
 295              	.Letext0:
 296              		.file 1 "c:\\program files (x86)\\cypress\\psoc creator\\4.2\\psoc creator\\import\\gnu\\arm\\5.4.
 297              		.file 2 "c:\\program files (x86)\\cypress\\psoc creator\\4.2\\psoc creator\\import\\gnu\\arm\\5.4.
 298              		.file 3 "Generated_Source\\PSoC5\\cymetadata.c"
 299              		.section	.debug_info,"",%progbits
 300              	.Ldebug_info0:
 301 0000 30010000 		.4byte	0x130
 302 0004 0400     		.2byte	0x4
 303 0006 00000000 		.4byte	.Ldebug_abbrev0
 304 000a 04       		.byte	0x4
 305 000b 01       		.uleb128 0x1
 306 000c 24000000 		.4byte	.LASF17
 307 0010 0C       		.byte	0xc
 308 0011 BF010000 		.4byte	.LASF18
 309 0015 E7000000 		.4byte	.LASF19
 310 0019 00000000 		.4byte	.Ldebug_line0
 311 001d 02       		.uleb128 0x2
 312 001e 01       		.byte	0x1
 313 001f 06       		.byte	0x6
 314 0020 B3010000 		.4byte	.LASF0
 315 0024 03       		.uleb128 0x3
 316 0025 00000000 		.4byte	.LASF9
 317 0029 01       		.byte	0x1
 318 002a 1D       		.byte	0x1d
 319 002b 2F000000 		.4byte	0x2f
 320 002f 02       		.uleb128 0x2
 321 0030 01       		.byte	0x1
 322 0031 08       		.byte	0x8
 323 0032 16000000 		.4byte	.LASF1
 324 0036 02       		.uleb128 0x2
 325 0037 02       		.byte	0x2
 326 0038 05       		.byte	0x5
 327 0039 A0010000 		.4byte	.LASF2
 328 003d 02       		.uleb128 0x2
 329 003e 02       		.byte	0x2
 330 003f 07       		.byte	0x7
 331 0040 C4000000 		.4byte	.LASF3
 332 0044 02       		.uleb128 0x2
 333 0045 04       		.byte	0x4
 334 0046 05       		.byte	0x5
 335 0047 AA010000 		.4byte	.LASF4
 336 004b 02       		.uleb128 0x2
 337 004c 04       		.byte	0x4
 338 004d 07       		.byte	0x7
ARM GAS  C:\Users\eleni\AppData\Local\Temp\ccZ2UlLc.s 			page 7


 339 004e B2000000 		.4byte	.LASF5
 340 0052 02       		.uleb128 0x2
 341 0053 08       		.byte	0x8
 342 0054 05       		.byte	0x5
 343 0055 92010000 		.4byte	.LASF6
 344 0059 02       		.uleb128 0x2
 345 005a 08       		.byte	0x8
 346 005b 07       		.byte	0x7
 347 005c 47010000 		.4byte	.LASF7
 348 0060 04       		.uleb128 0x4
 349 0061 04       		.byte	0x4
 350 0062 05       		.byte	0x5
 351 0063 696E7400 		.ascii	"int\000"
 352 0067 02       		.uleb128 0x2
 353 0068 04       		.byte	0x4
 354 0069 07       		.byte	0x7
 355 006a 3A010000 		.4byte	.LASF8
 356 006e 03       		.uleb128 0x3
 357 006f 5E010000 		.4byte	.LASF10
 358 0073 02       		.byte	0x2
 359 0074 18       		.byte	0x18
 360 0075 24000000 		.4byte	0x24
 361 0079 05       		.uleb128 0x5
 362 007a 90000000 		.4byte	0x90
 363 007e 89000000 		.4byte	0x89
 364 0082 06       		.uleb128 0x6
 365 0083 89000000 		.4byte	0x89
 366 0087 DF       		.byte	0xdf
 367 0088 00       		.byte	0
 368 0089 02       		.uleb128 0x2
 369 008a 04       		.byte	0x4
 370 008b 07       		.byte	0x7
 371 008c 89010000 		.4byte	.LASF11
 372 0090 07       		.uleb128 0x7
 373 0091 6E000000 		.4byte	0x6e
 374 0095 08       		.uleb128 0x8
 375 0096 28010000 		.4byte	.LASF12
 376 009a 03       		.byte	0x3
 377 009b 1F       		.byte	0x1f
 378 009c A6000000 		.4byte	0xa6
 379 00a0 05       		.uleb128 0x5
 380 00a1 03       		.byte	0x3
 381 00a2 00000000 		.4byte	cy_meta_configecc
 382 00a6 07       		.uleb128 0x7
 383 00a7 79000000 		.4byte	0x79
 384 00ab 05       		.uleb128 0x5
 385 00ac 90000000 		.4byte	0x90
 386 00b0 BB000000 		.4byte	0xbb
 387 00b4 06       		.uleb128 0x6
 388 00b5 89000000 		.4byte	0x89
 389 00b9 03       		.byte	0x3
 390 00ba 00       		.byte	0
 391 00bb 08       		.uleb128 0x8
 392 00bc D7000000 		.4byte	.LASF13
 393 00c0 03       		.byte	0x3
 394 00c1 48       		.byte	0x48
 395 00c2 CC000000 		.4byte	0xcc
ARM GAS  C:\Users\eleni\AppData\Local\Temp\ccZ2UlLc.s 			page 8


 396 00c6 05       		.uleb128 0x5
 397 00c7 03       		.byte	0x3
 398 00c8 00000000 		.4byte	cy_meta_custnvl
 399 00cc 07       		.uleb128 0x7
 400 00cd AB000000 		.4byte	0xab
 401 00d1 08       		.uleb128 0x8
 402 00d2 7B010000 		.4byte	.LASF14
 403 00d6 03       		.byte	0x3
 404 00d7 56       		.byte	0x56
 405 00d8 E2000000 		.4byte	0xe2
 406 00dc 05       		.uleb128 0x5
 407 00dd 03       		.byte	0x3
 408 00de 00000000 		.4byte	cy_meta_wonvl
 409 00e2 07       		.uleb128 0x7
 410 00e3 AB000000 		.4byte	0xab
 411 00e7 05       		.uleb128 0x5
 412 00e8 90000000 		.4byte	0x90
 413 00ec F7000000 		.4byte	0xf7
 414 00f0 06       		.uleb128 0x6
 415 00f1 89000000 		.4byte	0x89
 416 00f5 FF       		.byte	0xff
 417 00f6 00       		.byte	0
 418 00f7 08       		.uleb128 0x8
 419 00f8 66010000 		.4byte	.LASF15
 420 00fc 03       		.byte	0x3
 421 00fd 64       		.byte	0x64
 422 00fe 08010000 		.4byte	0x108
 423 0102 05       		.uleb128 0x5
 424 0103 03       		.byte	0x3
 425 0104 00000000 		.4byte	cy_meta_flashprotect
 426 0108 07       		.uleb128 0x7
 427 0109 E7000000 		.4byte	0xe7
 428 010d 05       		.uleb128 0x5
 429 010e 90000000 		.4byte	0x90
 430 0112 1D010000 		.4byte	0x11d
 431 0116 06       		.uleb128 0x6
 432 0117 89000000 		.4byte	0x89
 433 011b 0B       		.byte	0xb
 434 011c 00       		.byte	0
 435 011d 08       		.uleb128 0x8
 436 011e 0A000000 		.4byte	.LASF16
 437 0122 03       		.byte	0x3
 438 0123 91       		.byte	0x91
 439 0124 2E010000 		.4byte	0x12e
 440 0128 05       		.uleb128 0x5
 441 0129 03       		.byte	0x3
 442 012a 00000000 		.4byte	cy_metadata
 443 012e 07       		.uleb128 0x7
 444 012f 0D010000 		.4byte	0x10d
 445 0133 00       		.byte	0
 446              		.section	.debug_abbrev,"",%progbits
 447              	.Ldebug_abbrev0:
 448 0000 01       		.uleb128 0x1
 449 0001 11       		.uleb128 0x11
 450 0002 01       		.byte	0x1
 451 0003 25       		.uleb128 0x25
 452 0004 0E       		.uleb128 0xe
ARM GAS  C:\Users\eleni\AppData\Local\Temp\ccZ2UlLc.s 			page 9


 453 0005 13       		.uleb128 0x13
 454 0006 0B       		.uleb128 0xb
 455 0007 03       		.uleb128 0x3
 456 0008 0E       		.uleb128 0xe
 457 0009 1B       		.uleb128 0x1b
 458 000a 0E       		.uleb128 0xe
 459 000b 10       		.uleb128 0x10
 460 000c 17       		.uleb128 0x17
 461 000d 00       		.byte	0
 462 000e 00       		.byte	0
 463 000f 02       		.uleb128 0x2
 464 0010 24       		.uleb128 0x24
 465 0011 00       		.byte	0
 466 0012 0B       		.uleb128 0xb
 467 0013 0B       		.uleb128 0xb
 468 0014 3E       		.uleb128 0x3e
 469 0015 0B       		.uleb128 0xb
 470 0016 03       		.uleb128 0x3
 471 0017 0E       		.uleb128 0xe
 472 0018 00       		.byte	0
 473 0019 00       		.byte	0
 474 001a 03       		.uleb128 0x3
 475 001b 16       		.uleb128 0x16
 476 001c 00       		.byte	0
 477 001d 03       		.uleb128 0x3
 478 001e 0E       		.uleb128 0xe
 479 001f 3A       		.uleb128 0x3a
 480 0020 0B       		.uleb128 0xb
 481 0021 3B       		.uleb128 0x3b
 482 0022 0B       		.uleb128 0xb
 483 0023 49       		.uleb128 0x49
 484 0024 13       		.uleb128 0x13
 485 0025 00       		.byte	0
 486 0026 00       		.byte	0
 487 0027 04       		.uleb128 0x4
 488 0028 24       		.uleb128 0x24
 489 0029 00       		.byte	0
 490 002a 0B       		.uleb128 0xb
 491 002b 0B       		.uleb128 0xb
 492 002c 3E       		.uleb128 0x3e
 493 002d 0B       		.uleb128 0xb
 494 002e 03       		.uleb128 0x3
 495 002f 08       		.uleb128 0x8
 496 0030 00       		.byte	0
 497 0031 00       		.byte	0
 498 0032 05       		.uleb128 0x5
 499 0033 01       		.uleb128 0x1
 500 0034 01       		.byte	0x1
 501 0035 49       		.uleb128 0x49
 502 0036 13       		.uleb128 0x13
 503 0037 01       		.uleb128 0x1
 504 0038 13       		.uleb128 0x13
 505 0039 00       		.byte	0
 506 003a 00       		.byte	0
 507 003b 06       		.uleb128 0x6
 508 003c 21       		.uleb128 0x21
 509 003d 00       		.byte	0
ARM GAS  C:\Users\eleni\AppData\Local\Temp\ccZ2UlLc.s 			page 10


 510 003e 49       		.uleb128 0x49
 511 003f 13       		.uleb128 0x13
 512 0040 2F       		.uleb128 0x2f
 513 0041 0B       		.uleb128 0xb
 514 0042 00       		.byte	0
 515 0043 00       		.byte	0
 516 0044 07       		.uleb128 0x7
 517 0045 26       		.uleb128 0x26
 518 0046 00       		.byte	0
 519 0047 49       		.uleb128 0x49
 520 0048 13       		.uleb128 0x13
 521 0049 00       		.byte	0
 522 004a 00       		.byte	0
 523 004b 08       		.uleb128 0x8
 524 004c 34       		.uleb128 0x34
 525 004d 00       		.byte	0
 526 004e 03       		.uleb128 0x3
 527 004f 0E       		.uleb128 0xe
 528 0050 3A       		.uleb128 0x3a
 529 0051 0B       		.uleb128 0xb
 530 0052 3B       		.uleb128 0x3b
 531 0053 0B       		.uleb128 0xb
 532 0054 49       		.uleb128 0x49
 533 0055 13       		.uleb128 0x13
 534 0056 3F       		.uleb128 0x3f
 535 0057 19       		.uleb128 0x19
 536 0058 02       		.uleb128 0x2
 537 0059 18       		.uleb128 0x18
 538 005a 00       		.byte	0
 539 005b 00       		.byte	0
 540 005c 00       		.byte	0
 541              		.section	.debug_aranges,"",%progbits
 542 0000 14000000 		.4byte	0x14
 543 0004 0200     		.2byte	0x2
 544 0006 00000000 		.4byte	.Ldebug_info0
 545 000a 04       		.byte	0x4
 546 000b 00       		.byte	0
 547 000c 0000     		.2byte	0
 548 000e 0000     		.2byte	0
 549 0010 00000000 		.4byte	0
 550 0014 00000000 		.4byte	0
 551              		.section	.debug_line,"",%progbits
 552              	.Ldebug_line0:
 553 0000 3D010000 		.section	.debug_str,"MS",%progbits,1
 553      02003701 
 553      00000201 
 553      FB0E0D00 
 553      01010101 
 554              	.LASF9:
 555 0000 5F5F7569 		.ascii	"__uint8_t\000"
 555      6E74385F 
 555      7400
 556              	.LASF16:
 557 000a 63795F6D 		.ascii	"cy_metadata\000"
 557      65746164 
 557      61746100 
 558              	.LASF1:
ARM GAS  C:\Users\eleni\AppData\Local\Temp\ccZ2UlLc.s 			page 11


 559 0016 756E7369 		.ascii	"unsigned char\000"
 559      676E6564 
 559      20636861 
 559      7200
 560              	.LASF17:
 561 0024 474E5520 		.ascii	"GNU C11 5.4.1 20160609 (release) [ARM/embedded-5-br"
 561      43313120 
 561      352E342E 
 561      31203230 
 561      31363036 
 562 0057 616E6368 		.ascii	"anch revision 237715] -mcpu=cortex-m3 -mthumb -g -O"
 562      20726576 
 562      6973696F 
 562      6E203233 
 562      37373135 
 563 008a 67202D66 		.ascii	"g -ffunction-sections -ffat-lto-objects\000"
 563      66756E63 
 563      74696F6E 
 563      2D736563 
 563      74696F6E 
 564              	.LASF5:
 565 00b2 6C6F6E67 		.ascii	"long unsigned int\000"
 565      20756E73 
 565      69676E65 
 565      6420696E 
 565      7400
 566              	.LASF3:
 567 00c4 73686F72 		.ascii	"short unsigned int\000"
 567      7420756E 
 567      7369676E 
 567      65642069 
 567      6E7400
 568              	.LASF13:
 569 00d7 63795F6D 		.ascii	"cy_meta_custnvl\000"
 569      6574615F 
 569      63757374 
 569      6E766C00 
 570              	.LASF19:
 571 00e7 433A5C55 		.ascii	"C:\\Users\\eleni\\Desktop\\DSE\\Practicas\\Practica"
 571      73657273 
 571      5C656C65 
 571      6E695C44 
 571      65736B74 
 572 0114 735C5072 		.ascii	"s\\Practica2.5.cydsn\000"
 572      61637469 
 572      6361322E 
 572      352E6379 
 572      64736E00 
 573              	.LASF12:
 574 0128 63795F6D 		.ascii	"cy_meta_configecc\000"
 574      6574615F 
 574      636F6E66 
 574      69676563 
 574      6300
 575              	.LASF8:
 576 013a 756E7369 		.ascii	"unsigned int\000"
 576      676E6564 
ARM GAS  C:\Users\eleni\AppData\Local\Temp\ccZ2UlLc.s 			page 12


 576      20696E74 
 576      00
 577              	.LASF7:
 578 0147 6C6F6E67 		.ascii	"long long unsigned int\000"
 578      206C6F6E 
 578      6720756E 
 578      7369676E 
 578      65642069 
 579              	.LASF10:
 580 015e 75696E74 		.ascii	"uint8_t\000"
 580      385F7400 
 581              	.LASF15:
 582 0166 63795F6D 		.ascii	"cy_meta_flashprotect\000"
 582      6574615F 
 582      666C6173 
 582      6870726F 
 582      74656374 
 583              	.LASF14:
 584 017b 63795F6D 		.ascii	"cy_meta_wonvl\000"
 584      6574615F 
 584      776F6E76 
 584      6C00
 585              	.LASF11:
 586 0189 73697A65 		.ascii	"sizetype\000"
 586      74797065 
 586      00
 587              	.LASF6:
 588 0192 6C6F6E67 		.ascii	"long long int\000"
 588      206C6F6E 
 588      6720696E 
 588      7400
 589              	.LASF2:
 590 01a0 73686F72 		.ascii	"short int\000"
 590      7420696E 
 590      7400
 591              	.LASF4:
 592 01aa 6C6F6E67 		.ascii	"long int\000"
 592      20696E74 
 592      00
 593              	.LASF0:
 594 01b3 7369676E 		.ascii	"signed char\000"
 594      65642063 
 594      68617200 
 595              	.LASF18:
 596 01bf 47656E65 		.ascii	"Generated_Source\\PSoC5\\cymetadata.c\000"
 596      72617465 
 596      645F536F 
 596      75726365 
 596      5C50536F 
 597              		.ident	"GCC: (GNU Tools for ARM Embedded Processors) 5.4.1 20160609 (release) [ARM/embedded-5-bran
