ARM GAS  C:\Users\robin\AppData\Local\Temp\ccCt7hGr.s 			page 1


   1              		.syntax unified
   2              		.cpu cortex-m3
   3              		.fpu softvfp
   4              		.eabi_attribute 20, 1
   5              		.eabi_attribute 21, 1
   6              		.eabi_attribute 23, 3
   7              		.eabi_attribute 24, 1
   8              		.eabi_attribute 25, 1
   9              		.eabi_attribute 26, 1
  10              		.eabi_attribute 30, 1
  11              		.eabi_attribute 34, 1
  12              		.eabi_attribute 18, 4
  13              		.thumb
  14              		.syntax unified
  15              		.file	"cymetadata.c"
  16              		.text
  17              	.Ltext0:
  18              		.cfi_sections	.debug_frame
  19              		.global	cy_metadata
  20              		.global	cy_meta_flashprotect
  21              		.global	cy_meta_wonvl
  22              		.global	cy_meta_custnvl
  23              		.global	cy_meta_configecc
  24              		.section	.cyconfigecc,"a",%progbits
  25              		.align	2
  26              		.type	cy_meta_configecc, %object
  27              		.size	cy_meta_configecc, 216
  28              	cy_meta_configecc:
  29 0000 02       		.byte	2
  30 0001 52       		.byte	82
  31 0002 00       		.byte	0
  32 0003 40       		.byte	64
  33 0004 01       		.byte	1
  34 0005 07       		.byte	7
  35 0006 01       		.byte	1
  36 0007 40       		.byte	64
  37 0008 01       		.byte	1
  38 0009 09       		.byte	9
  39 000a 01       		.byte	1
  40 000b 40       		.byte	64
  41 000c 21       		.byte	33
  42 000d 18       		.byte	24
  43 000e 01       		.byte	1
  44 000f 40       		.byte	64
  45 0010 12       		.byte	18
  46 0011 19       		.byte	25
  47 0012 01       		.byte	1
  48 0013 40       		.byte	64
  49 0014 02       		.byte	2
  50 0015 40       		.byte	64
  51 0016 01       		.byte	1
  52 0017 40       		.byte	64
  53 0018 01       		.byte	1
  54 0019 41       		.byte	65
  55 001a 01       		.byte	1
  56 001b 40       		.byte	64
  57 001c 01       		.byte	1
ARM GAS  C:\Users\robin\AppData\Local\Temp\ccCt7hGr.s 			page 2


  58 001d 42       		.byte	66
  59 001e 01       		.byte	1
  60 001f 40       		.byte	64
  61 0020 03       		.byte	3
  62 0021 43       		.byte	67
  63 0022 01       		.byte	1
  64 0023 40       		.byte	64
  65 0024 04       		.byte	4
  66 0025 4C       		.byte	76
  67 0026 01       		.byte	1
  68 0027 40       		.byte	64
  69 0028 02       		.byte	2
  70 0029 50       		.byte	80
  71 002a 01       		.byte	1
  72 002b 40       		.byte	64
  73 002c 01       		.byte	1
  74 002d 51       		.byte	81
  75 002e 01       		.byte	1
  76 002f 40       		.byte	64
  77 0030 08       		.byte	8
  78 0031 40       		.byte	64
  79 0032 09       		.byte	9
  80 0033 40       		.byte	64
  81 0034 E6       		.byte	-26
  82 0035 08       		.byte	8
  83 0036 87       		.byte	-121
  84 0037 01       		.byte	1
  85 0038 8A       		.byte	-118
  86 0039 05       		.byte	5
  87 003a 92       		.byte	-110
  88 003b 04       		.byte	4
  89 003c A6       		.byte	-90
  90 003d 01       		.byte	1
  91 003e AE       		.byte	-82
  92 003f 02       		.byte	2
  93 0040 B0       		.byte	-80
  94 0041 04       		.byte	4
  95 0042 B2       		.byte	-78
  96 0043 02       		.byte	2
  97 0044 B4       		.byte	-76
  98 0045 01       		.byte	1
  99 0046 B6       		.byte	-74
 100 0047 02       		.byte	2
 101 0048 C0       		.byte	-64
 102 0049 10       		.byte	16
 103 004a C1       		.byte	-63
 104 004b 05       		.byte	5
 105 004c C5       		.byte	-59
 106 004d 01       		.byte	1
 107 004e C7       		.byte	-57
 108 004f 20       		.byte	32
 109 0050 C8       		.byte	-56
 110 0051 21       		.byte	33
 111 0052 C9       		.byte	-55
 112 0053 FF       		.byte	-1
 113 0054 CA       		.byte	-54
 114 0055 FF       		.byte	-1
ARM GAS  C:\Users\robin\AppData\Local\Temp\ccCt7hGr.s 			page 3


 115 0056 CB       		.byte	-53
 116 0057 FF       		.byte	-1
 117 0058 CD       		.byte	-51
 118 0059 A0       		.byte	-96
 119 005a CF       		.byte	-49
 120 005b 04       		.byte	4
 121 005c D0       		.byte	-48
 122 005d 18       		.byte	24
 123 005e D2       		.byte	-46
 124 005f 80       		.byte	-128
 125 0060 D8       		.byte	-40
 126 0061 04       		.byte	4
 127 0062 DA       		.byte	-38
 128 0063 04       		.byte	4
 129 0064 DB       		.byte	-37
 130 0065 04       		.byte	4
 131 0066 DF       		.byte	-33
 132 0067 01       		.byte	1
 133 0068 E0       		.byte	-32
 134 0069 40       		.byte	64
 135 006a E2       		.byte	-30
 136 006b C0       		.byte	-64
 137 006c E4       		.byte	-28
 138 006d 40       		.byte	64
 139 006e E5       		.byte	-27
 140 006f 40       		.byte	64
 141 0070 E6       		.byte	-26
 142 0071 C0       		.byte	-64
 143 0072 E8       		.byte	-24
 144 0073 C0       		.byte	-64
 145 0074 EA       		.byte	-22
 146 0075 C0       		.byte	-64
 147 0076 EC       		.byte	-20
 148 0077 C0       		.byte	-64
 149 0078 EE       		.byte	-18
 150 0079 C0       		.byte	-64
 151 007a 00       		.byte	0
 152 007b 10       		.byte	16
 153 007c 09       		.byte	9
 154 007d 02       		.byte	2
 155 007e 10       		.byte	16
 156 007f 20       		.byte	32
 157 0080 13       		.byte	19
 158 0081 40       		.byte	64
 159 0082 18       		.byte	24
 160 0083 11       		.byte	17
 161 0084 1B       		.byte	27
 162 0085 21       		.byte	33
 163 0086 40       		.byte	64
 164 0087 01       		.byte	1
 165 0088 48       		.byte	72
 166 0089 22       		.byte	34
 167 008a 50       		.byte	80
 168 008b 02       		.byte	2
 169 008c 51       		.byte	81
 170 008d 02       		.byte	2
 171 008e 73       		.byte	115
ARM GAS  C:\Users\robin\AppData\Local\Temp\ccCt7hGr.s 			page 4


 172 008f 40       		.byte	64
 173 0090 8B       		.byte	-117
 174 0091 20       		.byte	32
 175 0092 A7       		.byte	-89
 176 0093 01       		.byte	1
 177 0094 C0       		.byte	-64
 178 0095 02       		.byte	2
 179 0096 C2       		.byte	-62
 180 0097 08       		.byte	8
 181 0098 C4       		.byte	-60
 182 0099 05       		.byte	5
 183 009a D0       		.byte	-48
 184 009b 08       		.byte	8
 185 009c D2       		.byte	-46
 186 009d 08       		.byte	8
 187 009e 30       		.byte	48
 188 009f 40       		.byte	64
 189 00a0 CC       		.byte	-52
 190 00a1 10       		.byte	16
 191 00a2 9C       		.byte	-100
 192 00a3 40       		.byte	64
 193 00a4 9C       		.byte	-100
 194 00a5 40       		.byte	64
 195 00a6 84       		.byte	-124
 196 00a7 40       		.byte	64
 197 00a8 9C       		.byte	-100
 198 00a9 40       		.byte	64
 199 00aa E6       		.byte	-26
 200 00ab 10       		.byte	16
 201 00ac 67       		.byte	103
 202 00ad 08       		.byte	8
 203 00ae 8B       		.byte	-117
 204 00af 04       		.byte	4
 205 00b0 D8       		.byte	-40
 206 00b1 01       		.byte	1
 207 00b2 E0       		.byte	-32
 208 00b3 01       		.byte	1
 209 00b4 10       		.byte	16
 210 00b5 01       		.byte	1
 211 00b6 1C       		.byte	28
 212 00b7 01       		.byte	1
 213 00b8 00       		.byte	0
 214 00b9 03       		.byte	3
 215 00ba 00       		.byte	0
 216 00bb 00       		.byte	0
 217 00bc 00       		.byte	0
 218 00bd 4B       		.byte	75
 219 00be 4B       		.byte	75
 220 00bf 00       		.byte	0
 221 00c0 40       		.byte	64
 222 00c1 00       		.byte	0
 223 00c2 00       		.byte	0
 224 00c3 00       		.byte	0
 225 00c4 04       		.byte	4
 226 00c5 00       		.byte	0
 227 00c6 00       		.byte	0
 228 00c7 04       		.byte	4
ARM GAS  C:\Users\robin\AppData\Local\Temp\ccCt7hGr.s 			page 5


 229 00c8 00       		.byte	0
 230 00c9 00       		.byte	0
 231 00ca 00       		.byte	0
 232 00cb 00       		.byte	0
 233 00cc 00       		.byte	0
 234 00cd 00       		.byte	0
 235 00ce 00       		.byte	0
 236 00cf 00       		.byte	0
 237 00d0 00       		.byte	0
 238 00d1 02       		.byte	2
 239 00d2 02       		.byte	2
 240 00d3 00       		.byte	0
 241 00d4 00       		.byte	0
 242 00d5 00       		.byte	0
 243 00d6 00       		.byte	0
 244 00d7 00       		.byte	0
 245              		.section	.cywolatch,"a",%progbits
 246              		.align	2
 247              		.type	cy_meta_wonvl, %object
 248              		.size	cy_meta_wonvl, 4
 249              	cy_meta_wonvl:
 250 0000 BC       		.byte	-68
 251 0001 90       		.byte	-112
 252 0002 AC       		.byte	-84
 253 0003 AF       		.byte	-81
 254              		.section	.cycustnvl,"a",%progbits
 255              		.align	2
 256              		.type	cy_meta_custnvl, %object
 257              		.size	cy_meta_custnvl, 4
 258              	cy_meta_custnvl:
 259 0000 00       		.byte	0
 260 0001 00       		.byte	0
 261 0002 40       		.byte	64
 262 0003 05       		.byte	5
 263              		.section	.cymeta,"a",%progbits
 264              		.align	2
 265              		.type	cy_metadata, %object
 266              		.size	cy_metadata, 12
 267              	cy_metadata:
 268 0000 00       		.byte	0
 269 0001 01       		.byte	1
 270 0002 2E       		.byte	46
 271 0003 16       		.byte	22
 272 0004 10       		.byte	16
 273 0005 69       		.byte	105
 274 0006 00       		.byte	0
 275 0007 01       		.byte	1
 276 0008 00       		.byte	0
 277 0009 00       		.byte	0
 278 000a 00       		.byte	0
 279 000b 00       		.byte	0
 280              		.section	.cyflashprotect,"a",%progbits
 281              		.align	2
 282              		.type	cy_meta_flashprotect, %object
 283              		.size	cy_meta_flashprotect, 256
 284              	cy_meta_flashprotect:
 285 0000 00000000 		.space	256
ARM GAS  C:\Users\robin\AppData\Local\Temp\ccCt7hGr.s 			page 6


 285      00000000 
 285      00000000 
 285      00000000 
 285      00000000 
 286              		.text
 287              	.Letext0:
 288              		.file 1 "c:\\program files (x86)\\cypress\\psoc creator\\4.2\\psoc creator\\import\\gnu\\arm\\5.4.
 289              		.file 2 "c:\\program files (x86)\\cypress\\psoc creator\\4.2\\psoc creator\\import\\gnu\\arm\\5.4.
 290              		.file 3 "Generated_Source\\PSoC5\\cymetadata.c"
 291              		.section	.debug_info,"",%progbits
 292              	.Ldebug_info0:
 293 0000 30010000 		.4byte	0x130
 294 0004 0400     		.2byte	0x4
 295 0006 00000000 		.4byte	.Ldebug_abbrev0
 296 000a 04       		.byte	0x4
 297 000b 01       		.uleb128 0x1
 298 000c 24000000 		.4byte	.LASF17
 299 0010 0C       		.byte	0xc
 300 0011 D1010000 		.4byte	.LASF18
 301 0015 7E010000 		.4byte	.LASF19
 302 0019 00000000 		.4byte	.Ldebug_line0
 303 001d 02       		.uleb128 0x2
 304 001e 01       		.byte	0x1
 305 001f 06       		.byte	0x6
 306 0020 72010000 		.4byte	.LASF0
 307 0024 03       		.uleb128 0x3
 308 0025 00000000 		.4byte	.LASF9
 309 0029 01       		.byte	0x1
 310 002a 1D       		.byte	0x1d
 311 002b 2F000000 		.4byte	0x2f
 312 002f 02       		.uleb128 0x2
 313 0030 01       		.byte	0x1
 314 0031 08       		.byte	0x8
 315 0032 16000000 		.4byte	.LASF1
 316 0036 02       		.uleb128 0x2
 317 0037 02       		.byte	0x2
 318 0038 05       		.byte	0x5
 319 0039 5F010000 		.4byte	.LASF2
 320 003d 02       		.uleb128 0x2
 321 003e 02       		.byte	0x2
 322 003f 07       		.byte	0x7
 323 0040 C4000000 		.4byte	.LASF3
 324 0044 02       		.uleb128 0x2
 325 0045 04       		.byte	0x4
 326 0046 05       		.byte	0x5
 327 0047 69010000 		.4byte	.LASF4
 328 004b 02       		.uleb128 0x2
 329 004c 04       		.byte	0x4
 330 004d 07       		.byte	0x7
 331 004e B2000000 		.4byte	.LASF5
 332 0052 02       		.uleb128 0x2
 333 0053 08       		.byte	0x8
 334 0054 05       		.byte	0x5
 335 0055 51010000 		.4byte	.LASF6
 336 0059 02       		.uleb128 0x2
 337 005a 08       		.byte	0x8
 338 005b 07       		.byte	0x7
ARM GAS  C:\Users\robin\AppData\Local\Temp\ccCt7hGr.s 			page 7


 339 005c 06010000 		.4byte	.LASF7
 340 0060 04       		.uleb128 0x4
 341 0061 04       		.byte	0x4
 342 0062 05       		.byte	0x5
 343 0063 696E7400 		.ascii	"int\000"
 344 0067 02       		.uleb128 0x2
 345 0068 04       		.byte	0x4
 346 0069 07       		.byte	0x7
 347 006a F9000000 		.4byte	.LASF8
 348 006e 03       		.uleb128 0x3
 349 006f 1D010000 		.4byte	.LASF10
 350 0073 02       		.byte	0x2
 351 0074 18       		.byte	0x18
 352 0075 24000000 		.4byte	0x24
 353 0079 05       		.uleb128 0x5
 354 007a 90000000 		.4byte	0x90
 355 007e 89000000 		.4byte	0x89
 356 0082 06       		.uleb128 0x6
 357 0083 89000000 		.4byte	0x89
 358 0087 D7       		.byte	0xd7
 359 0088 00       		.byte	0
 360 0089 02       		.uleb128 0x2
 361 008a 04       		.byte	0x4
 362 008b 07       		.byte	0x7
 363 008c 48010000 		.4byte	.LASF11
 364 0090 07       		.uleb128 0x7
 365 0091 6E000000 		.4byte	0x6e
 366 0095 08       		.uleb128 0x8
 367 0096 E7000000 		.4byte	.LASF12
 368 009a 03       		.byte	0x3
 369 009b 1F       		.byte	0x1f
 370 009c A6000000 		.4byte	0xa6
 371 00a0 05       		.uleb128 0x5
 372 00a1 03       		.byte	0x3
 373 00a2 00000000 		.4byte	cy_meta_configecc
 374 00a6 07       		.uleb128 0x7
 375 00a7 79000000 		.4byte	0x79
 376 00ab 05       		.uleb128 0x5
 377 00ac 90000000 		.4byte	0x90
 378 00b0 BB000000 		.4byte	0xbb
 379 00b4 06       		.uleb128 0x6
 380 00b5 89000000 		.4byte	0x89
 381 00b9 03       		.byte	0x3
 382 00ba 00       		.byte	0
 383 00bb 08       		.uleb128 0x8
 384 00bc D7000000 		.4byte	.LASF13
 385 00c0 03       		.byte	0x3
 386 00c1 47       		.byte	0x47
 387 00c2 CC000000 		.4byte	0xcc
 388 00c6 05       		.uleb128 0x5
 389 00c7 03       		.byte	0x3
 390 00c8 00000000 		.4byte	cy_meta_custnvl
 391 00cc 07       		.uleb128 0x7
 392 00cd AB000000 		.4byte	0xab
 393 00d1 08       		.uleb128 0x8
 394 00d2 3A010000 		.4byte	.LASF14
 395 00d6 03       		.byte	0x3
ARM GAS  C:\Users\robin\AppData\Local\Temp\ccCt7hGr.s 			page 8


 396 00d7 55       		.byte	0x55
 397 00d8 E2000000 		.4byte	0xe2
 398 00dc 05       		.uleb128 0x5
 399 00dd 03       		.byte	0x3
 400 00de 00000000 		.4byte	cy_meta_wonvl
 401 00e2 07       		.uleb128 0x7
 402 00e3 AB000000 		.4byte	0xab
 403 00e7 05       		.uleb128 0x5
 404 00e8 90000000 		.4byte	0x90
 405 00ec F7000000 		.4byte	0xf7
 406 00f0 06       		.uleb128 0x6
 407 00f1 89000000 		.4byte	0x89
 408 00f5 FF       		.byte	0xff
 409 00f6 00       		.byte	0
 410 00f7 08       		.uleb128 0x8
 411 00f8 25010000 		.4byte	.LASF15
 412 00fc 03       		.byte	0x3
 413 00fd 63       		.byte	0x63
 414 00fe 08010000 		.4byte	0x108
 415 0102 05       		.uleb128 0x5
 416 0103 03       		.byte	0x3
 417 0104 00000000 		.4byte	cy_meta_flashprotect
 418 0108 07       		.uleb128 0x7
 419 0109 E7000000 		.4byte	0xe7
 420 010d 05       		.uleb128 0x5
 421 010e 90000000 		.4byte	0x90
 422 0112 1D010000 		.4byte	0x11d
 423 0116 06       		.uleb128 0x6
 424 0117 89000000 		.4byte	0x89
 425 011b 0B       		.byte	0xb
 426 011c 00       		.byte	0
 427 011d 08       		.uleb128 0x8
 428 011e 0A000000 		.4byte	.LASF16
 429 0122 03       		.byte	0x3
 430 0123 90       		.byte	0x90
 431 0124 2E010000 		.4byte	0x12e
 432 0128 05       		.uleb128 0x5
 433 0129 03       		.byte	0x3
 434 012a 00000000 		.4byte	cy_metadata
 435 012e 07       		.uleb128 0x7
 436 012f 0D010000 		.4byte	0x10d
 437 0133 00       		.byte	0
 438              		.section	.debug_abbrev,"",%progbits
 439              	.Ldebug_abbrev0:
 440 0000 01       		.uleb128 0x1
 441 0001 11       		.uleb128 0x11
 442 0002 01       		.byte	0x1
 443 0003 25       		.uleb128 0x25
 444 0004 0E       		.uleb128 0xe
 445 0005 13       		.uleb128 0x13
 446 0006 0B       		.uleb128 0xb
 447 0007 03       		.uleb128 0x3
 448 0008 0E       		.uleb128 0xe
 449 0009 1B       		.uleb128 0x1b
 450 000a 0E       		.uleb128 0xe
 451 000b 10       		.uleb128 0x10
 452 000c 17       		.uleb128 0x17
ARM GAS  C:\Users\robin\AppData\Local\Temp\ccCt7hGr.s 			page 9


 453 000d 00       		.byte	0
 454 000e 00       		.byte	0
 455 000f 02       		.uleb128 0x2
 456 0010 24       		.uleb128 0x24
 457 0011 00       		.byte	0
 458 0012 0B       		.uleb128 0xb
 459 0013 0B       		.uleb128 0xb
 460 0014 3E       		.uleb128 0x3e
 461 0015 0B       		.uleb128 0xb
 462 0016 03       		.uleb128 0x3
 463 0017 0E       		.uleb128 0xe
 464 0018 00       		.byte	0
 465 0019 00       		.byte	0
 466 001a 03       		.uleb128 0x3
 467 001b 16       		.uleb128 0x16
 468 001c 00       		.byte	0
 469 001d 03       		.uleb128 0x3
 470 001e 0E       		.uleb128 0xe
 471 001f 3A       		.uleb128 0x3a
 472 0020 0B       		.uleb128 0xb
 473 0021 3B       		.uleb128 0x3b
 474 0022 0B       		.uleb128 0xb
 475 0023 49       		.uleb128 0x49
 476 0024 13       		.uleb128 0x13
 477 0025 00       		.byte	0
 478 0026 00       		.byte	0
 479 0027 04       		.uleb128 0x4
 480 0028 24       		.uleb128 0x24
 481 0029 00       		.byte	0
 482 002a 0B       		.uleb128 0xb
 483 002b 0B       		.uleb128 0xb
 484 002c 3E       		.uleb128 0x3e
 485 002d 0B       		.uleb128 0xb
 486 002e 03       		.uleb128 0x3
 487 002f 08       		.uleb128 0x8
 488 0030 00       		.byte	0
 489 0031 00       		.byte	0
 490 0032 05       		.uleb128 0x5
 491 0033 01       		.uleb128 0x1
 492 0034 01       		.byte	0x1
 493 0035 49       		.uleb128 0x49
 494 0036 13       		.uleb128 0x13
 495 0037 01       		.uleb128 0x1
 496 0038 13       		.uleb128 0x13
 497 0039 00       		.byte	0
 498 003a 00       		.byte	0
 499 003b 06       		.uleb128 0x6
 500 003c 21       		.uleb128 0x21
 501 003d 00       		.byte	0
 502 003e 49       		.uleb128 0x49
 503 003f 13       		.uleb128 0x13
 504 0040 2F       		.uleb128 0x2f
 505 0041 0B       		.uleb128 0xb
 506 0042 00       		.byte	0
 507 0043 00       		.byte	0
 508 0044 07       		.uleb128 0x7
 509 0045 26       		.uleb128 0x26
ARM GAS  C:\Users\robin\AppData\Local\Temp\ccCt7hGr.s 			page 10


 510 0046 00       		.byte	0
 511 0047 49       		.uleb128 0x49
 512 0048 13       		.uleb128 0x13
 513 0049 00       		.byte	0
 514 004a 00       		.byte	0
 515 004b 08       		.uleb128 0x8
 516 004c 34       		.uleb128 0x34
 517 004d 00       		.byte	0
 518 004e 03       		.uleb128 0x3
 519 004f 0E       		.uleb128 0xe
 520 0050 3A       		.uleb128 0x3a
 521 0051 0B       		.uleb128 0xb
 522 0052 3B       		.uleb128 0x3b
 523 0053 0B       		.uleb128 0xb
 524 0054 49       		.uleb128 0x49
 525 0055 13       		.uleb128 0x13
 526 0056 3F       		.uleb128 0x3f
 527 0057 19       		.uleb128 0x19
 528 0058 02       		.uleb128 0x2
 529 0059 18       		.uleb128 0x18
 530 005a 00       		.byte	0
 531 005b 00       		.byte	0
 532 005c 00       		.byte	0
 533              		.section	.debug_aranges,"",%progbits
 534 0000 14000000 		.4byte	0x14
 535 0004 0200     		.2byte	0x2
 536 0006 00000000 		.4byte	.Ldebug_info0
 537 000a 04       		.byte	0x4
 538 000b 00       		.byte	0
 539 000c 0000     		.2byte	0
 540 000e 0000     		.2byte	0
 541 0010 00000000 		.4byte	0
 542 0014 00000000 		.4byte	0
 543              		.section	.debug_line,"",%progbits
 544              	.Ldebug_line0:
 545 0000 3D010000 		.section	.debug_str,"MS",%progbits,1
 545      02003701 
 545      00000201 
 545      FB0E0D00 
 545      01010101 
 546              	.LASF9:
 547 0000 5F5F7569 		.ascii	"__uint8_t\000"
 547      6E74385F 
 547      7400
 548              	.LASF16:
 549 000a 63795F6D 		.ascii	"cy_metadata\000"
 549      65746164 
 549      61746100 
 550              	.LASF1:
 551 0016 756E7369 		.ascii	"unsigned char\000"
 551      676E6564 
 551      20636861 
 551      7200
 552              	.LASF17:
 553 0024 474E5520 		.ascii	"GNU C11 5.4.1 20160609 (release) [ARM/embedded-5-br"
 553      43313120 
 553      352E342E 
ARM GAS  C:\Users\robin\AppData\Local\Temp\ccCt7hGr.s 			page 11


 553      31203230 
 553      31363036 
 554 0057 616E6368 		.ascii	"anch revision 237715] -mcpu=cortex-m3 -mthumb -g -O"
 554      20726576 
 554      6973696F 
 554      6E203233 
 554      37373135 
 555 008a 67202D66 		.ascii	"g -ffunction-sections -ffat-lto-objects\000"
 555      66756E63 
 555      74696F6E 
 555      2D736563 
 555      74696F6E 
 556              	.LASF5:
 557 00b2 6C6F6E67 		.ascii	"long unsigned int\000"
 557      20756E73 
 557      69676E65 
 557      6420696E 
 557      7400
 558              	.LASF3:
 559 00c4 73686F72 		.ascii	"short unsigned int\000"
 559      7420756E 
 559      7369676E 
 559      65642069 
 559      6E7400
 560              	.LASF13:
 561 00d7 63795F6D 		.ascii	"cy_meta_custnvl\000"
 561      6574615F 
 561      63757374 
 561      6E766C00 
 562              	.LASF12:
 563 00e7 63795F6D 		.ascii	"cy_meta_configecc\000"
 563      6574615F 
 563      636F6E66 
 563      69676563 
 563      6300
 564              	.LASF8:
 565 00f9 756E7369 		.ascii	"unsigned int\000"
 565      676E6564 
 565      20696E74 
 565      00
 566              	.LASF7:
 567 0106 6C6F6E67 		.ascii	"long long unsigned int\000"
 567      206C6F6E 
 567      6720756E 
 567      7369676E 
 567      65642069 
 568              	.LASF10:
 569 011d 75696E74 		.ascii	"uint8_t\000"
 569      385F7400 
 570              	.LASF15:
 571 0125 63795F6D 		.ascii	"cy_meta_flashprotect\000"
 571      6574615F 
 571      666C6173 
 571      6870726F 
 571      74656374 
 572              	.LASF14:
 573 013a 63795F6D 		.ascii	"cy_meta_wonvl\000"
ARM GAS  C:\Users\robin\AppData\Local\Temp\ccCt7hGr.s 			page 12


 573      6574615F 
 573      776F6E76 
 573      6C00
 574              	.LASF11:
 575 0148 73697A65 		.ascii	"sizetype\000"
 575      74797065 
 575      00
 576              	.LASF6:
 577 0151 6C6F6E67 		.ascii	"long long int\000"
 577      206C6F6E 
 577      6720696E 
 577      7400
 578              	.LASF2:
 579 015f 73686F72 		.ascii	"short int\000"
 579      7420696E 
 579      7400
 580              	.LASF4:
 581 0169 6C6F6E67 		.ascii	"long int\000"
 581      20696E74 
 581      00
 582              	.LASF0:
 583 0172 7369676E 		.ascii	"signed char\000"
 583      65642063 
 583      68617200 
 584              	.LASF19:
 585 017e 433A5C55 		.ascii	"C:\\Users\\robin\\Universidad\\Tercero\\2o_Cuat\\DS"
 585      73657273 
 585      5C726F62 
 585      696E5C55 
 585      6E697665 
 586 01ab 455C5072 		.ascii	"E\\Practicas\\Practicas\\Practica1.cydsn\000"
 586      61637469 
 586      6361735C 
 586      50726163 
 586      74696361 
 587              	.LASF18:
 588 01d1 47656E65 		.ascii	"Generated_Source\\PSoC5\\cymetadata.c\000"
 588      72617465 
 588      645F536F 
 588      75726365 
 588      5C50536F 
 589              		.ident	"GCC: (GNU Tools for ARM Embedded Processors) 5.4.1 20160609 (release) [ARM/embedded-5-bran
