ARM GAS  C:\Users\robin\AppData\Local\Temp\ccBPsjFc.s 			page 1


   1              		.syntax unified
   2              		.cpu cortex-m3
   3              		.fpu softvfp
   4              		.eabi_attribute 20, 1
   5              		.eabi_attribute 21, 1
   6              		.eabi_attribute 23, 3
   7              		.eabi_attribute 24, 1
   8              		.eabi_attribute 25, 1
   9              		.eabi_attribute 26, 1
  10              		.eabi_attribute 30, 1
  11              		.eabi_attribute 34, 1
  12              		.eabi_attribute 18, 4
  13              		.thumb
  14              		.syntax unified
  15              		.file	"isr_1.c"
  16              		.text
  17              	.Ltext0:
  18              		.cfi_sections	.debug_frame
  19              		.section	.text.isr_1_SetVector,"ax",%progbits
  20              		.align	2
  21              		.global	isr_1_SetVector
  22              		.thumb
  23              		.thumb_func
  24              		.type	isr_1_SetVector, %function
  25              	isr_1_SetVector:
  26              	.LFB3:
  27              		.file 1 "Generated_Source\\PSoC5\\isr_1.c"
   1:Generated_Source\PSoC5/isr_1.c **** /*******************************************************************************
   2:Generated_Source\PSoC5/isr_1.c **** * File Name: isr_1.c  
   3:Generated_Source\PSoC5/isr_1.c **** * Version 1.70
   4:Generated_Source\PSoC5/isr_1.c **** *
   5:Generated_Source\PSoC5/isr_1.c **** *  Description:
   6:Generated_Source\PSoC5/isr_1.c **** *   API for controlling the state of an interrupt.
   7:Generated_Source\PSoC5/isr_1.c **** *
   8:Generated_Source\PSoC5/isr_1.c **** *
   9:Generated_Source\PSoC5/isr_1.c **** *  Note:
  10:Generated_Source\PSoC5/isr_1.c **** *
  11:Generated_Source\PSoC5/isr_1.c **** ********************************************************************************
  12:Generated_Source\PSoC5/isr_1.c **** * Copyright 2008-2015, Cypress Semiconductor Corporation.  All rights reserved.
  13:Generated_Source\PSoC5/isr_1.c **** * You may use this file only in accordance with the license, terms, conditions, 
  14:Generated_Source\PSoC5/isr_1.c **** * disclaimers, and limitations in the end user license agreement accompanying 
  15:Generated_Source\PSoC5/isr_1.c **** * the software package with which this file was provided.
  16:Generated_Source\PSoC5/isr_1.c **** *******************************************************************************/
  17:Generated_Source\PSoC5/isr_1.c **** 
  18:Generated_Source\PSoC5/isr_1.c **** 
  19:Generated_Source\PSoC5/isr_1.c **** #include <cydevice_trm.h>
  20:Generated_Source\PSoC5/isr_1.c **** #include <CyLib.h>
  21:Generated_Source\PSoC5/isr_1.c **** #include <isr_1.h>
  22:Generated_Source\PSoC5/isr_1.c **** #include "cyapicallbacks.h"
  23:Generated_Source\PSoC5/isr_1.c **** 
  24:Generated_Source\PSoC5/isr_1.c **** #if !defined(isr_1__REMOVED) /* Check for removal by optimization */
  25:Generated_Source\PSoC5/isr_1.c **** 
  26:Generated_Source\PSoC5/isr_1.c **** /*******************************************************************************
  27:Generated_Source\PSoC5/isr_1.c **** *  Place your includes, defines and code here 
  28:Generated_Source\PSoC5/isr_1.c **** ********************************************************************************/
  29:Generated_Source\PSoC5/isr_1.c **** /* `#START isr_1_intc` */
  30:Generated_Source\PSoC5/isr_1.c **** 
ARM GAS  C:\Users\robin\AppData\Local\Temp\ccBPsjFc.s 			page 2


  31:Generated_Source\PSoC5/isr_1.c **** /* `#END` */
  32:Generated_Source\PSoC5/isr_1.c **** 
  33:Generated_Source\PSoC5/isr_1.c **** #ifndef CYINT_IRQ_BASE
  34:Generated_Source\PSoC5/isr_1.c **** #define CYINT_IRQ_BASE      16
  35:Generated_Source\PSoC5/isr_1.c **** #endif /* CYINT_IRQ_BASE */
  36:Generated_Source\PSoC5/isr_1.c **** #ifndef CYINT_VECT_TABLE
  37:Generated_Source\PSoC5/isr_1.c **** #define CYINT_VECT_TABLE    ((cyisraddress **) CYREG_NVIC_VECT_OFFSET)
  38:Generated_Source\PSoC5/isr_1.c **** #endif /* CYINT_VECT_TABLE */
  39:Generated_Source\PSoC5/isr_1.c **** 
  40:Generated_Source\PSoC5/isr_1.c **** /* Declared in startup, used to set unused interrupts to. */
  41:Generated_Source\PSoC5/isr_1.c **** CY_ISR_PROTO(IntDefaultHandler);
  42:Generated_Source\PSoC5/isr_1.c **** 
  43:Generated_Source\PSoC5/isr_1.c **** 
  44:Generated_Source\PSoC5/isr_1.c **** /*******************************************************************************
  45:Generated_Source\PSoC5/isr_1.c **** * Function Name: isr_1_Start
  46:Generated_Source\PSoC5/isr_1.c **** ********************************************************************************
  47:Generated_Source\PSoC5/isr_1.c **** *
  48:Generated_Source\PSoC5/isr_1.c **** * Summary:
  49:Generated_Source\PSoC5/isr_1.c **** *  Set up the interrupt and enable it. This function disables the interrupt, 
  50:Generated_Source\PSoC5/isr_1.c **** *  sets the default interrupt vector, sets the priority from the value in the
  51:Generated_Source\PSoC5/isr_1.c **** *  Design Wide Resources Interrupt Editor, then enables the interrupt to the 
  52:Generated_Source\PSoC5/isr_1.c **** *  interrupt controller.
  53:Generated_Source\PSoC5/isr_1.c **** *
  54:Generated_Source\PSoC5/isr_1.c **** * Parameters:  
  55:Generated_Source\PSoC5/isr_1.c **** *   None
  56:Generated_Source\PSoC5/isr_1.c **** *
  57:Generated_Source\PSoC5/isr_1.c **** * Return:
  58:Generated_Source\PSoC5/isr_1.c **** *   None
  59:Generated_Source\PSoC5/isr_1.c **** *
  60:Generated_Source\PSoC5/isr_1.c **** *******************************************************************************/
  61:Generated_Source\PSoC5/isr_1.c **** void isr_1_Start(void)
  62:Generated_Source\PSoC5/isr_1.c **** {
  63:Generated_Source\PSoC5/isr_1.c ****     /* For all we know the interrupt is active. */
  64:Generated_Source\PSoC5/isr_1.c ****     isr_1_Disable();
  65:Generated_Source\PSoC5/isr_1.c **** 
  66:Generated_Source\PSoC5/isr_1.c ****     /* Set the ISR to point to the isr_1 Interrupt. */
  67:Generated_Source\PSoC5/isr_1.c ****     isr_1_SetVector(&isr_1_Interrupt);
  68:Generated_Source\PSoC5/isr_1.c **** 
  69:Generated_Source\PSoC5/isr_1.c ****     /* Set the priority. */
  70:Generated_Source\PSoC5/isr_1.c ****     isr_1_SetPriority((uint8)isr_1_INTC_PRIOR_NUMBER);
  71:Generated_Source\PSoC5/isr_1.c **** 
  72:Generated_Source\PSoC5/isr_1.c ****     /* Enable it. */
  73:Generated_Source\PSoC5/isr_1.c ****     isr_1_Enable();
  74:Generated_Source\PSoC5/isr_1.c **** }
  75:Generated_Source\PSoC5/isr_1.c **** 
  76:Generated_Source\PSoC5/isr_1.c **** 
  77:Generated_Source\PSoC5/isr_1.c **** /*******************************************************************************
  78:Generated_Source\PSoC5/isr_1.c **** * Function Name: isr_1_StartEx
  79:Generated_Source\PSoC5/isr_1.c **** ********************************************************************************
  80:Generated_Source\PSoC5/isr_1.c **** *
  81:Generated_Source\PSoC5/isr_1.c **** * Summary:
  82:Generated_Source\PSoC5/isr_1.c **** *  Sets up the interrupt and enables it. This function disables the interrupt,
  83:Generated_Source\PSoC5/isr_1.c **** *  sets the interrupt vector based on the address passed in, sets the priority 
  84:Generated_Source\PSoC5/isr_1.c **** *  from the value in the Design Wide Resources Interrupt Editor, then enables 
  85:Generated_Source\PSoC5/isr_1.c **** *  the interrupt to the interrupt controller.
  86:Generated_Source\PSoC5/isr_1.c **** *  
  87:Generated_Source\PSoC5/isr_1.c **** *  When defining ISR functions, the CY_ISR and CY_ISR_PROTO macros should be 
ARM GAS  C:\Users\robin\AppData\Local\Temp\ccBPsjFc.s 			page 3


  88:Generated_Source\PSoC5/isr_1.c **** *  used to provide consistent definition across compilers:
  89:Generated_Source\PSoC5/isr_1.c **** *  
  90:Generated_Source\PSoC5/isr_1.c **** *  Function definition example:
  91:Generated_Source\PSoC5/isr_1.c **** *   CY_ISR(MyISR)
  92:Generated_Source\PSoC5/isr_1.c **** *   {
  93:Generated_Source\PSoC5/isr_1.c **** *   }
  94:Generated_Source\PSoC5/isr_1.c **** *   Function prototype example:
  95:Generated_Source\PSoC5/isr_1.c **** *   CY_ISR_PROTO(MyISR);
  96:Generated_Source\PSoC5/isr_1.c **** *
  97:Generated_Source\PSoC5/isr_1.c **** * Parameters:  
  98:Generated_Source\PSoC5/isr_1.c **** *   address: Address of the ISR to set in the interrupt vector table.
  99:Generated_Source\PSoC5/isr_1.c **** *
 100:Generated_Source\PSoC5/isr_1.c **** * Return:
 101:Generated_Source\PSoC5/isr_1.c **** *   None
 102:Generated_Source\PSoC5/isr_1.c **** *
 103:Generated_Source\PSoC5/isr_1.c **** *******************************************************************************/
 104:Generated_Source\PSoC5/isr_1.c **** void isr_1_StartEx(cyisraddress address)
 105:Generated_Source\PSoC5/isr_1.c **** {
 106:Generated_Source\PSoC5/isr_1.c ****     /* For all we know the interrupt is active. */
 107:Generated_Source\PSoC5/isr_1.c ****     isr_1_Disable();
 108:Generated_Source\PSoC5/isr_1.c **** 
 109:Generated_Source\PSoC5/isr_1.c ****     /* Set the ISR to point to the isr_1 Interrupt. */
 110:Generated_Source\PSoC5/isr_1.c ****     isr_1_SetVector(address);
 111:Generated_Source\PSoC5/isr_1.c **** 
 112:Generated_Source\PSoC5/isr_1.c ****     /* Set the priority. */
 113:Generated_Source\PSoC5/isr_1.c ****     isr_1_SetPriority((uint8)isr_1_INTC_PRIOR_NUMBER);
 114:Generated_Source\PSoC5/isr_1.c **** 
 115:Generated_Source\PSoC5/isr_1.c ****     /* Enable it. */
 116:Generated_Source\PSoC5/isr_1.c ****     isr_1_Enable();
 117:Generated_Source\PSoC5/isr_1.c **** }
 118:Generated_Source\PSoC5/isr_1.c **** 
 119:Generated_Source\PSoC5/isr_1.c **** 
 120:Generated_Source\PSoC5/isr_1.c **** /*******************************************************************************
 121:Generated_Source\PSoC5/isr_1.c **** * Function Name: isr_1_Stop
 122:Generated_Source\PSoC5/isr_1.c **** ********************************************************************************
 123:Generated_Source\PSoC5/isr_1.c **** *
 124:Generated_Source\PSoC5/isr_1.c **** * Summary:
 125:Generated_Source\PSoC5/isr_1.c **** *   Disables and removes the interrupt.
 126:Generated_Source\PSoC5/isr_1.c **** *
 127:Generated_Source\PSoC5/isr_1.c **** * Parameters:  
 128:Generated_Source\PSoC5/isr_1.c **** *   None
 129:Generated_Source\PSoC5/isr_1.c **** *
 130:Generated_Source\PSoC5/isr_1.c **** * Return:
 131:Generated_Source\PSoC5/isr_1.c **** *   None
 132:Generated_Source\PSoC5/isr_1.c **** *
 133:Generated_Source\PSoC5/isr_1.c **** *******************************************************************************/
 134:Generated_Source\PSoC5/isr_1.c **** void isr_1_Stop(void)
 135:Generated_Source\PSoC5/isr_1.c **** {
 136:Generated_Source\PSoC5/isr_1.c ****     /* Disable this interrupt. */
 137:Generated_Source\PSoC5/isr_1.c ****     isr_1_Disable();
 138:Generated_Source\PSoC5/isr_1.c **** 
 139:Generated_Source\PSoC5/isr_1.c ****     /* Set the ISR to point to the passive one. */
 140:Generated_Source\PSoC5/isr_1.c ****     isr_1_SetVector(&IntDefaultHandler);
 141:Generated_Source\PSoC5/isr_1.c **** }
 142:Generated_Source\PSoC5/isr_1.c **** 
 143:Generated_Source\PSoC5/isr_1.c **** 
 144:Generated_Source\PSoC5/isr_1.c **** /*******************************************************************************
ARM GAS  C:\Users\robin\AppData\Local\Temp\ccBPsjFc.s 			page 4


 145:Generated_Source\PSoC5/isr_1.c **** * Function Name: isr_1_Interrupt
 146:Generated_Source\PSoC5/isr_1.c **** ********************************************************************************
 147:Generated_Source\PSoC5/isr_1.c **** *
 148:Generated_Source\PSoC5/isr_1.c **** * Summary:
 149:Generated_Source\PSoC5/isr_1.c **** *   The default Interrupt Service Routine for isr_1.
 150:Generated_Source\PSoC5/isr_1.c **** *
 151:Generated_Source\PSoC5/isr_1.c **** *   Add custom code between the coments to keep the next version of this file
 152:Generated_Source\PSoC5/isr_1.c **** *   from over writting your code.
 153:Generated_Source\PSoC5/isr_1.c **** *
 154:Generated_Source\PSoC5/isr_1.c **** * Parameters:  
 155:Generated_Source\PSoC5/isr_1.c **** *
 156:Generated_Source\PSoC5/isr_1.c **** * Return:
 157:Generated_Source\PSoC5/isr_1.c **** *   None
 158:Generated_Source\PSoC5/isr_1.c **** *
 159:Generated_Source\PSoC5/isr_1.c **** *******************************************************************************/
 160:Generated_Source\PSoC5/isr_1.c **** 
 161:Generated_Source\PSoC5/isr_1.c **** 
 162:Generated_Source\PSoC5/isr_1.c **** 
 163:Generated_Source\PSoC5/isr_1.c **** /*******************************************************************************
 164:Generated_Source\PSoC5/isr_1.c **** * Function Name: isr_1_SetVector
 165:Generated_Source\PSoC5/isr_1.c **** ********************************************************************************
 166:Generated_Source\PSoC5/isr_1.c **** *
 167:Generated_Source\PSoC5/isr_1.c **** * Summary:
 168:Generated_Source\PSoC5/isr_1.c **** *   Change the ISR vector for the Interrupt. Note calling isr_1_Start
 169:Generated_Source\PSoC5/isr_1.c **** *   will override any effect this method would have had. To set the vector 
 170:Generated_Source\PSoC5/isr_1.c **** *   before the component has been started use isr_1_StartEx instead.
 171:Generated_Source\PSoC5/isr_1.c **** * 
 172:Generated_Source\PSoC5/isr_1.c **** *   When defining ISR functions, the CY_ISR and CY_ISR_PROTO macros should be 
 173:Generated_Source\PSoC5/isr_1.c **** *   used to provide consistent definition across compilers:
 174:Generated_Source\PSoC5/isr_1.c **** *
 175:Generated_Source\PSoC5/isr_1.c **** *   Function definition example:
 176:Generated_Source\PSoC5/isr_1.c **** *   CY_ISR(MyISR)
 177:Generated_Source\PSoC5/isr_1.c **** *   {
 178:Generated_Source\PSoC5/isr_1.c **** *   }
 179:Generated_Source\PSoC5/isr_1.c **** *
 180:Generated_Source\PSoC5/isr_1.c **** *   Function prototype example:
 181:Generated_Source\PSoC5/isr_1.c **** *     CY_ISR_PROTO(MyISR);
 182:Generated_Source\PSoC5/isr_1.c **** *
 183:Generated_Source\PSoC5/isr_1.c **** * Parameters:
 184:Generated_Source\PSoC5/isr_1.c **** *   address: Address of the ISR to set in the interrupt vector table.
 185:Generated_Source\PSoC5/isr_1.c **** *
 186:Generated_Source\PSoC5/isr_1.c **** * Return:
 187:Generated_Source\PSoC5/isr_1.c **** *   None
 188:Generated_Source\PSoC5/isr_1.c **** *
 189:Generated_Source\PSoC5/isr_1.c **** *******************************************************************************/
 190:Generated_Source\PSoC5/isr_1.c **** void isr_1_SetVector(cyisraddress address)
 191:Generated_Source\PSoC5/isr_1.c **** {
  28              		.loc 1 191 0
  29              		.cfi_startproc
  30              		@ args = 0, pretend = 0, frame = 0
  31              		@ frame_needed = 0, uses_anonymous_args = 0
  32              		@ link register save eliminated.
  33              	.LVL0:
 192:Generated_Source\PSoC5/isr_1.c ****     cyisraddress * ramVectorTable;
 193:Generated_Source\PSoC5/isr_1.c **** 
 194:Generated_Source\PSoC5/isr_1.c ****     ramVectorTable = (cyisraddress *) *CYINT_VECT_TABLE;
  34              		.loc 1 194 0
ARM GAS  C:\Users\robin\AppData\Local\Temp\ccBPsjFc.s 			page 5


  35 0000 014B     		ldr	r3, .L2
  36 0002 1B68     		ldr	r3, [r3]
  37              	.LVL1:
 195:Generated_Source\PSoC5/isr_1.c **** 
 196:Generated_Source\PSoC5/isr_1.c ****     ramVectorTable[CYINT_IRQ_BASE + (uint32)isr_1__INTC_NUMBER] = address;
  38              		.loc 1 196 0
  39 0004 1864     		str	r0, [r3, #64]
  40 0006 7047     		bx	lr
  41              	.L3:
  42              		.align	2
  43              	.L2:
  44 0008 08ED00E0 		.word	-536810232
  45              		.cfi_endproc
  46              	.LFE3:
  47              		.size	isr_1_SetVector, .-isr_1_SetVector
  48              		.section	.text.isr_1_GetVector,"ax",%progbits
  49              		.align	2
  50              		.global	isr_1_GetVector
  51              		.thumb
  52              		.thumb_func
  53              		.type	isr_1_GetVector, %function
  54              	isr_1_GetVector:
  55              	.LFB4:
 197:Generated_Source\PSoC5/isr_1.c **** }
 198:Generated_Source\PSoC5/isr_1.c **** 
 199:Generated_Source\PSoC5/isr_1.c **** 
 200:Generated_Source\PSoC5/isr_1.c **** /*******************************************************************************
 201:Generated_Source\PSoC5/isr_1.c **** * Function Name: isr_1_GetVector
 202:Generated_Source\PSoC5/isr_1.c **** ********************************************************************************
 203:Generated_Source\PSoC5/isr_1.c **** *
 204:Generated_Source\PSoC5/isr_1.c **** * Summary:
 205:Generated_Source\PSoC5/isr_1.c **** *   Gets the "address" of the current ISR vector for the Interrupt.
 206:Generated_Source\PSoC5/isr_1.c **** *
 207:Generated_Source\PSoC5/isr_1.c **** * Parameters:
 208:Generated_Source\PSoC5/isr_1.c **** *   None
 209:Generated_Source\PSoC5/isr_1.c **** *
 210:Generated_Source\PSoC5/isr_1.c **** * Return:
 211:Generated_Source\PSoC5/isr_1.c **** *   Address of the ISR in the interrupt vector table.
 212:Generated_Source\PSoC5/isr_1.c **** *
 213:Generated_Source\PSoC5/isr_1.c **** *******************************************************************************/
 214:Generated_Source\PSoC5/isr_1.c **** cyisraddress isr_1_GetVector(void)
 215:Generated_Source\PSoC5/isr_1.c **** {
  56              		.loc 1 215 0
  57              		.cfi_startproc
  58              		@ args = 0, pretend = 0, frame = 0
  59              		@ frame_needed = 0, uses_anonymous_args = 0
  60              		@ link register save eliminated.
 216:Generated_Source\PSoC5/isr_1.c ****     cyisraddress * ramVectorTable;
 217:Generated_Source\PSoC5/isr_1.c **** 
 218:Generated_Source\PSoC5/isr_1.c ****     ramVectorTable = (cyisraddress *) *CYINT_VECT_TABLE;
  61              		.loc 1 218 0
  62 0000 014B     		ldr	r3, .L5
  63 0002 1B68     		ldr	r3, [r3]
  64              	.LVL2:
 219:Generated_Source\PSoC5/isr_1.c **** 
 220:Generated_Source\PSoC5/isr_1.c ****     return ramVectorTable[CYINT_IRQ_BASE + (uint32)isr_1__INTC_NUMBER];
 221:Generated_Source\PSoC5/isr_1.c **** }
ARM GAS  C:\Users\robin\AppData\Local\Temp\ccBPsjFc.s 			page 6


  65              		.loc 1 221 0
  66 0004 186C     		ldr	r0, [r3, #64]
  67 0006 7047     		bx	lr
  68              	.L6:
  69              		.align	2
  70              	.L5:
  71 0008 08ED00E0 		.word	-536810232
  72              		.cfi_endproc
  73              	.LFE4:
  74              		.size	isr_1_GetVector, .-isr_1_GetVector
  75              		.section	.text.isr_1_SetPriority,"ax",%progbits
  76              		.align	2
  77              		.global	isr_1_SetPriority
  78              		.thumb
  79              		.thumb_func
  80              		.type	isr_1_SetPriority, %function
  81              	isr_1_SetPriority:
  82              	.LFB5:
 222:Generated_Source\PSoC5/isr_1.c **** 
 223:Generated_Source\PSoC5/isr_1.c **** 
 224:Generated_Source\PSoC5/isr_1.c **** /*******************************************************************************
 225:Generated_Source\PSoC5/isr_1.c **** * Function Name: isr_1_SetPriority
 226:Generated_Source\PSoC5/isr_1.c **** ********************************************************************************
 227:Generated_Source\PSoC5/isr_1.c **** *
 228:Generated_Source\PSoC5/isr_1.c **** * Summary:
 229:Generated_Source\PSoC5/isr_1.c **** *   Sets the Priority of the Interrupt. 
 230:Generated_Source\PSoC5/isr_1.c **** *
 231:Generated_Source\PSoC5/isr_1.c **** *   Note calling isr_1_Start or isr_1_StartEx will 
 232:Generated_Source\PSoC5/isr_1.c **** *   override any effect this API would have had. This API should only be called
 233:Generated_Source\PSoC5/isr_1.c **** *   after isr_1_Start or isr_1_StartEx has been called. 
 234:Generated_Source\PSoC5/isr_1.c **** *   To set the initial priority for the component, use the Design-Wide Resources
 235:Generated_Source\PSoC5/isr_1.c **** *   Interrupt Editor.
 236:Generated_Source\PSoC5/isr_1.c **** *
 237:Generated_Source\PSoC5/isr_1.c **** *   Note This API has no effect on Non-maskable interrupt NMI).
 238:Generated_Source\PSoC5/isr_1.c **** *
 239:Generated_Source\PSoC5/isr_1.c **** * Parameters:
 240:Generated_Source\PSoC5/isr_1.c **** *   priority: Priority of the interrupt, 0 being the highest priority
 241:Generated_Source\PSoC5/isr_1.c **** *             PSoC 3 and PSoC 5LP: Priority is from 0 to 7.
 242:Generated_Source\PSoC5/isr_1.c **** *             PSoC 4: Priority is from 0 to 3.
 243:Generated_Source\PSoC5/isr_1.c **** *
 244:Generated_Source\PSoC5/isr_1.c **** * Return:
 245:Generated_Source\PSoC5/isr_1.c **** *   None
 246:Generated_Source\PSoC5/isr_1.c **** *
 247:Generated_Source\PSoC5/isr_1.c **** *******************************************************************************/
 248:Generated_Source\PSoC5/isr_1.c **** void isr_1_SetPriority(uint8 priority)
 249:Generated_Source\PSoC5/isr_1.c **** {
  83              		.loc 1 249 0
  84              		.cfi_startproc
  85              		@ args = 0, pretend = 0, frame = 0
  86              		@ frame_needed = 0, uses_anonymous_args = 0
  87              		@ link register save eliminated.
  88              	.LVL3:
 250:Generated_Source\PSoC5/isr_1.c ****     *isr_1_INTC_PRIOR = priority << 5;
  89              		.loc 1 250 0
  90 0000 4001     		lsls	r0, r0, #5
  91              	.LVL4:
  92 0002 C0B2     		uxtb	r0, r0
ARM GAS  C:\Users\robin\AppData\Local\Temp\ccBPsjFc.s 			page 7


  93 0004 014B     		ldr	r3, .L8
  94 0006 1870     		strb	r0, [r3]
  95 0008 7047     		bx	lr
  96              	.L9:
  97 000a 00BF     		.align	2
  98              	.L8:
  99 000c 00E400E0 		.word	-536812544
 100              		.cfi_endproc
 101              	.LFE5:
 102              		.size	isr_1_SetPriority, .-isr_1_SetPriority
 103              		.section	.text.isr_1_GetPriority,"ax",%progbits
 104              		.align	2
 105              		.global	isr_1_GetPriority
 106              		.thumb
 107              		.thumb_func
 108              		.type	isr_1_GetPriority, %function
 109              	isr_1_GetPriority:
 110              	.LFB6:
 251:Generated_Source\PSoC5/isr_1.c **** }
 252:Generated_Source\PSoC5/isr_1.c **** 
 253:Generated_Source\PSoC5/isr_1.c **** 
 254:Generated_Source\PSoC5/isr_1.c **** /*******************************************************************************
 255:Generated_Source\PSoC5/isr_1.c **** * Function Name: isr_1_GetPriority
 256:Generated_Source\PSoC5/isr_1.c **** ********************************************************************************
 257:Generated_Source\PSoC5/isr_1.c **** *
 258:Generated_Source\PSoC5/isr_1.c **** * Summary:
 259:Generated_Source\PSoC5/isr_1.c **** *   Gets the Priority of the Interrupt.
 260:Generated_Source\PSoC5/isr_1.c **** *
 261:Generated_Source\PSoC5/isr_1.c **** * Parameters:
 262:Generated_Source\PSoC5/isr_1.c **** *   None
 263:Generated_Source\PSoC5/isr_1.c **** *
 264:Generated_Source\PSoC5/isr_1.c **** * Return:
 265:Generated_Source\PSoC5/isr_1.c **** *   Priority of the interrupt, 0 being the highest priority
 266:Generated_Source\PSoC5/isr_1.c **** *    PSoC 3 and PSoC 5LP: Priority is from 0 to 7.
 267:Generated_Source\PSoC5/isr_1.c **** *    PSoC 4: Priority is from 0 to 3.
 268:Generated_Source\PSoC5/isr_1.c **** *
 269:Generated_Source\PSoC5/isr_1.c **** *******************************************************************************/
 270:Generated_Source\PSoC5/isr_1.c **** uint8 isr_1_GetPriority(void)
 271:Generated_Source\PSoC5/isr_1.c **** {
 111              		.loc 1 271 0
 112              		.cfi_startproc
 113              		@ args = 0, pretend = 0, frame = 0
 114              		@ frame_needed = 0, uses_anonymous_args = 0
 115              		@ link register save eliminated.
 272:Generated_Source\PSoC5/isr_1.c ****     uint8 priority;
 273:Generated_Source\PSoC5/isr_1.c **** 
 274:Generated_Source\PSoC5/isr_1.c **** 
 275:Generated_Source\PSoC5/isr_1.c ****     priority = *isr_1_INTC_PRIOR >> 5;
 116              		.loc 1 275 0
 117 0000 014B     		ldr	r3, .L11
 118 0002 1878     		ldrb	r0, [r3]	@ zero_extendqisi2
 119              	.LVL5:
 276:Generated_Source\PSoC5/isr_1.c **** 
 277:Generated_Source\PSoC5/isr_1.c ****     return priority;
 278:Generated_Source\PSoC5/isr_1.c **** }
 120              		.loc 1 278 0
 121 0004 4009     		lsrs	r0, r0, #5
ARM GAS  C:\Users\robin\AppData\Local\Temp\ccBPsjFc.s 			page 8


 122              	.LVL6:
 123 0006 7047     		bx	lr
 124              	.L12:
 125              		.align	2
 126              	.L11:
 127 0008 00E400E0 		.word	-536812544
 128              		.cfi_endproc
 129              	.LFE6:
 130              		.size	isr_1_GetPriority, .-isr_1_GetPriority
 131              		.section	.text.isr_1_Enable,"ax",%progbits
 132              		.align	2
 133              		.global	isr_1_Enable
 134              		.thumb
 135              		.thumb_func
 136              		.type	isr_1_Enable, %function
 137              	isr_1_Enable:
 138              	.LFB7:
 279:Generated_Source\PSoC5/isr_1.c **** 
 280:Generated_Source\PSoC5/isr_1.c **** 
 281:Generated_Source\PSoC5/isr_1.c **** /*******************************************************************************
 282:Generated_Source\PSoC5/isr_1.c **** * Function Name: isr_1_Enable
 283:Generated_Source\PSoC5/isr_1.c **** ********************************************************************************
 284:Generated_Source\PSoC5/isr_1.c **** *
 285:Generated_Source\PSoC5/isr_1.c **** * Summary:
 286:Generated_Source\PSoC5/isr_1.c **** *   Enables the interrupt to the interrupt controller. Do not call this function
 287:Generated_Source\PSoC5/isr_1.c **** *   unless ISR_Start() has been called or the functionality of the ISR_Start() 
 288:Generated_Source\PSoC5/isr_1.c **** *   function, which sets the vector and the priority, has been called.
 289:Generated_Source\PSoC5/isr_1.c **** *
 290:Generated_Source\PSoC5/isr_1.c **** * Parameters:
 291:Generated_Source\PSoC5/isr_1.c **** *   None
 292:Generated_Source\PSoC5/isr_1.c **** *
 293:Generated_Source\PSoC5/isr_1.c **** * Return:
 294:Generated_Source\PSoC5/isr_1.c **** *   None
 295:Generated_Source\PSoC5/isr_1.c **** *
 296:Generated_Source\PSoC5/isr_1.c **** *******************************************************************************/
 297:Generated_Source\PSoC5/isr_1.c **** void isr_1_Enable(void)
 298:Generated_Source\PSoC5/isr_1.c **** {
 139              		.loc 1 298 0
 140              		.cfi_startproc
 141              		@ args = 0, pretend = 0, frame = 0
 142              		@ frame_needed = 0, uses_anonymous_args = 0
 143              		@ link register save eliminated.
 299:Generated_Source\PSoC5/isr_1.c ****     /* Enable the general interrupt. */
 300:Generated_Source\PSoC5/isr_1.c ****     *isr_1_INTC_SET_EN = isr_1__INTC_MASK;
 144              		.loc 1 300 0
 145 0000 0122     		movs	r2, #1
 146 0002 014B     		ldr	r3, .L14
 147 0004 1A60     		str	r2, [r3]
 148 0006 7047     		bx	lr
 149              	.L15:
 150              		.align	2
 151              	.L14:
 152 0008 00E100E0 		.word	-536813312
 153              		.cfi_endproc
 154              	.LFE7:
 155              		.size	isr_1_Enable, .-isr_1_Enable
 156              		.section	.text.isr_1_GetState,"ax",%progbits
ARM GAS  C:\Users\robin\AppData\Local\Temp\ccBPsjFc.s 			page 9


 157              		.align	2
 158              		.global	isr_1_GetState
 159              		.thumb
 160              		.thumb_func
 161              		.type	isr_1_GetState, %function
 162              	isr_1_GetState:
 163              	.LFB8:
 301:Generated_Source\PSoC5/isr_1.c **** }
 302:Generated_Source\PSoC5/isr_1.c **** 
 303:Generated_Source\PSoC5/isr_1.c **** 
 304:Generated_Source\PSoC5/isr_1.c **** /*******************************************************************************
 305:Generated_Source\PSoC5/isr_1.c **** * Function Name: isr_1_GetState
 306:Generated_Source\PSoC5/isr_1.c **** ********************************************************************************
 307:Generated_Source\PSoC5/isr_1.c **** *
 308:Generated_Source\PSoC5/isr_1.c **** * Summary:
 309:Generated_Source\PSoC5/isr_1.c **** *   Gets the state (enabled, disabled) of the Interrupt.
 310:Generated_Source\PSoC5/isr_1.c **** *
 311:Generated_Source\PSoC5/isr_1.c **** * Parameters:
 312:Generated_Source\PSoC5/isr_1.c **** *   None
 313:Generated_Source\PSoC5/isr_1.c **** *
 314:Generated_Source\PSoC5/isr_1.c **** * Return:
 315:Generated_Source\PSoC5/isr_1.c **** *   1 if enabled, 0 if disabled.
 316:Generated_Source\PSoC5/isr_1.c **** *
 317:Generated_Source\PSoC5/isr_1.c **** *******************************************************************************/
 318:Generated_Source\PSoC5/isr_1.c **** uint8 isr_1_GetState(void)
 319:Generated_Source\PSoC5/isr_1.c **** {
 164              		.loc 1 319 0
 165              		.cfi_startproc
 166              		@ args = 0, pretend = 0, frame = 0
 167              		@ frame_needed = 0, uses_anonymous_args = 0
 168              		@ link register save eliminated.
 320:Generated_Source\PSoC5/isr_1.c ****     /* Get the state of the general interrupt. */
 321:Generated_Source\PSoC5/isr_1.c ****     return ((*isr_1_INTC_SET_EN & (uint32)isr_1__INTC_MASK) != 0u) ? 1u:0u;
 169              		.loc 1 321 0
 170 0000 024B     		ldr	r3, .L17
 171 0002 1868     		ldr	r0, [r3]
 322:Generated_Source\PSoC5/isr_1.c **** }
 172              		.loc 1 322 0
 173 0004 00F00100 		and	r0, r0, #1
 174 0008 7047     		bx	lr
 175              	.L18:
 176 000a 00BF     		.align	2
 177              	.L17:
 178 000c 00E100E0 		.word	-536813312
 179              		.cfi_endproc
 180              	.LFE8:
 181              		.size	isr_1_GetState, .-isr_1_GetState
 182              		.section	.text.isr_1_Disable,"ax",%progbits
 183              		.align	2
 184              		.global	isr_1_Disable
 185              		.thumb
 186              		.thumb_func
 187              		.type	isr_1_Disable, %function
 188              	isr_1_Disable:
 189              	.LFB9:
 323:Generated_Source\PSoC5/isr_1.c **** 
 324:Generated_Source\PSoC5/isr_1.c **** 
ARM GAS  C:\Users\robin\AppData\Local\Temp\ccBPsjFc.s 			page 10


 325:Generated_Source\PSoC5/isr_1.c **** /*******************************************************************************
 326:Generated_Source\PSoC5/isr_1.c **** * Function Name: isr_1_Disable
 327:Generated_Source\PSoC5/isr_1.c **** ********************************************************************************
 328:Generated_Source\PSoC5/isr_1.c **** *
 329:Generated_Source\PSoC5/isr_1.c **** * Summary:
 330:Generated_Source\PSoC5/isr_1.c **** *   Disables the Interrupt in the interrupt controller.
 331:Generated_Source\PSoC5/isr_1.c **** *
 332:Generated_Source\PSoC5/isr_1.c **** * Parameters:
 333:Generated_Source\PSoC5/isr_1.c **** *   None
 334:Generated_Source\PSoC5/isr_1.c **** *
 335:Generated_Source\PSoC5/isr_1.c **** * Return:
 336:Generated_Source\PSoC5/isr_1.c **** *   None
 337:Generated_Source\PSoC5/isr_1.c **** *
 338:Generated_Source\PSoC5/isr_1.c **** *******************************************************************************/
 339:Generated_Source\PSoC5/isr_1.c **** void isr_1_Disable(void)
 340:Generated_Source\PSoC5/isr_1.c **** {
 190              		.loc 1 340 0
 191              		.cfi_startproc
 192              		@ args = 0, pretend = 0, frame = 0
 193              		@ frame_needed = 0, uses_anonymous_args = 0
 194              		@ link register save eliminated.
 341:Generated_Source\PSoC5/isr_1.c ****     /* Disable the general interrupt. */
 342:Generated_Source\PSoC5/isr_1.c ****     *isr_1_INTC_CLR_EN = isr_1__INTC_MASK;
 195              		.loc 1 342 0
 196 0000 0122     		movs	r2, #1
 197 0002 014B     		ldr	r3, .L20
 198 0004 1A60     		str	r2, [r3]
 199 0006 7047     		bx	lr
 200              	.L21:
 201              		.align	2
 202              	.L20:
 203 0008 80E100E0 		.word	-536813184
 204              		.cfi_endproc
 205              	.LFE9:
 206              		.size	isr_1_Disable, .-isr_1_Disable
 207              		.section	.text.isr_1_Start,"ax",%progbits
 208              		.align	2
 209              		.global	isr_1_Start
 210              		.thumb
 211              		.thumb_func
 212              		.type	isr_1_Start, %function
 213              	isr_1_Start:
 214              	.LFB0:
  62:Generated_Source\PSoC5/isr_1.c ****     /* For all we know the interrupt is active. */
 215              		.loc 1 62 0
 216              		.cfi_startproc
 217              		@ args = 0, pretend = 0, frame = 0
 218              		@ frame_needed = 0, uses_anonymous_args = 0
 219 0000 08B5     		push	{r3, lr}
 220              		.cfi_def_cfa_offset 8
 221              		.cfi_offset 3, -8
 222              		.cfi_offset 14, -4
  64:Generated_Source\PSoC5/isr_1.c **** 
 223              		.loc 1 64 0
 224 0002 FFF7FEFF 		bl	isr_1_Disable
 225              	.LVL7:
  67:Generated_Source\PSoC5/isr_1.c **** 
ARM GAS  C:\Users\robin\AppData\Local\Temp\ccBPsjFc.s 			page 11


 226              		.loc 1 67 0
 227 0006 0448     		ldr	r0, .L24
 228 0008 FFF7FEFF 		bl	isr_1_SetVector
 229              	.LVL8:
  70:Generated_Source\PSoC5/isr_1.c **** 
 230              		.loc 1 70 0
 231 000c 0720     		movs	r0, #7
 232 000e FFF7FEFF 		bl	isr_1_SetPriority
 233              	.LVL9:
  73:Generated_Source\PSoC5/isr_1.c **** }
 234              		.loc 1 73 0
 235 0012 FFF7FEFF 		bl	isr_1_Enable
 236              	.LVL10:
 237 0016 08BD     		pop	{r3, pc}
 238              	.L25:
 239              		.align	2
 240              	.L24:
 241 0018 00000000 		.word	isr_1_Interrupt
 242              		.cfi_endproc
 243              	.LFE0:
 244              		.size	isr_1_Start, .-isr_1_Start
 245              		.section	.text.isr_1_StartEx,"ax",%progbits
 246              		.align	2
 247              		.global	isr_1_StartEx
 248              		.thumb
 249              		.thumb_func
 250              		.type	isr_1_StartEx, %function
 251              	isr_1_StartEx:
 252              	.LFB1:
 105:Generated_Source\PSoC5/isr_1.c ****     /* For all we know the interrupt is active. */
 253              		.loc 1 105 0
 254              		.cfi_startproc
 255              		@ args = 0, pretend = 0, frame = 0
 256              		@ frame_needed = 0, uses_anonymous_args = 0
 257              	.LVL11:
 258 0000 10B5     		push	{r4, lr}
 259              		.cfi_def_cfa_offset 8
 260              		.cfi_offset 4, -8
 261              		.cfi_offset 14, -4
 262 0002 0446     		mov	r4, r0
 107:Generated_Source\PSoC5/isr_1.c **** 
 263              		.loc 1 107 0
 264 0004 FFF7FEFF 		bl	isr_1_Disable
 265              	.LVL12:
 110:Generated_Source\PSoC5/isr_1.c **** 
 266              		.loc 1 110 0
 267 0008 2046     		mov	r0, r4
 268 000a FFF7FEFF 		bl	isr_1_SetVector
 269              	.LVL13:
 113:Generated_Source\PSoC5/isr_1.c **** 
 270              		.loc 1 113 0
 271 000e 0720     		movs	r0, #7
 272 0010 FFF7FEFF 		bl	isr_1_SetPriority
 273              	.LVL14:
 116:Generated_Source\PSoC5/isr_1.c **** }
 274              		.loc 1 116 0
 275 0014 FFF7FEFF 		bl	isr_1_Enable
ARM GAS  C:\Users\robin\AppData\Local\Temp\ccBPsjFc.s 			page 12


 276              	.LVL15:
 277 0018 10BD     		pop	{r4, pc}
 278              		.cfi_endproc
 279              	.LFE1:
 280              		.size	isr_1_StartEx, .-isr_1_StartEx
 281 001a 00BF     		.section	.text.isr_1_Stop,"ax",%progbits
 282              		.align	2
 283              		.global	isr_1_Stop
 284              		.thumb
 285              		.thumb_func
 286              		.type	isr_1_Stop, %function
 287              	isr_1_Stop:
 288              	.LFB2:
 135:Generated_Source\PSoC5/isr_1.c ****     /* Disable this interrupt. */
 289              		.loc 1 135 0
 290              		.cfi_startproc
 291              		@ args = 0, pretend = 0, frame = 0
 292              		@ frame_needed = 0, uses_anonymous_args = 0
 293 0000 08B5     		push	{r3, lr}
 294              		.cfi_def_cfa_offset 8
 295              		.cfi_offset 3, -8
 296              		.cfi_offset 14, -4
 137:Generated_Source\PSoC5/isr_1.c **** 
 297              		.loc 1 137 0
 298 0002 FFF7FEFF 		bl	isr_1_Disable
 299              	.LVL16:
 140:Generated_Source\PSoC5/isr_1.c **** }
 300              		.loc 1 140 0
 301 0006 0248     		ldr	r0, .L30
 302 0008 FFF7FEFF 		bl	isr_1_SetVector
 303              	.LVL17:
 304 000c 08BD     		pop	{r3, pc}
 305              	.L31:
 306 000e 00BF     		.align	2
 307              	.L30:
 308 0010 00000000 		.word	IntDefaultHandler
 309              		.cfi_endproc
 310              	.LFE2:
 311              		.size	isr_1_Stop, .-isr_1_Stop
 312              		.section	.text.isr_1_SetPending,"ax",%progbits
 313              		.align	2
 314              		.global	isr_1_SetPending
 315              		.thumb
 316              		.thumb_func
 317              		.type	isr_1_SetPending, %function
 318              	isr_1_SetPending:
 319              	.LFB10:
 343:Generated_Source\PSoC5/isr_1.c **** }
 344:Generated_Source\PSoC5/isr_1.c **** 
 345:Generated_Source\PSoC5/isr_1.c **** 
 346:Generated_Source\PSoC5/isr_1.c **** /*******************************************************************************
 347:Generated_Source\PSoC5/isr_1.c **** * Function Name: isr_1_SetPending
 348:Generated_Source\PSoC5/isr_1.c **** ********************************************************************************
 349:Generated_Source\PSoC5/isr_1.c **** *
 350:Generated_Source\PSoC5/isr_1.c **** * Summary:
 351:Generated_Source\PSoC5/isr_1.c **** *   Causes the Interrupt to enter the pending state, a software method of
 352:Generated_Source\PSoC5/isr_1.c **** *   generating the interrupt.
ARM GAS  C:\Users\robin\AppData\Local\Temp\ccBPsjFc.s 			page 13


 353:Generated_Source\PSoC5/isr_1.c **** *
 354:Generated_Source\PSoC5/isr_1.c **** * Parameters:
 355:Generated_Source\PSoC5/isr_1.c **** *   None
 356:Generated_Source\PSoC5/isr_1.c **** *
 357:Generated_Source\PSoC5/isr_1.c **** * Return:
 358:Generated_Source\PSoC5/isr_1.c **** *   None
 359:Generated_Source\PSoC5/isr_1.c **** *
 360:Generated_Source\PSoC5/isr_1.c **** * Side Effects:
 361:Generated_Source\PSoC5/isr_1.c **** *   If interrupts are enabled and the interrupt is set up properly, the ISR is
 362:Generated_Source\PSoC5/isr_1.c **** *   entered (depending on the priority of this interrupt and other pending 
 363:Generated_Source\PSoC5/isr_1.c **** *   interrupts).
 364:Generated_Source\PSoC5/isr_1.c **** *
 365:Generated_Source\PSoC5/isr_1.c **** *******************************************************************************/
 366:Generated_Source\PSoC5/isr_1.c **** void isr_1_SetPending(void)
 367:Generated_Source\PSoC5/isr_1.c **** {
 320              		.loc 1 367 0
 321              		.cfi_startproc
 322              		@ args = 0, pretend = 0, frame = 0
 323              		@ frame_needed = 0, uses_anonymous_args = 0
 324              		@ link register save eliminated.
 368:Generated_Source\PSoC5/isr_1.c ****     *isr_1_INTC_SET_PD = isr_1__INTC_MASK;
 325              		.loc 1 368 0
 326 0000 0122     		movs	r2, #1
 327 0002 014B     		ldr	r3, .L33
 328 0004 1A60     		str	r2, [r3]
 329 0006 7047     		bx	lr
 330              	.L34:
 331              		.align	2
 332              	.L33:
 333 0008 00E200E0 		.word	-536813056
 334              		.cfi_endproc
 335              	.LFE10:
 336              		.size	isr_1_SetPending, .-isr_1_SetPending
 337              		.section	.text.isr_1_ClearPending,"ax",%progbits
 338              		.align	2
 339              		.global	isr_1_ClearPending
 340              		.thumb
 341              		.thumb_func
 342              		.type	isr_1_ClearPending, %function
 343              	isr_1_ClearPending:
 344              	.LFB11:
 369:Generated_Source\PSoC5/isr_1.c **** }
 370:Generated_Source\PSoC5/isr_1.c **** 
 371:Generated_Source\PSoC5/isr_1.c **** 
 372:Generated_Source\PSoC5/isr_1.c **** /*******************************************************************************
 373:Generated_Source\PSoC5/isr_1.c **** * Function Name: isr_1_ClearPending
 374:Generated_Source\PSoC5/isr_1.c **** ********************************************************************************
 375:Generated_Source\PSoC5/isr_1.c **** *
 376:Generated_Source\PSoC5/isr_1.c **** * Summary:
 377:Generated_Source\PSoC5/isr_1.c **** *   Clears a pending interrupt in the interrupt controller.
 378:Generated_Source\PSoC5/isr_1.c **** *
 379:Generated_Source\PSoC5/isr_1.c **** *   Note Some interrupt sources are clear-on-read and require the block 
 380:Generated_Source\PSoC5/isr_1.c **** *   interrupt/status register to be read/cleared with the appropriate block API 
 381:Generated_Source\PSoC5/isr_1.c **** *   (GPIO, UART, and so on). Otherwise the ISR will continue to remain in 
 382:Generated_Source\PSoC5/isr_1.c **** *   pending state even though the interrupt itself is cleared using this API.
 383:Generated_Source\PSoC5/isr_1.c **** *
 384:Generated_Source\PSoC5/isr_1.c **** * Parameters:
ARM GAS  C:\Users\robin\AppData\Local\Temp\ccBPsjFc.s 			page 14


 385:Generated_Source\PSoC5/isr_1.c **** *   None
 386:Generated_Source\PSoC5/isr_1.c **** *
 387:Generated_Source\PSoC5/isr_1.c **** * Return:
 388:Generated_Source\PSoC5/isr_1.c **** *   None
 389:Generated_Source\PSoC5/isr_1.c **** *
 390:Generated_Source\PSoC5/isr_1.c **** *******************************************************************************/
 391:Generated_Source\PSoC5/isr_1.c **** void isr_1_ClearPending(void)
 392:Generated_Source\PSoC5/isr_1.c **** {
 345              		.loc 1 392 0
 346              		.cfi_startproc
 347              		@ args = 0, pretend = 0, frame = 0
 348              		@ frame_needed = 0, uses_anonymous_args = 0
 349              		@ link register save eliminated.
 393:Generated_Source\PSoC5/isr_1.c ****     *isr_1_INTC_CLR_PD = isr_1__INTC_MASK;
 350              		.loc 1 393 0
 351 0000 0122     		movs	r2, #1
 352 0002 014B     		ldr	r3, .L36
 353 0004 1A60     		str	r2, [r3]
 354 0006 7047     		bx	lr
 355              	.L37:
 356              		.align	2
 357              	.L36:
 358 0008 80E200E0 		.word	-536812928
 359              		.cfi_endproc
 360              	.LFE11:
 361              		.size	isr_1_ClearPending, .-isr_1_ClearPending
 362              		.text
 363              	.Letext0:
 364              		.file 2 "Generated_Source\\PSoC5/cytypes.h"
 365              		.section	.debug_info,"",%progbits
 366              	.Ldebug_info0:
 367 0000 AD020000 		.4byte	0x2ad
 368 0004 0400     		.2byte	0x4
 369 0006 00000000 		.4byte	.Ldebug_abbrev0
 370 000a 04       		.byte	0x4
 371 000b 01       		.uleb128 0x1
 372 000c 97000000 		.4byte	.LASF33
 373 0010 0C       		.byte	0xc
 374 0011 64010000 		.4byte	.LASF34
 375 0015 36020000 		.4byte	.LASF35
 376 0019 00000000 		.4byte	.Ldebug_ranges0+0
 377 001d 00000000 		.4byte	0
 378 0021 00000000 		.4byte	.Ldebug_line0
 379 0025 02       		.uleb128 0x2
 380 0026 04       		.byte	0x4
 381 0027 05       		.byte	0x5
 382 0028 696E7400 		.ascii	"int\000"
 383 002c 03       		.uleb128 0x3
 384 002d 04       		.byte	0x4
 385 002e 07       		.byte	0x7
 386 002f 8A010000 		.4byte	.LASF0
 387 0033 03       		.uleb128 0x3
 388 0034 08       		.byte	0x8
 389 0035 05       		.byte	0x5
 390 0036 CC010000 		.4byte	.LASF1
 391 003a 03       		.uleb128 0x3
 392 003b 08       		.byte	0x8
ARM GAS  C:\Users\robin\AppData\Local\Temp\ccBPsjFc.s 			page 15


 393 003c 04       		.byte	0x4
 394 003d 1E020000 		.4byte	.LASF2
 395 0041 03       		.uleb128 0x3
 396 0042 01       		.byte	0x1
 397 0043 06       		.byte	0x6
 398 0044 2A020000 		.4byte	.LASF3
 399 0048 03       		.uleb128 0x3
 400 0049 01       		.byte	0x1
 401 004a 08       		.byte	0x8
 402 004b 89000000 		.4byte	.LASF4
 403 004f 03       		.uleb128 0x3
 404 0050 02       		.byte	0x2
 405 0051 05       		.byte	0x5
 406 0052 FB010000 		.4byte	.LASF5
 407 0056 03       		.uleb128 0x3
 408 0057 02       		.byte	0x2
 409 0058 07       		.byte	0x7
 410 0059 5E000000 		.4byte	.LASF6
 411 005d 03       		.uleb128 0x3
 412 005e 04       		.byte	0x4
 413 005f 05       		.byte	0x5
 414 0060 15020000 		.4byte	.LASF7
 415 0064 03       		.uleb128 0x3
 416 0065 04       		.byte	0x4
 417 0066 07       		.byte	0x7
 418 0067 2A010000 		.4byte	.LASF8
 419 006b 03       		.uleb128 0x3
 420 006c 08       		.byte	0x8
 421 006d 07       		.byte	0x7
 422 006e 9F010000 		.4byte	.LASF9
 423 0072 03       		.uleb128 0x3
 424 0073 04       		.byte	0x4
 425 0074 07       		.byte	0x7
 426 0075 C3010000 		.4byte	.LASF10
 427 0079 03       		.uleb128 0x3
 428 007a 01       		.byte	0x1
 429 007b 08       		.byte	0x8
 430 007c E7010000 		.4byte	.LASF11
 431 0080 04       		.uleb128 0x4
 432 0081 04       		.byte	0x4
 433 0082 86000000 		.4byte	0x86
 434 0086 05       		.uleb128 0x5
 435 0087 06       		.uleb128 0x6
 436 0088 3C010000 		.4byte	.LASF12
 437 008c 02       		.byte	0x2
 438 008d E401     		.2byte	0x1e4
 439 008f 48000000 		.4byte	0x48
 440 0093 06       		.uleb128 0x6
 441 0094 83010000 		.4byte	.LASF13
 442 0098 02       		.byte	0x2
 443 0099 E601     		.2byte	0x1e6
 444 009b 64000000 		.4byte	0x64
 445 009f 03       		.uleb128 0x3
 446 00a0 04       		.byte	0x4
 447 00a1 04       		.byte	0x4
 448 00a2 83000000 		.4byte	.LASF14
 449 00a6 03       		.uleb128 0x3
ARM GAS  C:\Users\robin\AppData\Local\Temp\ccBPsjFc.s 			page 16


 450 00a7 08       		.byte	0x8
 451 00a8 04       		.byte	0x4
 452 00a9 4B010000 		.4byte	.LASF15
 453 00ad 06       		.uleb128 0x6
 454 00ae 25010000 		.4byte	.LASF16
 455 00b2 02       		.byte	0x2
 456 00b3 8E02     		.2byte	0x28e
 457 00b5 B9000000 		.4byte	0xb9
 458 00b9 07       		.uleb128 0x7
 459 00ba 87000000 		.4byte	0x87
 460 00be 06       		.uleb128 0x6
 461 00bf 13000000 		.4byte	.LASF17
 462 00c3 02       		.byte	0x2
 463 00c4 9002     		.2byte	0x290
 464 00c6 CA000000 		.4byte	0xca
 465 00ca 07       		.uleb128 0x7
 466 00cb 93000000 		.4byte	0x93
 467 00cf 06       		.uleb128 0x6
 468 00d0 B6010000 		.4byte	.LASF18
 469 00d4 02       		.byte	0x2
 470 00d5 A002     		.2byte	0x2a0
 471 00d7 80000000 		.4byte	0x80
 472 00db 08       		.uleb128 0x8
 473 00dc 97020000 		.4byte	.LASF20
 474 00e0 01       		.byte	0x1
 475 00e1 BE       		.byte	0xbe
 476 00e2 00000000 		.4byte	.LFB3
 477 00e6 0C000000 		.4byte	.LFE3-.LFB3
 478 00ea 01       		.uleb128 0x1
 479 00eb 9C       		.byte	0x9c
 480 00ec 0B010000 		.4byte	0x10b
 481 00f0 09       		.uleb128 0x9
 482 00f1 97010000 		.4byte	.LASF22
 483 00f5 01       		.byte	0x1
 484 00f6 BE       		.byte	0xbe
 485 00f7 CF000000 		.4byte	0xcf
 486 00fb 01       		.uleb128 0x1
 487 00fc 50       		.byte	0x50
 488 00fd 0A       		.uleb128 0xa
 489 00fe EC010000 		.4byte	.LASF19
 490 0102 01       		.byte	0x1
 491 0103 C0       		.byte	0xc0
 492 0104 0B010000 		.4byte	0x10b
 493 0108 01       		.uleb128 0x1
 494 0109 53       		.byte	0x53
 495 010a 00       		.byte	0
 496 010b 04       		.uleb128 0x4
 497 010c 04       		.byte	0x4
 498 010d CF000000 		.4byte	0xcf
 499 0111 0B       		.uleb128 0xb
 500 0112 05020000 		.4byte	.LASF24
 501 0116 01       		.byte	0x1
 502 0117 D6       		.byte	0xd6
 503 0118 CF000000 		.4byte	0xcf
 504 011c 00000000 		.4byte	.LFB4
 505 0120 0C000000 		.4byte	.LFE4-.LFB4
 506 0124 01       		.uleb128 0x1
ARM GAS  C:\Users\robin\AppData\Local\Temp\ccBPsjFc.s 			page 17


 507 0125 9C       		.byte	0x9c
 508 0126 38010000 		.4byte	0x138
 509 012a 0A       		.uleb128 0xa
 510 012b EC010000 		.4byte	.LASF19
 511 012f 01       		.byte	0x1
 512 0130 D8       		.byte	0xd8
 513 0131 0B010000 		.4byte	0x10b
 514 0135 01       		.uleb128 0x1
 515 0136 53       		.byte	0x53
 516 0137 00       		.byte	0
 517 0138 08       		.uleb128 0x8
 518 0139 52010000 		.4byte	.LASF21
 519 013d 01       		.byte	0x1
 520 013e F8       		.byte	0xf8
 521 013f 00000000 		.4byte	.LFB5
 522 0143 10000000 		.4byte	.LFE5-.LFB5
 523 0147 01       		.uleb128 0x1
 524 0148 9C       		.byte	0x9c
 525 0149 5D010000 		.4byte	0x15d
 526 014d 0C       		.uleb128 0xc
 527 014e 42010000 		.4byte	.LASF23
 528 0152 01       		.byte	0x1
 529 0153 F8       		.byte	0xf8
 530 0154 87000000 		.4byte	0x87
 531 0158 00000000 		.4byte	.LLST0
 532 015c 00       		.byte	0
 533 015d 0D       		.uleb128 0xd
 534 015e 71000000 		.4byte	.LASF25
 535 0162 01       		.byte	0x1
 536 0163 0E01     		.2byte	0x10e
 537 0165 87000000 		.4byte	0x87
 538 0169 00000000 		.4byte	.LFB6
 539 016d 0C000000 		.4byte	.LFE6-.LFB6
 540 0171 01       		.uleb128 0x1
 541 0172 9C       		.byte	0x9c
 542 0173 88010000 		.4byte	0x188
 543 0177 0E       		.uleb128 0xe
 544 0178 42010000 		.4byte	.LASF23
 545 017c 01       		.byte	0x1
 546 017d 1001     		.2byte	0x110
 547 017f 87000000 		.4byte	0x87
 548 0183 21000000 		.4byte	.LLST1
 549 0187 00       		.byte	0
 550 0188 0F       		.uleb128 0xf
 551 0189 DA010000 		.4byte	.LASF26
 552 018d 01       		.byte	0x1
 553 018e 2901     		.2byte	0x129
 554 0190 00000000 		.4byte	.LFB7
 555 0194 0C000000 		.4byte	.LFE7-.LFB7
 556 0198 01       		.uleb128 0x1
 557 0199 9C       		.byte	0x9c
 558 019a 10       		.uleb128 0x10
 559 019b 2A000000 		.4byte	.LASF36
 560 019f 01       		.byte	0x1
 561 01a0 3E01     		.2byte	0x13e
 562 01a2 87000000 		.4byte	0x87
 563 01a6 00000000 		.4byte	.LFB8
ARM GAS  C:\Users\robin\AppData\Local\Temp\ccBPsjFc.s 			page 18


 564 01aa 10000000 		.4byte	.LFE8-.LFB8
 565 01ae 01       		.uleb128 0x1
 566 01af 9C       		.byte	0x9c
 567 01b0 0F       		.uleb128 0xf
 568 01b1 39000000 		.4byte	.LASF27
 569 01b5 01       		.byte	0x1
 570 01b6 5301     		.2byte	0x153
 571 01b8 00000000 		.4byte	.LFB9
 572 01bc 0C000000 		.4byte	.LFE9-.LFB9
 573 01c0 01       		.uleb128 0x1
 574 01c1 9C       		.byte	0x9c
 575 01c2 08       		.uleb128 0x8
 576 01c3 52000000 		.4byte	.LASF28
 577 01c7 01       		.byte	0x1
 578 01c8 3D       		.byte	0x3d
 579 01c9 00000000 		.4byte	.LFB0
 580 01cd 1C000000 		.4byte	.LFE0-.LFB0
 581 01d1 01       		.uleb128 0x1
 582 01d2 9C       		.byte	0x9c
 583 01d3 06020000 		.4byte	0x206
 584 01d7 11       		.uleb128 0x11
 585 01d8 06000000 		.4byte	.LVL7
 586 01dc B0010000 		.4byte	0x1b0
 587 01e0 11       		.uleb128 0x11
 588 01e1 0C000000 		.4byte	.LVL8
 589 01e5 DB000000 		.4byte	0xdb
 590 01e9 12       		.uleb128 0x12
 591 01ea 12000000 		.4byte	.LVL9
 592 01ee 38010000 		.4byte	0x138
 593 01f2 FC010000 		.4byte	0x1fc
 594 01f6 13       		.uleb128 0x13
 595 01f7 01       		.uleb128 0x1
 596 01f8 50       		.byte	0x50
 597 01f9 01       		.uleb128 0x1
 598 01fa 37       		.byte	0x37
 599 01fb 00       		.byte	0
 600 01fc 11       		.uleb128 0x11
 601 01fd 16000000 		.4byte	.LVL10
 602 0201 88010000 		.4byte	0x188
 603 0205 00       		.byte	0
 604 0206 08       		.uleb128 0x8
 605 0207 89020000 		.4byte	.LASF29
 606 020b 01       		.byte	0x1
 607 020c 68       		.byte	0x68
 608 020d 00000000 		.4byte	.LFB1
 609 0211 1A000000 		.4byte	.LFE1-.LFB1
 610 0215 01       		.uleb128 0x1
 611 0216 9C       		.byte	0x9c
 612 0217 64020000 		.4byte	0x264
 613 021b 0C       		.uleb128 0xc
 614 021c 97010000 		.4byte	.LASF22
 615 0220 01       		.byte	0x1
 616 0221 68       		.byte	0x68
 617 0222 CF000000 		.4byte	0xcf
 618 0226 38000000 		.4byte	.LLST2
 619 022a 11       		.uleb128 0x11
 620 022b 08000000 		.4byte	.LVL12
ARM GAS  C:\Users\robin\AppData\Local\Temp\ccBPsjFc.s 			page 19


 621 022f B0010000 		.4byte	0x1b0
 622 0233 12       		.uleb128 0x12
 623 0234 0E000000 		.4byte	.LVL13
 624 0238 DB000000 		.4byte	0xdb
 625 023c 47020000 		.4byte	0x247
 626 0240 13       		.uleb128 0x13
 627 0241 01       		.uleb128 0x1
 628 0242 50       		.byte	0x50
 629 0243 02       		.uleb128 0x2
 630 0244 74       		.byte	0x74
 631 0245 00       		.sleb128 0
 632 0246 00       		.byte	0
 633 0247 12       		.uleb128 0x12
 634 0248 14000000 		.4byte	.LVL14
 635 024c 38010000 		.4byte	0x138
 636 0250 5A020000 		.4byte	0x25a
 637 0254 13       		.uleb128 0x13
 638 0255 01       		.uleb128 0x1
 639 0256 50       		.byte	0x50
 640 0257 01       		.uleb128 0x1
 641 0258 37       		.byte	0x37
 642 0259 00       		.byte	0
 643 025a 11       		.uleb128 0x11
 644 025b 18000000 		.4byte	.LVL15
 645 025f 88010000 		.4byte	0x188
 646 0263 00       		.byte	0
 647 0264 08       		.uleb128 0x8
 648 0265 47000000 		.4byte	.LASF30
 649 0269 01       		.byte	0x1
 650 026a 86       		.byte	0x86
 651 026b 00000000 		.4byte	.LFB2
 652 026f 14000000 		.4byte	.LFE2-.LFB2
 653 0273 01       		.uleb128 0x1
 654 0274 9C       		.byte	0x9c
 655 0275 8C020000 		.4byte	0x28c
 656 0279 11       		.uleb128 0x11
 657 027a 06000000 		.4byte	.LVL16
 658 027e B0010000 		.4byte	0x1b0
 659 0282 11       		.uleb128 0x11
 660 0283 0C000000 		.4byte	.LVL17
 661 0287 DB000000 		.4byte	0xdb
 662 028b 00       		.byte	0
 663 028c 0F       		.uleb128 0xf
 664 028d 19000000 		.4byte	.LASF31
 665 0291 01       		.byte	0x1
 666 0292 6E01     		.2byte	0x16e
 667 0294 00000000 		.4byte	.LFB10
 668 0298 0C000000 		.4byte	.LFE10-.LFB10
 669 029c 01       		.uleb128 0x1
 670 029d 9C       		.byte	0x9c
 671 029e 0F       		.uleb128 0xf
 672 029f 00000000 		.4byte	.LASF32
 673 02a3 01       		.byte	0x1
 674 02a4 8701     		.2byte	0x187
 675 02a6 00000000 		.4byte	.LFB11
 676 02aa 0C000000 		.4byte	.LFE11-.LFB11
 677 02ae 01       		.uleb128 0x1
ARM GAS  C:\Users\robin\AppData\Local\Temp\ccBPsjFc.s 			page 20


 678 02af 9C       		.byte	0x9c
 679 02b0 00       		.byte	0
 680              		.section	.debug_abbrev,"",%progbits
 681              	.Ldebug_abbrev0:
 682 0000 01       		.uleb128 0x1
 683 0001 11       		.uleb128 0x11
 684 0002 01       		.byte	0x1
 685 0003 25       		.uleb128 0x25
 686 0004 0E       		.uleb128 0xe
 687 0005 13       		.uleb128 0x13
 688 0006 0B       		.uleb128 0xb
 689 0007 03       		.uleb128 0x3
 690 0008 0E       		.uleb128 0xe
 691 0009 1B       		.uleb128 0x1b
 692 000a 0E       		.uleb128 0xe
 693 000b 55       		.uleb128 0x55
 694 000c 17       		.uleb128 0x17
 695 000d 11       		.uleb128 0x11
 696 000e 01       		.uleb128 0x1
 697 000f 10       		.uleb128 0x10
 698 0010 17       		.uleb128 0x17
 699 0011 00       		.byte	0
 700 0012 00       		.byte	0
 701 0013 02       		.uleb128 0x2
 702 0014 24       		.uleb128 0x24
 703 0015 00       		.byte	0
 704 0016 0B       		.uleb128 0xb
 705 0017 0B       		.uleb128 0xb
 706 0018 3E       		.uleb128 0x3e
 707 0019 0B       		.uleb128 0xb
 708 001a 03       		.uleb128 0x3
 709 001b 08       		.uleb128 0x8
 710 001c 00       		.byte	0
 711 001d 00       		.byte	0
 712 001e 03       		.uleb128 0x3
 713 001f 24       		.uleb128 0x24
 714 0020 00       		.byte	0
 715 0021 0B       		.uleb128 0xb
 716 0022 0B       		.uleb128 0xb
 717 0023 3E       		.uleb128 0x3e
 718 0024 0B       		.uleb128 0xb
 719 0025 03       		.uleb128 0x3
 720 0026 0E       		.uleb128 0xe
 721 0027 00       		.byte	0
 722 0028 00       		.byte	0
 723 0029 04       		.uleb128 0x4
 724 002a 0F       		.uleb128 0xf
 725 002b 00       		.byte	0
 726 002c 0B       		.uleb128 0xb
 727 002d 0B       		.uleb128 0xb
 728 002e 49       		.uleb128 0x49
 729 002f 13       		.uleb128 0x13
 730 0030 00       		.byte	0
 731 0031 00       		.byte	0
 732 0032 05       		.uleb128 0x5
 733 0033 15       		.uleb128 0x15
 734 0034 00       		.byte	0
ARM GAS  C:\Users\robin\AppData\Local\Temp\ccBPsjFc.s 			page 21


 735 0035 27       		.uleb128 0x27
 736 0036 19       		.uleb128 0x19
 737 0037 00       		.byte	0
 738 0038 00       		.byte	0
 739 0039 06       		.uleb128 0x6
 740 003a 16       		.uleb128 0x16
 741 003b 00       		.byte	0
 742 003c 03       		.uleb128 0x3
 743 003d 0E       		.uleb128 0xe
 744 003e 3A       		.uleb128 0x3a
 745 003f 0B       		.uleb128 0xb
 746 0040 3B       		.uleb128 0x3b
 747 0041 05       		.uleb128 0x5
 748 0042 49       		.uleb128 0x49
 749 0043 13       		.uleb128 0x13
 750 0044 00       		.byte	0
 751 0045 00       		.byte	0
 752 0046 07       		.uleb128 0x7
 753 0047 35       		.uleb128 0x35
 754 0048 00       		.byte	0
 755 0049 49       		.uleb128 0x49
 756 004a 13       		.uleb128 0x13
 757 004b 00       		.byte	0
 758 004c 00       		.byte	0
 759 004d 08       		.uleb128 0x8
 760 004e 2E       		.uleb128 0x2e
 761 004f 01       		.byte	0x1
 762 0050 3F       		.uleb128 0x3f
 763 0051 19       		.uleb128 0x19
 764 0052 03       		.uleb128 0x3
 765 0053 0E       		.uleb128 0xe
 766 0054 3A       		.uleb128 0x3a
 767 0055 0B       		.uleb128 0xb
 768 0056 3B       		.uleb128 0x3b
 769 0057 0B       		.uleb128 0xb
 770 0058 27       		.uleb128 0x27
 771 0059 19       		.uleb128 0x19
 772 005a 11       		.uleb128 0x11
 773 005b 01       		.uleb128 0x1
 774 005c 12       		.uleb128 0x12
 775 005d 06       		.uleb128 0x6
 776 005e 40       		.uleb128 0x40
 777 005f 18       		.uleb128 0x18
 778 0060 9742     		.uleb128 0x2117
 779 0062 19       		.uleb128 0x19
 780 0063 01       		.uleb128 0x1
 781 0064 13       		.uleb128 0x13
 782 0065 00       		.byte	0
 783 0066 00       		.byte	0
 784 0067 09       		.uleb128 0x9
 785 0068 05       		.uleb128 0x5
 786 0069 00       		.byte	0
 787 006a 03       		.uleb128 0x3
 788 006b 0E       		.uleb128 0xe
 789 006c 3A       		.uleb128 0x3a
 790 006d 0B       		.uleb128 0xb
 791 006e 3B       		.uleb128 0x3b
ARM GAS  C:\Users\robin\AppData\Local\Temp\ccBPsjFc.s 			page 22


 792 006f 0B       		.uleb128 0xb
 793 0070 49       		.uleb128 0x49
 794 0071 13       		.uleb128 0x13
 795 0072 02       		.uleb128 0x2
 796 0073 18       		.uleb128 0x18
 797 0074 00       		.byte	0
 798 0075 00       		.byte	0
 799 0076 0A       		.uleb128 0xa
 800 0077 34       		.uleb128 0x34
 801 0078 00       		.byte	0
 802 0079 03       		.uleb128 0x3
 803 007a 0E       		.uleb128 0xe
 804 007b 3A       		.uleb128 0x3a
 805 007c 0B       		.uleb128 0xb
 806 007d 3B       		.uleb128 0x3b
 807 007e 0B       		.uleb128 0xb
 808 007f 49       		.uleb128 0x49
 809 0080 13       		.uleb128 0x13
 810 0081 02       		.uleb128 0x2
 811 0082 18       		.uleb128 0x18
 812 0083 00       		.byte	0
 813 0084 00       		.byte	0
 814 0085 0B       		.uleb128 0xb
 815 0086 2E       		.uleb128 0x2e
 816 0087 01       		.byte	0x1
 817 0088 3F       		.uleb128 0x3f
 818 0089 19       		.uleb128 0x19
 819 008a 03       		.uleb128 0x3
 820 008b 0E       		.uleb128 0xe
 821 008c 3A       		.uleb128 0x3a
 822 008d 0B       		.uleb128 0xb
 823 008e 3B       		.uleb128 0x3b
 824 008f 0B       		.uleb128 0xb
 825 0090 27       		.uleb128 0x27
 826 0091 19       		.uleb128 0x19
 827 0092 49       		.uleb128 0x49
 828 0093 13       		.uleb128 0x13
 829 0094 11       		.uleb128 0x11
 830 0095 01       		.uleb128 0x1
 831 0096 12       		.uleb128 0x12
 832 0097 06       		.uleb128 0x6
 833 0098 40       		.uleb128 0x40
 834 0099 18       		.uleb128 0x18
 835 009a 9742     		.uleb128 0x2117
 836 009c 19       		.uleb128 0x19
 837 009d 01       		.uleb128 0x1
 838 009e 13       		.uleb128 0x13
 839 009f 00       		.byte	0
 840 00a0 00       		.byte	0
 841 00a1 0C       		.uleb128 0xc
 842 00a2 05       		.uleb128 0x5
 843 00a3 00       		.byte	0
 844 00a4 03       		.uleb128 0x3
 845 00a5 0E       		.uleb128 0xe
 846 00a6 3A       		.uleb128 0x3a
 847 00a7 0B       		.uleb128 0xb
 848 00a8 3B       		.uleb128 0x3b
ARM GAS  C:\Users\robin\AppData\Local\Temp\ccBPsjFc.s 			page 23


 849 00a9 0B       		.uleb128 0xb
 850 00aa 49       		.uleb128 0x49
 851 00ab 13       		.uleb128 0x13
 852 00ac 02       		.uleb128 0x2
 853 00ad 17       		.uleb128 0x17
 854 00ae 00       		.byte	0
 855 00af 00       		.byte	0
 856 00b0 0D       		.uleb128 0xd
 857 00b1 2E       		.uleb128 0x2e
 858 00b2 01       		.byte	0x1
 859 00b3 3F       		.uleb128 0x3f
 860 00b4 19       		.uleb128 0x19
 861 00b5 03       		.uleb128 0x3
 862 00b6 0E       		.uleb128 0xe
 863 00b7 3A       		.uleb128 0x3a
 864 00b8 0B       		.uleb128 0xb
 865 00b9 3B       		.uleb128 0x3b
 866 00ba 05       		.uleb128 0x5
 867 00bb 27       		.uleb128 0x27
 868 00bc 19       		.uleb128 0x19
 869 00bd 49       		.uleb128 0x49
 870 00be 13       		.uleb128 0x13
 871 00bf 11       		.uleb128 0x11
 872 00c0 01       		.uleb128 0x1
 873 00c1 12       		.uleb128 0x12
 874 00c2 06       		.uleb128 0x6
 875 00c3 40       		.uleb128 0x40
 876 00c4 18       		.uleb128 0x18
 877 00c5 9742     		.uleb128 0x2117
 878 00c7 19       		.uleb128 0x19
 879 00c8 01       		.uleb128 0x1
 880 00c9 13       		.uleb128 0x13
 881 00ca 00       		.byte	0
 882 00cb 00       		.byte	0
 883 00cc 0E       		.uleb128 0xe
 884 00cd 34       		.uleb128 0x34
 885 00ce 00       		.byte	0
 886 00cf 03       		.uleb128 0x3
 887 00d0 0E       		.uleb128 0xe
 888 00d1 3A       		.uleb128 0x3a
 889 00d2 0B       		.uleb128 0xb
 890 00d3 3B       		.uleb128 0x3b
 891 00d4 05       		.uleb128 0x5
 892 00d5 49       		.uleb128 0x49
 893 00d6 13       		.uleb128 0x13
 894 00d7 02       		.uleb128 0x2
 895 00d8 17       		.uleb128 0x17
 896 00d9 00       		.byte	0
 897 00da 00       		.byte	0
 898 00db 0F       		.uleb128 0xf
 899 00dc 2E       		.uleb128 0x2e
 900 00dd 00       		.byte	0
 901 00de 3F       		.uleb128 0x3f
 902 00df 19       		.uleb128 0x19
 903 00e0 03       		.uleb128 0x3
 904 00e1 0E       		.uleb128 0xe
 905 00e2 3A       		.uleb128 0x3a
ARM GAS  C:\Users\robin\AppData\Local\Temp\ccBPsjFc.s 			page 24


 906 00e3 0B       		.uleb128 0xb
 907 00e4 3B       		.uleb128 0x3b
 908 00e5 05       		.uleb128 0x5
 909 00e6 27       		.uleb128 0x27
 910 00e7 19       		.uleb128 0x19
 911 00e8 11       		.uleb128 0x11
 912 00e9 01       		.uleb128 0x1
 913 00ea 12       		.uleb128 0x12
 914 00eb 06       		.uleb128 0x6
 915 00ec 40       		.uleb128 0x40
 916 00ed 18       		.uleb128 0x18
 917 00ee 9742     		.uleb128 0x2117
 918 00f0 19       		.uleb128 0x19
 919 00f1 00       		.byte	0
 920 00f2 00       		.byte	0
 921 00f3 10       		.uleb128 0x10
 922 00f4 2E       		.uleb128 0x2e
 923 00f5 00       		.byte	0
 924 00f6 3F       		.uleb128 0x3f
 925 00f7 19       		.uleb128 0x19
 926 00f8 03       		.uleb128 0x3
 927 00f9 0E       		.uleb128 0xe
 928 00fa 3A       		.uleb128 0x3a
 929 00fb 0B       		.uleb128 0xb
 930 00fc 3B       		.uleb128 0x3b
 931 00fd 05       		.uleb128 0x5
 932 00fe 27       		.uleb128 0x27
 933 00ff 19       		.uleb128 0x19
 934 0100 49       		.uleb128 0x49
 935 0101 13       		.uleb128 0x13
 936 0102 11       		.uleb128 0x11
 937 0103 01       		.uleb128 0x1
 938 0104 12       		.uleb128 0x12
 939 0105 06       		.uleb128 0x6
 940 0106 40       		.uleb128 0x40
 941 0107 18       		.uleb128 0x18
 942 0108 9742     		.uleb128 0x2117
 943 010a 19       		.uleb128 0x19
 944 010b 00       		.byte	0
 945 010c 00       		.byte	0
 946 010d 11       		.uleb128 0x11
 947 010e 898201   		.uleb128 0x4109
 948 0111 00       		.byte	0
 949 0112 11       		.uleb128 0x11
 950 0113 01       		.uleb128 0x1
 951 0114 31       		.uleb128 0x31
 952 0115 13       		.uleb128 0x13
 953 0116 00       		.byte	0
 954 0117 00       		.byte	0
 955 0118 12       		.uleb128 0x12
 956 0119 898201   		.uleb128 0x4109
 957 011c 01       		.byte	0x1
 958 011d 11       		.uleb128 0x11
 959 011e 01       		.uleb128 0x1
 960 011f 31       		.uleb128 0x31
 961 0120 13       		.uleb128 0x13
 962 0121 01       		.uleb128 0x1
ARM GAS  C:\Users\robin\AppData\Local\Temp\ccBPsjFc.s 			page 25


 963 0122 13       		.uleb128 0x13
 964 0123 00       		.byte	0
 965 0124 00       		.byte	0
 966 0125 13       		.uleb128 0x13
 967 0126 8A8201   		.uleb128 0x410a
 968 0129 00       		.byte	0
 969 012a 02       		.uleb128 0x2
 970 012b 18       		.uleb128 0x18
 971 012c 9142     		.uleb128 0x2111
 972 012e 18       		.uleb128 0x18
 973 012f 00       		.byte	0
 974 0130 00       		.byte	0
 975 0131 00       		.byte	0
 976              		.section	.debug_loc,"",%progbits
 977              	.Ldebug_loc0:
 978              	.LLST0:
 979 0000 00000000 		.4byte	.LVL3
 980 0004 02000000 		.4byte	.LVL4
 981 0008 0100     		.2byte	0x1
 982 000a 50       		.byte	0x50
 983 000b 02000000 		.4byte	.LVL4
 984 000f 10000000 		.4byte	.LFE5
 985 0013 0400     		.2byte	0x4
 986 0015 F3       		.byte	0xf3
 987 0016 01       		.uleb128 0x1
 988 0017 50       		.byte	0x50
 989 0018 9F       		.byte	0x9f
 990 0019 00000000 		.4byte	0
 991 001d 00000000 		.4byte	0
 992              	.LLST1:
 993 0021 04000000 		.4byte	.LVL5
 994 0025 06000000 		.4byte	.LVL6
 995 0029 0500     		.2byte	0x5
 996 002b 70       		.byte	0x70
 997 002c 00       		.sleb128 0
 998 002d 35       		.byte	0x35
 999 002e 25       		.byte	0x25
 1000 002f 9F       		.byte	0x9f
 1001 0030 00000000 		.4byte	0
 1002 0034 00000000 		.4byte	0
 1003              	.LLST2:
 1004 0038 00000000 		.4byte	.LVL11
 1005 003c 07000000 		.4byte	.LVL12-1
 1006 0040 0100     		.2byte	0x1
 1007 0042 50       		.byte	0x50
 1008 0043 07000000 		.4byte	.LVL12-1
 1009 0047 1A000000 		.4byte	.LFE1
 1010 004b 0100     		.2byte	0x1
 1011 004d 54       		.byte	0x54
 1012 004e 00000000 		.4byte	0
 1013 0052 00000000 		.4byte	0
 1014              		.section	.debug_aranges,"",%progbits
 1015 0000 74000000 		.4byte	0x74
 1016 0004 0200     		.2byte	0x2
 1017 0006 00000000 		.4byte	.Ldebug_info0
 1018 000a 04       		.byte	0x4
 1019 000b 00       		.byte	0
ARM GAS  C:\Users\robin\AppData\Local\Temp\ccBPsjFc.s 			page 26


 1020 000c 0000     		.2byte	0
 1021 000e 0000     		.2byte	0
 1022 0010 00000000 		.4byte	.LFB3
 1023 0014 0C000000 		.4byte	.LFE3-.LFB3
 1024 0018 00000000 		.4byte	.LFB4
 1025 001c 0C000000 		.4byte	.LFE4-.LFB4
 1026 0020 00000000 		.4byte	.LFB5
 1027 0024 10000000 		.4byte	.LFE5-.LFB5
 1028 0028 00000000 		.4byte	.LFB6
 1029 002c 0C000000 		.4byte	.LFE6-.LFB6
 1030 0030 00000000 		.4byte	.LFB7
 1031 0034 0C000000 		.4byte	.LFE7-.LFB7
 1032 0038 00000000 		.4byte	.LFB8
 1033 003c 10000000 		.4byte	.LFE8-.LFB8
 1034 0040 00000000 		.4byte	.LFB9
 1035 0044 0C000000 		.4byte	.LFE9-.LFB9
 1036 0048 00000000 		.4byte	.LFB0
 1037 004c 1C000000 		.4byte	.LFE0-.LFB0
 1038 0050 00000000 		.4byte	.LFB1
 1039 0054 1A000000 		.4byte	.LFE1-.LFB1
 1040 0058 00000000 		.4byte	.LFB2
 1041 005c 14000000 		.4byte	.LFE2-.LFB2
 1042 0060 00000000 		.4byte	.LFB10
 1043 0064 0C000000 		.4byte	.LFE10-.LFB10
 1044 0068 00000000 		.4byte	.LFB11
 1045 006c 0C000000 		.4byte	.LFE11-.LFB11
 1046 0070 00000000 		.4byte	0
 1047 0074 00000000 		.4byte	0
 1048              		.section	.debug_ranges,"",%progbits
 1049              	.Ldebug_ranges0:
 1050 0000 00000000 		.4byte	.LFB3
 1051 0004 0C000000 		.4byte	.LFE3
 1052 0008 00000000 		.4byte	.LFB4
 1053 000c 0C000000 		.4byte	.LFE4
 1054 0010 00000000 		.4byte	.LFB5
 1055 0014 10000000 		.4byte	.LFE5
 1056 0018 00000000 		.4byte	.LFB6
 1057 001c 0C000000 		.4byte	.LFE6
 1058 0020 00000000 		.4byte	.LFB7
 1059 0024 0C000000 		.4byte	.LFE7
 1060 0028 00000000 		.4byte	.LFB8
 1061 002c 10000000 		.4byte	.LFE8
 1062 0030 00000000 		.4byte	.LFB9
 1063 0034 0C000000 		.4byte	.LFE9
 1064 0038 00000000 		.4byte	.LFB0
 1065 003c 1C000000 		.4byte	.LFE0
 1066 0040 00000000 		.4byte	.LFB1
 1067 0044 1A000000 		.4byte	.LFE1
 1068 0048 00000000 		.4byte	.LFB2
 1069 004c 14000000 		.4byte	.LFE2
 1070 0050 00000000 		.4byte	.LFB10
 1071 0054 0C000000 		.4byte	.LFE10
 1072 0058 00000000 		.4byte	.LFB11
 1073 005c 0C000000 		.4byte	.LFE11
 1074 0060 00000000 		.4byte	0
 1075 0064 00000000 		.4byte	0
 1076              		.section	.debug_line,"",%progbits
ARM GAS  C:\Users\robin\AppData\Local\Temp\ccBPsjFc.s 			page 27


 1077              	.Ldebug_line0:
 1078 0000 1E010000 		.section	.debug_str,"MS",%progbits,1
 1078      02004200 
 1078      00000201 
 1078      FB0E0D00 
 1078      01010101 
 1079              	.LASF32:
 1080 0000 6973725F 		.ascii	"isr_1_ClearPending\000"
 1080      315F436C 
 1080      65617250 
 1080      656E6469 
 1080      6E6700
 1081              	.LASF17:
 1082 0013 72656733 		.ascii	"reg32\000"
 1082      3200
 1083              	.LASF31:
 1084 0019 6973725F 		.ascii	"isr_1_SetPending\000"
 1084      315F5365 
 1084      7450656E 
 1084      64696E67 
 1084      00
 1085              	.LASF36:
 1086 002a 6973725F 		.ascii	"isr_1_GetState\000"
 1086      315F4765 
 1086      74537461 
 1086      746500
 1087              	.LASF27:
 1088 0039 6973725F 		.ascii	"isr_1_Disable\000"
 1088      315F4469 
 1088      7361626C 
 1088      6500
 1089              	.LASF30:
 1090 0047 6973725F 		.ascii	"isr_1_Stop\000"
 1090      315F5374 
 1090      6F7000
 1091              	.LASF28:
 1092 0052 6973725F 		.ascii	"isr_1_Start\000"
 1092      315F5374 
 1092      61727400 
 1093              	.LASF6:
 1094 005e 73686F72 		.ascii	"short unsigned int\000"
 1094      7420756E 
 1094      7369676E 
 1094      65642069 
 1094      6E7400
 1095              	.LASF25:
 1096 0071 6973725F 		.ascii	"isr_1_GetPriority\000"
 1096      315F4765 
 1096      74507269 
 1096      6F726974 
 1096      7900
 1097              	.LASF14:
 1098 0083 666C6F61 		.ascii	"float\000"
 1098      7400
 1099              	.LASF4:
 1100 0089 756E7369 		.ascii	"unsigned char\000"
 1100      676E6564 
ARM GAS  C:\Users\robin\AppData\Local\Temp\ccBPsjFc.s 			page 28


 1100      20636861 
 1100      7200
 1101              	.LASF33:
 1102 0097 474E5520 		.ascii	"GNU C11 5.4.1 20160609 (release) [ARM/embedded-5-br"
 1102      43313120 
 1102      352E342E 
 1102      31203230 
 1102      31363036 
 1103 00ca 616E6368 		.ascii	"anch revision 237715] -mcpu=cortex-m3 -mthumb -g -O"
 1103      20726576 
 1103      6973696F 
 1103      6E203233 
 1103      37373135 
 1104 00fd 67202D66 		.ascii	"g -ffunction-sections -ffat-lto-objects\000"
 1104      66756E63 
 1104      74696F6E 
 1104      2D736563 
 1104      74696F6E 
 1105              	.LASF16:
 1106 0125 72656738 		.ascii	"reg8\000"
 1106      00
 1107              	.LASF8:
 1108 012a 6C6F6E67 		.ascii	"long unsigned int\000"
 1108      20756E73 
 1108      69676E65 
 1108      6420696E 
 1108      7400
 1109              	.LASF12:
 1110 013c 75696E74 		.ascii	"uint8\000"
 1110      3800
 1111              	.LASF23:
 1112 0142 7072696F 		.ascii	"priority\000"
 1112      72697479 
 1112      00
 1113              	.LASF15:
 1114 014b 646F7562 		.ascii	"double\000"
 1114      6C6500
 1115              	.LASF21:
 1116 0152 6973725F 		.ascii	"isr_1_SetPriority\000"
 1116      315F5365 
 1116      74507269 
 1116      6F726974 
 1116      7900
 1117              	.LASF34:
 1118 0164 47656E65 		.ascii	"Generated_Source\\PSoC5\\isr_1.c\000"
 1118      72617465 
 1118      645F536F 
 1118      75726365 
 1118      5C50536F 
 1119              	.LASF13:
 1120 0183 75696E74 		.ascii	"uint32\000"
 1120      333200
 1121              	.LASF0:
 1122 018a 756E7369 		.ascii	"unsigned int\000"
 1122      676E6564 
 1122      20696E74 
 1122      00
ARM GAS  C:\Users\robin\AppData\Local\Temp\ccBPsjFc.s 			page 29


 1123              	.LASF22:
 1124 0197 61646472 		.ascii	"address\000"
 1124      65737300 
 1125              	.LASF9:
 1126 019f 6C6F6E67 		.ascii	"long long unsigned int\000"
 1126      206C6F6E 
 1126      6720756E 
 1126      7369676E 
 1126      65642069 
 1127              	.LASF18:
 1128 01b6 63796973 		.ascii	"cyisraddress\000"
 1128      72616464 
 1128      72657373 
 1128      00
 1129              	.LASF10:
 1130 01c3 73697A65 		.ascii	"sizetype\000"
 1130      74797065 
 1130      00
 1131              	.LASF1:
 1132 01cc 6C6F6E67 		.ascii	"long long int\000"
 1132      206C6F6E 
 1132      6720696E 
 1132      7400
 1133              	.LASF26:
 1134 01da 6973725F 		.ascii	"isr_1_Enable\000"
 1134      315F456E 
 1134      61626C65 
 1134      00
 1135              	.LASF11:
 1136 01e7 63686172 		.ascii	"char\000"
 1136      00
 1137              	.LASF19:
 1138 01ec 72616D56 		.ascii	"ramVectorTable\000"
 1138      6563746F 
 1138      72546162 
 1138      6C6500
 1139              	.LASF5:
 1140 01fb 73686F72 		.ascii	"short int\000"
 1140      7420696E 
 1140      7400
 1141              	.LASF24:
 1142 0205 6973725F 		.ascii	"isr_1_GetVector\000"
 1142      315F4765 
 1142      74566563 
 1142      746F7200 
 1143              	.LASF7:
 1144 0215 6C6F6E67 		.ascii	"long int\000"
 1144      20696E74 
 1144      00
 1145              	.LASF2:
 1146 021e 6C6F6E67 		.ascii	"long double\000"
 1146      20646F75 
 1146      626C6500 
 1147              	.LASF3:
 1148 022a 7369676E 		.ascii	"signed char\000"
 1148      65642063 
 1148      68617200 
ARM GAS  C:\Users\robin\AppData\Local\Temp\ccBPsjFc.s 			page 30


 1149              	.LASF35:
 1150 0236 433A5C55 		.ascii	"C:\\Users\\robin\\Universidad\\Tercero\\2o_Cuat\\DS"
 1150      73657273 
 1150      5C726F62 
 1150      696E5C55 
 1150      6E697665 
 1151 0263 455C5072 		.ascii	"E\\Practicas\\Practicas\\Practica1.cydsn\000"
 1151      61637469 
 1151      6361735C 
 1151      50726163 
 1151      74696361 
 1152              	.LASF29:
 1153 0289 6973725F 		.ascii	"isr_1_StartEx\000"
 1153      315F5374 
 1153      61727445 
 1153      7800
 1154              	.LASF20:
 1155 0297 6973725F 		.ascii	"isr_1_SetVector\000"
 1155      315F5365 
 1155      74566563 
 1155      746F7200 
 1156              		.ident	"GCC: (GNU Tools for ARM Embedded Processors) 5.4.1 20160609 (release) [ARM/embedded-5-bran
