ARM GAS  C:\Users\robin\AppData\Local\Temp\ccRs8pkJ.s 			page 1


   1              		.syntax unified
   2              		.cpu cortex-m3
   3              		.fpu softvfp
   4              		.eabi_attribute 20, 1
   5              		.eabi_attribute 21, 1
   6              		.eabi_attribute 23, 3
   7              		.eabi_attribute 24, 1
   8              		.eabi_attribute 25, 1
   9              		.eabi_attribute 26, 1
  10              		.eabi_attribute 30, 1
  11              		.eabi_attribute 34, 1
  12              		.eabi_attribute 18, 4
  13              		.thumb
  14              		.syntax unified
  15              		.file	"main.c"
  16              		.text
  17              	.Ltext0:
  18              		.cfi_sections	.debug_frame
  19              		.section	.text.isr_1_Interrupt,"ax",%progbits
  20              		.align	2
  21              		.global	isr_1_Interrupt
  22              		.thumb
  23              		.thumb_func
  24              		.type	isr_1_Interrupt, %function
  25              	isr_1_Interrupt:
  26              	.LFB65:
  27              		.file 1 "main.c"
   1:main.c        **** #include "project.h"
   2:main.c        **** 
   3:main.c        **** uint8 intep;
   4:main.c        **** int cont_int = 0;
   5:main.c        **** int flag_5hz = 1;
   6:main.c        **** int flag_05hz = 0;
   7:main.c        **** 
   8:main.c        **** void toggle_LED1(){
   9:main.c        ****     LED1_Write(LED1_Read() ^ 1U);   
  10:main.c        **** }
  11:main.c        **** 
  12:main.c        **** void toggle_LED2(){
  13:main.c        ****     LED2_Write(LED2_Read() ^ 1U);   
  14:main.c        **** }
  15:main.c        **** CY_ISR(isr_1_Interrupt){
  28              		.loc 1 15 0
  29              		.cfi_startproc
  30              		@ args = 0, pretend = 0, frame = 0
  31              		@ frame_needed = 0, uses_anonymous_args = 0
  32              		@ link register save eliminated.
  16:main.c        ****         intep=1;
  33              		.loc 1 16 0
  34 0000 0122     		movs	r2, #1
  35 0002 014B     		ldr	r3, .L2
  36 0004 1A70     		strb	r2, [r3]
  37 0006 7047     		bx	lr
  38              	.L3:
  39              		.align	2
  40              	.L2:
  41 0008 00000000 		.word	intep
ARM GAS  C:\Users\robin\AppData\Local\Temp\ccRs8pkJ.s 			page 2


  42              		.cfi_endproc
  43              	.LFE65:
  44              		.size	isr_1_Interrupt, .-isr_1_Interrupt
  45              		.section	.text.toggle_LED1,"ax",%progbits
  46              		.align	2
  47              		.global	toggle_LED1
  48              		.thumb
  49              		.thumb_func
  50              		.type	toggle_LED1, %function
  51              	toggle_LED1:
  52              	.LFB63:
   8:main.c        ****     LED1_Write(LED1_Read() ^ 1U);   
  53              		.loc 1 8 0
  54              		.cfi_startproc
  55              		@ args = 0, pretend = 0, frame = 0
  56              		@ frame_needed = 0, uses_anonymous_args = 0
  57 0000 08B5     		push	{r3, lr}
  58              		.cfi_def_cfa_offset 8
  59              		.cfi_offset 3, -8
  60              		.cfi_offset 14, -4
   9:main.c        **** }
  61              		.loc 1 9 0
  62 0002 FFF7FEFF 		bl	LED1_Read
  63              	.LVL0:
  64 0006 80F00100 		eor	r0, r0, #1
  65 000a C0B2     		uxtb	r0, r0
  66 000c FFF7FEFF 		bl	LED1_Write
  67              	.LVL1:
  68 0010 08BD     		pop	{r3, pc}
  69              		.cfi_endproc
  70              	.LFE63:
  71              		.size	toggle_LED1, .-toggle_LED1
  72 0012 00BF     		.section	.text.toggle_LED2,"ax",%progbits
  73              		.align	2
  74              		.global	toggle_LED2
  75              		.thumb
  76              		.thumb_func
  77              		.type	toggle_LED2, %function
  78              	toggle_LED2:
  79              	.LFB64:
  12:main.c        ****     LED2_Write(LED2_Read() ^ 1U);   
  80              		.loc 1 12 0
  81              		.cfi_startproc
  82              		@ args = 0, pretend = 0, frame = 0
  83              		@ frame_needed = 0, uses_anonymous_args = 0
  84 0000 08B5     		push	{r3, lr}
  85              		.cfi_def_cfa_offset 8
  86              		.cfi_offset 3, -8
  87              		.cfi_offset 14, -4
  13:main.c        **** }
  88              		.loc 1 13 0
  89 0002 FFF7FEFF 		bl	LED2_Read
  90              	.LVL2:
  91 0006 80F00100 		eor	r0, r0, #1
  92 000a C0B2     		uxtb	r0, r0
  93 000c FFF7FEFF 		bl	LED2_Write
  94              	.LVL3:
ARM GAS  C:\Users\robin\AppData\Local\Temp\ccRs8pkJ.s 			page 3


  95 0010 08BD     		pop	{r3, pc}
  96              		.cfi_endproc
  97              	.LFE64:
  98              		.size	toggle_LED2, .-toggle_LED2
  99 0012 00BF     		.section	.text.main,"ax",%progbits
 100              		.align	2
 101              		.global	main
 102              		.thumb
 103              		.thumb_func
 104              		.type	main, %function
 105              	main:
 106              	.LFB66:
  17:main.c        **** }
  18:main.c        **** 
  19:main.c        **** int main(void)
  20:main.c        **** {
 107              		.loc 1 20 0
 108              		.cfi_startproc
 109              		@ Volatile: function does not return.
 110              		@ args = 0, pretend = 0, frame = 0
 111              		@ frame_needed = 0, uses_anonymous_args = 0
 112 0000 08B5     		push	{r3, lr}
 113              		.cfi_def_cfa_offset 8
 114              		.cfi_offset 3, -8
 115              		.cfi_offset 14, -4
  21:main.c        ****     isr_1_Start();
 116              		.loc 1 21 0
 117 0002 FFF7FEFF 		bl	isr_1_Start
 118              	.LVL4:
  22:main.c        ****     isr_1_SetVector(&isr_1_Interrupt);
 119              		.loc 1 22 0
 120 0006 1E48     		ldr	r0, .L16
 121 0008 FFF7FEFF 		bl	isr_1_SetVector
 122              	.LVL5:
  23:main.c        ****     
  24:main.c        ****     PWM_Start();
 123              		.loc 1 24 0
 124 000c FFF7FEFF 		bl	PWM_Start
 125              	.LVL6:
  25:main.c        ****     
  26:main.c        ****     CyGlobalIntEnable;
 126              		.loc 1 26 0
 127              		.syntax unified
 128              	@ 26 "main.c" 1
 129 0010 62B6     		CPSIE   i
 130              	@ 0 "" 2
  27:main.c        ****     
  28:main.c        ****     intep=0;
 131              		.loc 1 28 0
 132              		.thumb
 133              		.syntax unified
 134 0012 0022     		movs	r2, #0
 135 0014 1B4B     		ldr	r3, .L16+4
 136 0016 1A70     		strb	r2, [r3]
 137              	.L9:
  29:main.c        ****     
  30:main.c        ****     for(;;)
ARM GAS  C:\Users\robin\AppData\Local\Temp\ccRs8pkJ.s 			page 4


  31:main.c        ****     {
  32:main.c        ****         if(intep==1 && flag_5hz==1){
 138              		.loc 1 32 0
 139 0018 1A4B     		ldr	r3, .L16+4
 140 001a 1B78     		ldrb	r3, [r3]	@ zero_extendqisi2
 141 001c 012B     		cmp	r3, #1
 142 001e 09D1     		bne	.L10
 143              		.loc 1 32 0 is_stmt 0 discriminator 1
 144 0020 194A     		ldr	r2, .L16+8
 145 0022 1268     		ldr	r2, [r2]
 146 0024 012A     		cmp	r2, #1
 147 0026 05D1     		bne	.L10
  33:main.c        ****             toggle_LED2();
 148              		.loc 1 33 0 is_stmt 1
 149 0028 FFF7FEFF 		bl	toggle_LED2
 150              	.LVL7:
  34:main.c        ****             intep=0;
 151              		.loc 1 34 0
 152 002c 0022     		movs	r2, #0
 153 002e 154B     		ldr	r3, .L16+4
 154 0030 1A70     		strb	r2, [r3]
 155 0032 13E0     		b	.L11
 156              	.L10:
  35:main.c        ****         }
  36:main.c        ****         else if(intep == 1 && flag_05hz ==1){
 157              		.loc 1 36 0
 158 0034 012B     		cmp	r3, #1
 159 0036 11D1     		bne	.L11
 160              		.loc 1 36 0 is_stmt 0 discriminator 1
 161 0038 144B     		ldr	r3, .L16+12
 162 003a 1B68     		ldr	r3, [r3]
 163 003c 012B     		cmp	r3, #1
 164 003e 0DD1     		bne	.L11
  37:main.c        ****             cont_int++;
 165              		.loc 1 37 0 is_stmt 1
 166 0040 124A     		ldr	r2, .L16+12
 167 0042 5368     		ldr	r3, [r2, #4]
 168 0044 0133     		adds	r3, r3, #1
 169 0046 5360     		str	r3, [r2, #4]
  38:main.c        ****             if(cont_int == 5){
 170              		.loc 1 38 0
 171 0048 052B     		cmp	r3, #5
 172 004a 04D1     		bne	.L12
  39:main.c        ****                 toggle_LED2();
 173              		.loc 1 39 0
 174 004c FFF7FEFF 		bl	toggle_LED2
 175              	.LVL8:
  40:main.c        ****                 cont_int=0;
 176              		.loc 1 40 0
 177 0050 0022     		movs	r2, #0
 178 0052 0E4B     		ldr	r3, .L16+12
 179 0054 5A60     		str	r2, [r3, #4]
 180              	.L12:
  41:main.c        ****             }
  42:main.c        ****             intep=0;
 181              		.loc 1 42 0
 182 0056 0022     		movs	r2, #0
ARM GAS  C:\Users\robin\AppData\Local\Temp\ccRs8pkJ.s 			page 5


 183 0058 0A4B     		ldr	r3, .L16+4
 184 005a 1A70     		strb	r2, [r3]
 185              	.L11:
  43:main.c        ****         }
  44:main.c        ****         
  45:main.c        ****         if(!Boton_Read()){
 186              		.loc 1 45 0
 187 005c FFF7FEFF 		bl	Boton_Read
 188              	.LVL9:
 189 0060 30B9     		cbnz	r0, .L13
  46:main.c        ****             flag_05hz = 1;
 190              		.loc 1 46 0
 191 0062 0122     		movs	r2, #1
 192 0064 094B     		ldr	r3, .L16+12
 193 0066 1A60     		str	r2, [r3]
  47:main.c        ****             flag_5hz = 0;
 194              		.loc 1 47 0
 195 0068 0022     		movs	r2, #0
 196 006a 074B     		ldr	r3, .L16+8
 197 006c 1A60     		str	r2, [r3]
 198 006e D3E7     		b	.L9
 199              	.L13:
  48:main.c        ****         }
  49:main.c        ****         else{
  50:main.c        ****             flag_05hz = 0;
 200              		.loc 1 50 0
 201 0070 0022     		movs	r2, #0
 202 0072 064B     		ldr	r3, .L16+12
 203 0074 1A60     		str	r2, [r3]
  51:main.c        ****             flag_5hz = 1;
 204              		.loc 1 51 0
 205 0076 0122     		movs	r2, #1
 206 0078 034B     		ldr	r3, .L16+8
 207 007a 1A60     		str	r2, [r3]
 208 007c CCE7     		b	.L9
 209              	.L17:
 210 007e 00BF     		.align	2
 211              	.L16:
 212 0080 00000000 		.word	isr_1_Interrupt
 213 0084 00000000 		.word	intep
 214 0088 00000000 		.word	.LANCHOR0
 215 008c 00000000 		.word	.LANCHOR1
 216              		.cfi_endproc
 217              	.LFE66:
 218              		.size	main, .-main
 219              		.global	flag_05hz
 220              		.global	flag_5hz
 221              		.global	cont_int
 222              		.comm	intep,1,1
 223              		.data
 224              		.align	2
 225              		.set	.LANCHOR0,. + 0
 226              		.type	flag_5hz, %object
 227              		.size	flag_5hz, 4
 228              	flag_5hz:
 229 0000 01000000 		.word	1
 230              		.bss
ARM GAS  C:\Users\robin\AppData\Local\Temp\ccRs8pkJ.s 			page 6


 231              		.align	2
 232              		.set	.LANCHOR1,. + 0
 233              		.type	flag_05hz, %object
 234              		.size	flag_05hz, 4
 235              	flag_05hz:
 236 0000 00000000 		.space	4
 237              		.type	cont_int, %object
 238              		.size	cont_int, 4
 239              	cont_int:
 240 0004 00000000 		.space	4
 241              		.text
 242              	.Letext0:
 243              		.file 2 "c:\\program files (x86)\\cypress\\psoc creator\\4.2\\psoc creator\\import\\gnu\\arm\\5.4.
 244              		.file 3 "c:\\program files (x86)\\cypress\\psoc creator\\4.2\\psoc creator\\import\\gnu\\arm\\5.4.
 245              		.file 4 "Generated_Source\\PSoC5/cytypes.h"
 246              		.file 5 "Generated_Source\\PSoC5/core_cm3.h"
 247              		.file 6 "Generated_Source\\PSoC5/LED1.h"
 248              		.file 7 "Generated_Source\\PSoC5/LED2.h"
 249              		.file 8 "Generated_Source\\PSoC5/isr_1.h"
 250              		.file 9 "Generated_Source\\PSoC5/PWM.h"
 251              		.file 10 "Generated_Source\\PSoC5/Boton.h"
 252              		.section	.debug_info,"",%progbits
 253              	.Ldebug_info0:
 254 0000 19020000 		.4byte	0x219
 255 0004 0400     		.2byte	0x4
 256 0006 00000000 		.4byte	.Ldebug_abbrev0
 257 000a 04       		.byte	0x4
 258 000b 01       		.uleb128 0x1
 259 000c 68000000 		.4byte	.LASF32
 260 0010 0C       		.byte	0xc
 261 0011 C1010000 		.4byte	.LASF33
 262 0015 0F020000 		.4byte	.LASF34
 263 0019 00000000 		.4byte	.Ldebug_ranges0+0
 264 001d 00000000 		.4byte	0
 265 0021 00000000 		.4byte	.Ldebug_line0
 266 0025 02       		.uleb128 0x2
 267 0026 01       		.byte	0x1
 268 0027 06       		.byte	0x6
 269 0028 4E000000 		.4byte	.LASF0
 270 002c 02       		.uleb128 0x2
 271 002d 01       		.byte	0x1
 272 002e 08       		.byte	0x8
 273 002f 5A000000 		.4byte	.LASF1
 274 0033 02       		.uleb128 0x2
 275 0034 02       		.byte	0x2
 276 0035 05       		.byte	0x5
 277 0036 CD010000 		.4byte	.LASF2
 278 003a 02       		.uleb128 0x2
 279 003b 02       		.byte	0x2
 280 003c 07       		.byte	0x7
 281 003d 08010000 		.4byte	.LASF3
 282 0041 03       		.uleb128 0x3
 283 0042 0B000000 		.4byte	.LASF9
 284 0046 02       		.byte	0x2
 285 0047 3F       		.byte	0x3f
 286 0048 4C000000 		.4byte	0x4c
 287 004c 02       		.uleb128 0x2
ARM GAS  C:\Users\robin\AppData\Local\Temp\ccRs8pkJ.s 			page 7


 288 004d 04       		.byte	0x4
 289 004e 05       		.byte	0x5
 290 004f F1010000 		.4byte	.LASF4
 291 0053 02       		.uleb128 0x2
 292 0054 04       		.byte	0x4
 293 0055 07       		.byte	0x7
 294 0056 F6000000 		.4byte	.LASF5
 295 005a 02       		.uleb128 0x2
 296 005b 08       		.byte	0x8
 297 005c 05       		.byte	0x5
 298 005d B3010000 		.4byte	.LASF6
 299 0061 02       		.uleb128 0x2
 300 0062 08       		.byte	0x8
 301 0063 07       		.byte	0x7
 302 0064 81010000 		.4byte	.LASF7
 303 0068 04       		.uleb128 0x4
 304 0069 04       		.byte	0x4
 305 006a 05       		.byte	0x5
 306 006b 696E7400 		.ascii	"int\000"
 307 006f 02       		.uleb128 0x2
 308 0070 04       		.byte	0x4
 309 0071 07       		.byte	0x7
 310 0072 74010000 		.4byte	.LASF8
 311 0076 03       		.uleb128 0x3
 312 0077 A2010000 		.4byte	.LASF10
 313 007b 03       		.byte	0x3
 314 007c 2C       		.byte	0x2c
 315 007d 41000000 		.4byte	0x41
 316 0081 05       		.uleb128 0x5
 317 0082 3C000000 		.4byte	.LASF11
 318 0086 04       		.byte	0x4
 319 0087 E401     		.2byte	0x1e4
 320 0089 2C000000 		.4byte	0x2c
 321 008d 02       		.uleb128 0x2
 322 008e 04       		.byte	0x4
 323 008f 04       		.byte	0x4
 324 0090 48000000 		.4byte	.LASF12
 325 0094 02       		.uleb128 0x2
 326 0095 08       		.byte	0x8
 327 0096 04       		.byte	0x4
 328 0097 35000000 		.4byte	.LASF13
 329 009b 02       		.uleb128 0x2
 330 009c 01       		.byte	0x1
 331 009d 08       		.byte	0x8
 332 009e C8010000 		.4byte	.LASF14
 333 00a2 02       		.uleb128 0x2
 334 00a3 08       		.byte	0x8
 335 00a4 04       		.byte	0x4
 336 00a5 FA010000 		.4byte	.LASF15
 337 00a9 02       		.uleb128 0x2
 338 00aa 04       		.byte	0x4
 339 00ab 07       		.byte	0x7
 340 00ac AA010000 		.4byte	.LASF16
 341 00b0 06       		.uleb128 0x6
 342 00b1 E1010000 		.4byte	.LASF35
 343 00b5 01       		.byte	0x1
 344 00b6 0F       		.byte	0xf
ARM GAS  C:\Users\robin\AppData\Local\Temp\ccRs8pkJ.s 			page 8


 345 00b7 00000000 		.4byte	.LFB65
 346 00bb 0C000000 		.4byte	.LFE65-.LFB65
 347 00bf 01       		.uleb128 0x1
 348 00c0 9C       		.byte	0x9c
 349 00c1 07       		.uleb128 0x7
 350 00c2 5C010000 		.4byte	.LASF17
 351 00c6 01       		.byte	0x1
 352 00c7 08       		.byte	0x8
 353 00c8 00000000 		.4byte	.LFB63
 354 00cc 12000000 		.4byte	.LFE63-.LFB63
 355 00d0 01       		.uleb128 0x1
 356 00d1 9C       		.byte	0x9c
 357 00d2 E9000000 		.4byte	0xe9
 358 00d6 08       		.uleb128 0x8
 359 00d7 06000000 		.4byte	.LVL0
 360 00db C4010000 		.4byte	0x1c4
 361 00df 08       		.uleb128 0x8
 362 00e0 10000000 		.4byte	.LVL1
 363 00e4 CF010000 		.4byte	0x1cf
 364 00e8 00       		.byte	0
 365 00e9 07       		.uleb128 0x7
 366 00ea 68010000 		.4byte	.LASF18
 367 00ee 01       		.byte	0x1
 368 00ef 0C       		.byte	0xc
 369 00f0 00000000 		.4byte	.LFB64
 370 00f4 12000000 		.4byte	.LFE64-.LFB64
 371 00f8 01       		.uleb128 0x1
 372 00f9 9C       		.byte	0x9c
 373 00fa 11010000 		.4byte	0x111
 374 00fe 08       		.uleb128 0x8
 375 00ff 06000000 		.4byte	.LVL2
 376 0103 DA010000 		.4byte	0x1da
 377 0107 08       		.uleb128 0x8
 378 0108 10000000 		.4byte	.LVL3
 379 010c E5010000 		.4byte	0x1e5
 380 0110 00       		.byte	0
 381 0111 09       		.uleb128 0x9
 382 0112 4D010000 		.4byte	.LASF36
 383 0116 01       		.byte	0x1
 384 0117 13       		.byte	0x13
 385 0118 68000000 		.4byte	0x68
 386 011c 00000000 		.4byte	.LFB66
 387 0120 90000000 		.4byte	.LFE66-.LFB66
 388 0124 01       		.uleb128 0x1
 389 0125 9C       		.byte	0x9c
 390 0126 6F010000 		.4byte	0x16f
 391 012a 08       		.uleb128 0x8
 392 012b 06000000 		.4byte	.LVL4
 393 012f F0010000 		.4byte	0x1f0
 394 0133 0A       		.uleb128 0xa
 395 0134 0C000000 		.4byte	.LVL5
 396 0138 FB010000 		.4byte	0x1fb
 397 013c 4A010000 		.4byte	0x14a
 398 0140 0B       		.uleb128 0xb
 399 0141 01       		.uleb128 0x1
 400 0142 50       		.byte	0x50
 401 0143 05       		.uleb128 0x5
ARM GAS  C:\Users\robin\AppData\Local\Temp\ccRs8pkJ.s 			page 9


 402 0144 03       		.byte	0x3
 403 0145 00000000 		.4byte	isr_1_Interrupt
 404 0149 00       		.byte	0
 405 014a 08       		.uleb128 0x8
 406 014b 10000000 		.4byte	.LVL6
 407 014f 06020000 		.4byte	0x206
 408 0153 08       		.uleb128 0x8
 409 0154 2C000000 		.4byte	.LVL7
 410 0158 E9000000 		.4byte	0xe9
 411 015c 08       		.uleb128 0x8
 412 015d 50000000 		.4byte	.LVL8
 413 0161 E9000000 		.4byte	0xe9
 414 0165 08       		.uleb128 0x8
 415 0166 60000000 		.4byte	.LVL9
 416 016a 11020000 		.4byte	0x211
 417 016e 00       		.byte	0
 418 016f 0C       		.uleb128 0xc
 419 0170 25010000 		.4byte	.LASF19
 420 0174 05       		.byte	0x5
 421 0175 1207     		.2byte	0x712
 422 0177 7B010000 		.4byte	0x17b
 423 017b 0D       		.uleb128 0xd
 424 017c 76000000 		.4byte	0x76
 425 0180 0E       		.uleb128 0xe
 426 0181 42000000 		.4byte	.LASF20
 427 0185 01       		.byte	0x1
 428 0186 03       		.byte	0x3
 429 0187 81000000 		.4byte	0x81
 430 018b 05       		.uleb128 0x5
 431 018c 03       		.byte	0x3
 432 018d 00000000 		.4byte	intep
 433 0191 0E       		.uleb128 0xe
 434 0192 20000000 		.4byte	.LASF21
 435 0196 01       		.byte	0x1
 436 0197 04       		.byte	0x4
 437 0198 68000000 		.4byte	0x68
 438 019c 05       		.uleb128 0x5
 439 019d 03       		.byte	0x3
 440 019e 00000000 		.4byte	cont_int
 441 01a2 0E       		.uleb128 0xe
 442 01a3 06020000 		.4byte	.LASF22
 443 01a7 01       		.byte	0x1
 444 01a8 05       		.byte	0x5
 445 01a9 68000000 		.4byte	0x68
 446 01ad 05       		.uleb128 0x5
 447 01ae 03       		.byte	0x3
 448 01af 00000000 		.4byte	flag_5hz
 449 01b3 0E       		.uleb128 0xe
 450 01b4 52010000 		.4byte	.LASF23
 451 01b8 01       		.byte	0x1
 452 01b9 06       		.byte	0x6
 453 01ba 68000000 		.4byte	0x68
 454 01be 05       		.uleb128 0x5
 455 01bf 03       		.byte	0x3
 456 01c0 00000000 		.4byte	flag_05hz
 457 01c4 0F       		.uleb128 0xf
 458 01c5 1B010000 		.4byte	.LASF24
ARM GAS  C:\Users\robin\AppData\Local\Temp\ccRs8pkJ.s 			page 10


 459 01c9 1B010000 		.4byte	.LASF24
 460 01cd 06       		.byte	0x6
 461 01ce 29       		.byte	0x29
 462 01cf 0F       		.uleb128 0xf
 463 01d0 00000000 		.4byte	.LASF25
 464 01d4 00000000 		.4byte	.LASF25
 465 01d8 06       		.byte	0x6
 466 01d9 26       		.byte	0x26
 467 01da 0F       		.uleb128 0xf
 468 01db 98010000 		.4byte	.LASF26
 469 01df 98010000 		.4byte	.LASF26
 470 01e3 07       		.byte	0x7
 471 01e4 29       		.byte	0x29
 472 01e5 0F       		.uleb128 0xf
 473 01e6 15000000 		.4byte	.LASF27
 474 01ea 15000000 		.4byte	.LASF27
 475 01ee 07       		.byte	0x7
 476 01ef 26       		.byte	0x26
 477 01f0 0F       		.uleb128 0xf
 478 01f1 29000000 		.4byte	.LASF28
 479 01f5 29000000 		.4byte	.LASF28
 480 01f9 08       		.byte	0x8
 481 01fa 17       		.byte	0x17
 482 01fb 0F       		.uleb128 0xf
 483 01fc 3D010000 		.4byte	.LASF29
 484 0200 3D010000 		.4byte	.LASF29
 485 0204 08       		.byte	0x8
 486 0205 1D       		.byte	0x1d
 487 0206 0F       		.uleb128 0xf
 488 0207 D7010000 		.4byte	.LASF30
 489 020b D7010000 		.4byte	.LASF30
 490 020f 09       		.byte	0x9
 491 0210 92       		.byte	0x92
 492 0211 0F       		.uleb128 0xf
 493 0212 32010000 		.4byte	.LASF31
 494 0216 32010000 		.4byte	.LASF31
 495 021a 0A       		.byte	0xa
 496 021b 29       		.byte	0x29
 497 021c 00       		.byte	0
 498              		.section	.debug_abbrev,"",%progbits
 499              	.Ldebug_abbrev0:
 500 0000 01       		.uleb128 0x1
 501 0001 11       		.uleb128 0x11
 502 0002 01       		.byte	0x1
 503 0003 25       		.uleb128 0x25
 504 0004 0E       		.uleb128 0xe
 505 0005 13       		.uleb128 0x13
 506 0006 0B       		.uleb128 0xb
 507 0007 03       		.uleb128 0x3
 508 0008 0E       		.uleb128 0xe
 509 0009 1B       		.uleb128 0x1b
 510 000a 0E       		.uleb128 0xe
 511 000b 55       		.uleb128 0x55
 512 000c 17       		.uleb128 0x17
 513 000d 11       		.uleb128 0x11
 514 000e 01       		.uleb128 0x1
 515 000f 10       		.uleb128 0x10
ARM GAS  C:\Users\robin\AppData\Local\Temp\ccRs8pkJ.s 			page 11


 516 0010 17       		.uleb128 0x17
 517 0011 00       		.byte	0
 518 0012 00       		.byte	0
 519 0013 02       		.uleb128 0x2
 520 0014 24       		.uleb128 0x24
 521 0015 00       		.byte	0
 522 0016 0B       		.uleb128 0xb
 523 0017 0B       		.uleb128 0xb
 524 0018 3E       		.uleb128 0x3e
 525 0019 0B       		.uleb128 0xb
 526 001a 03       		.uleb128 0x3
 527 001b 0E       		.uleb128 0xe
 528 001c 00       		.byte	0
 529 001d 00       		.byte	0
 530 001e 03       		.uleb128 0x3
 531 001f 16       		.uleb128 0x16
 532 0020 00       		.byte	0
 533 0021 03       		.uleb128 0x3
 534 0022 0E       		.uleb128 0xe
 535 0023 3A       		.uleb128 0x3a
 536 0024 0B       		.uleb128 0xb
 537 0025 3B       		.uleb128 0x3b
 538 0026 0B       		.uleb128 0xb
 539 0027 49       		.uleb128 0x49
 540 0028 13       		.uleb128 0x13
 541 0029 00       		.byte	0
 542 002a 00       		.byte	0
 543 002b 04       		.uleb128 0x4
 544 002c 24       		.uleb128 0x24
 545 002d 00       		.byte	0
 546 002e 0B       		.uleb128 0xb
 547 002f 0B       		.uleb128 0xb
 548 0030 3E       		.uleb128 0x3e
 549 0031 0B       		.uleb128 0xb
 550 0032 03       		.uleb128 0x3
 551 0033 08       		.uleb128 0x8
 552 0034 00       		.byte	0
 553 0035 00       		.byte	0
 554 0036 05       		.uleb128 0x5
 555 0037 16       		.uleb128 0x16
 556 0038 00       		.byte	0
 557 0039 03       		.uleb128 0x3
 558 003a 0E       		.uleb128 0xe
 559 003b 3A       		.uleb128 0x3a
 560 003c 0B       		.uleb128 0xb
 561 003d 3B       		.uleb128 0x3b
 562 003e 05       		.uleb128 0x5
 563 003f 49       		.uleb128 0x49
 564 0040 13       		.uleb128 0x13
 565 0041 00       		.byte	0
 566 0042 00       		.byte	0
 567 0043 06       		.uleb128 0x6
 568 0044 2E       		.uleb128 0x2e
 569 0045 00       		.byte	0
 570 0046 3F       		.uleb128 0x3f
 571 0047 19       		.uleb128 0x19
 572 0048 03       		.uleb128 0x3
ARM GAS  C:\Users\robin\AppData\Local\Temp\ccRs8pkJ.s 			page 12


 573 0049 0E       		.uleb128 0xe
 574 004a 3A       		.uleb128 0x3a
 575 004b 0B       		.uleb128 0xb
 576 004c 3B       		.uleb128 0x3b
 577 004d 0B       		.uleb128 0xb
 578 004e 27       		.uleb128 0x27
 579 004f 19       		.uleb128 0x19
 580 0050 11       		.uleb128 0x11
 581 0051 01       		.uleb128 0x1
 582 0052 12       		.uleb128 0x12
 583 0053 06       		.uleb128 0x6
 584 0054 40       		.uleb128 0x40
 585 0055 18       		.uleb128 0x18
 586 0056 9742     		.uleb128 0x2117
 587 0058 19       		.uleb128 0x19
 588 0059 00       		.byte	0
 589 005a 00       		.byte	0
 590 005b 07       		.uleb128 0x7
 591 005c 2E       		.uleb128 0x2e
 592 005d 01       		.byte	0x1
 593 005e 3F       		.uleb128 0x3f
 594 005f 19       		.uleb128 0x19
 595 0060 03       		.uleb128 0x3
 596 0061 0E       		.uleb128 0xe
 597 0062 3A       		.uleb128 0x3a
 598 0063 0B       		.uleb128 0xb
 599 0064 3B       		.uleb128 0x3b
 600 0065 0B       		.uleb128 0xb
 601 0066 11       		.uleb128 0x11
 602 0067 01       		.uleb128 0x1
 603 0068 12       		.uleb128 0x12
 604 0069 06       		.uleb128 0x6
 605 006a 40       		.uleb128 0x40
 606 006b 18       		.uleb128 0x18
 607 006c 9742     		.uleb128 0x2117
 608 006e 19       		.uleb128 0x19
 609 006f 01       		.uleb128 0x1
 610 0070 13       		.uleb128 0x13
 611 0071 00       		.byte	0
 612 0072 00       		.byte	0
 613 0073 08       		.uleb128 0x8
 614 0074 898201   		.uleb128 0x4109
 615 0077 00       		.byte	0
 616 0078 11       		.uleb128 0x11
 617 0079 01       		.uleb128 0x1
 618 007a 31       		.uleb128 0x31
 619 007b 13       		.uleb128 0x13
 620 007c 00       		.byte	0
 621 007d 00       		.byte	0
 622 007e 09       		.uleb128 0x9
 623 007f 2E       		.uleb128 0x2e
 624 0080 01       		.byte	0x1
 625 0081 3F       		.uleb128 0x3f
 626 0082 19       		.uleb128 0x19
 627 0083 03       		.uleb128 0x3
 628 0084 0E       		.uleb128 0xe
 629 0085 3A       		.uleb128 0x3a
ARM GAS  C:\Users\robin\AppData\Local\Temp\ccRs8pkJ.s 			page 13


 630 0086 0B       		.uleb128 0xb
 631 0087 3B       		.uleb128 0x3b
 632 0088 0B       		.uleb128 0xb
 633 0089 27       		.uleb128 0x27
 634 008a 19       		.uleb128 0x19
 635 008b 49       		.uleb128 0x49
 636 008c 13       		.uleb128 0x13
 637 008d 8701     		.uleb128 0x87
 638 008f 19       		.uleb128 0x19
 639 0090 11       		.uleb128 0x11
 640 0091 01       		.uleb128 0x1
 641 0092 12       		.uleb128 0x12
 642 0093 06       		.uleb128 0x6
 643 0094 40       		.uleb128 0x40
 644 0095 18       		.uleb128 0x18
 645 0096 9742     		.uleb128 0x2117
 646 0098 19       		.uleb128 0x19
 647 0099 01       		.uleb128 0x1
 648 009a 13       		.uleb128 0x13
 649 009b 00       		.byte	0
 650 009c 00       		.byte	0
 651 009d 0A       		.uleb128 0xa
 652 009e 898201   		.uleb128 0x4109
 653 00a1 01       		.byte	0x1
 654 00a2 11       		.uleb128 0x11
 655 00a3 01       		.uleb128 0x1
 656 00a4 31       		.uleb128 0x31
 657 00a5 13       		.uleb128 0x13
 658 00a6 01       		.uleb128 0x1
 659 00a7 13       		.uleb128 0x13
 660 00a8 00       		.byte	0
 661 00a9 00       		.byte	0
 662 00aa 0B       		.uleb128 0xb
 663 00ab 8A8201   		.uleb128 0x410a
 664 00ae 00       		.byte	0
 665 00af 02       		.uleb128 0x2
 666 00b0 18       		.uleb128 0x18
 667 00b1 9142     		.uleb128 0x2111
 668 00b3 18       		.uleb128 0x18
 669 00b4 00       		.byte	0
 670 00b5 00       		.byte	0
 671 00b6 0C       		.uleb128 0xc
 672 00b7 34       		.uleb128 0x34
 673 00b8 00       		.byte	0
 674 00b9 03       		.uleb128 0x3
 675 00ba 0E       		.uleb128 0xe
 676 00bb 3A       		.uleb128 0x3a
 677 00bc 0B       		.uleb128 0xb
 678 00bd 3B       		.uleb128 0x3b
 679 00be 05       		.uleb128 0x5
 680 00bf 49       		.uleb128 0x49
 681 00c0 13       		.uleb128 0x13
 682 00c1 3F       		.uleb128 0x3f
 683 00c2 19       		.uleb128 0x19
 684 00c3 3C       		.uleb128 0x3c
 685 00c4 19       		.uleb128 0x19
 686 00c5 00       		.byte	0
ARM GAS  C:\Users\robin\AppData\Local\Temp\ccRs8pkJ.s 			page 14


 687 00c6 00       		.byte	0
 688 00c7 0D       		.uleb128 0xd
 689 00c8 35       		.uleb128 0x35
 690 00c9 00       		.byte	0
 691 00ca 49       		.uleb128 0x49
 692 00cb 13       		.uleb128 0x13
 693 00cc 00       		.byte	0
 694 00cd 00       		.byte	0
 695 00ce 0E       		.uleb128 0xe
 696 00cf 34       		.uleb128 0x34
 697 00d0 00       		.byte	0
 698 00d1 03       		.uleb128 0x3
 699 00d2 0E       		.uleb128 0xe
 700 00d3 3A       		.uleb128 0x3a
 701 00d4 0B       		.uleb128 0xb
 702 00d5 3B       		.uleb128 0x3b
 703 00d6 0B       		.uleb128 0xb
 704 00d7 49       		.uleb128 0x49
 705 00d8 13       		.uleb128 0x13
 706 00d9 3F       		.uleb128 0x3f
 707 00da 19       		.uleb128 0x19
 708 00db 02       		.uleb128 0x2
 709 00dc 18       		.uleb128 0x18
 710 00dd 00       		.byte	0
 711 00de 00       		.byte	0
 712 00df 0F       		.uleb128 0xf
 713 00e0 2E       		.uleb128 0x2e
 714 00e1 00       		.byte	0
 715 00e2 3F       		.uleb128 0x3f
 716 00e3 19       		.uleb128 0x19
 717 00e4 3C       		.uleb128 0x3c
 718 00e5 19       		.uleb128 0x19
 719 00e6 6E       		.uleb128 0x6e
 720 00e7 0E       		.uleb128 0xe
 721 00e8 03       		.uleb128 0x3
 722 00e9 0E       		.uleb128 0xe
 723 00ea 3A       		.uleb128 0x3a
 724 00eb 0B       		.uleb128 0xb
 725 00ec 3B       		.uleb128 0x3b
 726 00ed 0B       		.uleb128 0xb
 727 00ee 00       		.byte	0
 728 00ef 00       		.byte	0
 729 00f0 00       		.byte	0
 730              		.section	.debug_aranges,"",%progbits
 731 0000 34000000 		.4byte	0x34
 732 0004 0200     		.2byte	0x2
 733 0006 00000000 		.4byte	.Ldebug_info0
 734 000a 04       		.byte	0x4
 735 000b 00       		.byte	0
 736 000c 0000     		.2byte	0
 737 000e 0000     		.2byte	0
 738 0010 00000000 		.4byte	.LFB65
 739 0014 0C000000 		.4byte	.LFE65-.LFB65
 740 0018 00000000 		.4byte	.LFB63
 741 001c 12000000 		.4byte	.LFE63-.LFB63
 742 0020 00000000 		.4byte	.LFB64
 743 0024 12000000 		.4byte	.LFE64-.LFB64
ARM GAS  C:\Users\robin\AppData\Local\Temp\ccRs8pkJ.s 			page 15


 744 0028 00000000 		.4byte	.LFB66
 745 002c 90000000 		.4byte	.LFE66-.LFB66
 746 0030 00000000 		.4byte	0
 747 0034 00000000 		.4byte	0
 748              		.section	.debug_ranges,"",%progbits
 749              	.Ldebug_ranges0:
 750 0000 00000000 		.4byte	.LFB65
 751 0004 0C000000 		.4byte	.LFE65
 752 0008 00000000 		.4byte	.LFB63
 753 000c 12000000 		.4byte	.LFE63
 754 0010 00000000 		.4byte	.LFB64
 755 0014 12000000 		.4byte	.LFE64
 756 0018 00000000 		.4byte	.LFB66
 757 001c 90000000 		.4byte	.LFE66
 758 0020 00000000 		.4byte	0
 759 0024 00000000 		.4byte	0
 760              		.section	.debug_line,"",%progbits
 761              	.Ldebug_line0:
 762 0000 E3010000 		.section	.debug_str,"MS",%progbits,1
 762      02007F01 
 762      00000201 
 762      FB0E0D00 
 762      01010101 
 763              	.LASF25:
 764 0000 4C454431 		.ascii	"LED1_Write\000"
 764      5F577269 
 764      746500
 765              	.LASF9:
 766 000b 5F5F696E 		.ascii	"__int32_t\000"
 766      7433325F 
 766      7400
 767              	.LASF27:
 768 0015 4C454432 		.ascii	"LED2_Write\000"
 768      5F577269 
 768      746500
 769              	.LASF21:
 770 0020 636F6E74 		.ascii	"cont_int\000"
 770      5F696E74 
 770      00
 771              	.LASF28:
 772 0029 6973725F 		.ascii	"isr_1_Start\000"
 772      315F5374 
 772      61727400 
 773              	.LASF13:
 774 0035 646F7562 		.ascii	"double\000"
 774      6C6500
 775              	.LASF11:
 776 003c 75696E74 		.ascii	"uint8\000"
 776      3800
 777              	.LASF20:
 778 0042 696E7465 		.ascii	"intep\000"
 778      7000
 779              	.LASF12:
 780 0048 666C6F61 		.ascii	"float\000"
 780      7400
 781              	.LASF0:
 782 004e 7369676E 		.ascii	"signed char\000"
ARM GAS  C:\Users\robin\AppData\Local\Temp\ccRs8pkJ.s 			page 16


 782      65642063 
 782      68617200 
 783              	.LASF1:
 784 005a 756E7369 		.ascii	"unsigned char\000"
 784      676E6564 
 784      20636861 
 784      7200
 785              	.LASF32:
 786 0068 474E5520 		.ascii	"GNU C11 5.4.1 20160609 (release) [ARM/embedded-5-br"
 786      43313120 
 786      352E342E 
 786      31203230 
 786      31363036 
 787 009b 616E6368 		.ascii	"anch revision 237715] -mcpu=cortex-m3 -mthumb -g -O"
 787      20726576 
 787      6973696F 
 787      6E203233 
 787      37373135 
 788 00ce 67202D66 		.ascii	"g -ffunction-sections -ffat-lto-objects\000"
 788      66756E63 
 788      74696F6E 
 788      2D736563 
 788      74696F6E 
 789              	.LASF5:
 790 00f6 6C6F6E67 		.ascii	"long unsigned int\000"
 790      20756E73 
 790      69676E65 
 790      6420696E 
 790      7400
 791              	.LASF3:
 792 0108 73686F72 		.ascii	"short unsigned int\000"
 792      7420756E 
 792      7369676E 
 792      65642069 
 792      6E7400
 793              	.LASF24:
 794 011b 4C454431 		.ascii	"LED1_Read\000"
 794      5F526561 
 794      6400
 795              	.LASF19:
 796 0125 49544D5F 		.ascii	"ITM_RxBuffer\000"
 796      52784275 
 796      66666572 
 796      00
 797              	.LASF31:
 798 0132 426F746F 		.ascii	"Boton_Read\000"
 798      6E5F5265 
 798      616400
 799              	.LASF29:
 800 013d 6973725F 		.ascii	"isr_1_SetVector\000"
 800      315F5365 
 800      74566563 
 800      746F7200 
 801              	.LASF36:
 802 014d 6D61696E 		.ascii	"main\000"
 802      00
 803              	.LASF23:
ARM GAS  C:\Users\robin\AppData\Local\Temp\ccRs8pkJ.s 			page 17


 804 0152 666C6167 		.ascii	"flag_05hz\000"
 804      5F303568 
 804      7A00
 805              	.LASF17:
 806 015c 746F6767 		.ascii	"toggle_LED1\000"
 806      6C655F4C 
 806      45443100 
 807              	.LASF18:
 808 0168 746F6767 		.ascii	"toggle_LED2\000"
 808      6C655F4C 
 808      45443200 
 809              	.LASF8:
 810 0174 756E7369 		.ascii	"unsigned int\000"
 810      676E6564 
 810      20696E74 
 810      00
 811              	.LASF7:
 812 0181 6C6F6E67 		.ascii	"long long unsigned int\000"
 812      206C6F6E 
 812      6720756E 
 812      7369676E 
 812      65642069 
 813              	.LASF26:
 814 0198 4C454432 		.ascii	"LED2_Read\000"
 814      5F526561 
 814      6400
 815              	.LASF10:
 816 01a2 696E7433 		.ascii	"int32_t\000"
 816      325F7400 
 817              	.LASF16:
 818 01aa 73697A65 		.ascii	"sizetype\000"
 818      74797065 
 818      00
 819              	.LASF6:
 820 01b3 6C6F6E67 		.ascii	"long long int\000"
 820      206C6F6E 
 820      6720696E 
 820      7400
 821              	.LASF33:
 822 01c1 6D61696E 		.ascii	"main.c\000"
 822      2E6300
 823              	.LASF14:
 824 01c8 63686172 		.ascii	"char\000"
 824      00
 825              	.LASF2:
 826 01cd 73686F72 		.ascii	"short int\000"
 826      7420696E 
 826      7400
 827              	.LASF30:
 828 01d7 50574D5F 		.ascii	"PWM_Start\000"
 828      53746172 
 828      7400
 829              	.LASF35:
 830 01e1 6973725F 		.ascii	"isr_1_Interrupt\000"
 830      315F496E 
 830      74657272 
 830      75707400 
ARM GAS  C:\Users\robin\AppData\Local\Temp\ccRs8pkJ.s 			page 18


 831              	.LASF4:
 832 01f1 6C6F6E67 		.ascii	"long int\000"
 832      20696E74 
 832      00
 833              	.LASF15:
 834 01fa 6C6F6E67 		.ascii	"long double\000"
 834      20646F75 
 834      626C6500 
 835              	.LASF22:
 836 0206 666C6167 		.ascii	"flag_5hz\000"
 836      5F35687A 
 836      00
 837              	.LASF34:
 838 020f 433A5C55 		.ascii	"C:\\Users\\robin\\Universidad\\Tercero\\2o_Cuat\\DS"
 838      73657273 
 838      5C726F62 
 838      696E5C55 
 838      6E697665 
 839 023c 455C5072 		.ascii	"E\\Practicas\\Practicas\\Practica1.cydsn\000"
 839      61637469 
 839      6361735C 
 839      50726163 
 839      74696361 
 840              		.ident	"GCC: (GNU Tools for ARM Embedded Processors) 5.4.1 20160609 (release) [ARM/embedded-5-bran
