ARM GAS  C:\Users\robin\AppData\Local\Temp\cck9I2TK.s 			page 1


   1              		.syntax unified
   2              		.cpu cortex-m3
   3              		.fpu softvfp
   4              		.eabi_attribute 20, 1
   5              		.eabi_attribute 21, 1
   6              		.eabi_attribute 23, 3
   7              		.eabi_attribute 24, 1
   8              		.eabi_attribute 25, 1
   9              		.eabi_attribute 26, 1
  10              		.eabi_attribute 30, 1
  11              		.eabi_attribute 34, 1
  12              		.eabi_attribute 18, 4
  13              		.thumb
  14              		.syntax unified
  15              		.file	"cymetadata.c"
  16              		.text
  17              	.Ltext0:
  18              		.cfi_sections	.debug_frame
  19              		.global	cy_metadata
  20              		.global	cy_meta_flashprotect
  21              		.global	cy_meta_wonvl
  22              		.global	cy_meta_custnvl
  23              		.global	cy_meta_configecc
  24              		.section	.cyconfigecc,"a",%progbits
  25              		.align	2
  26              		.type	cy_meta_configecc, %object
  27              		.size	cy_meta_configecc, 236
  28              	cy_meta_configecc:
  29 0000 35       		.byte	53
  30 0001 18       		.byte	24
  31 0002 01       		.byte	1
  32 0003 40       		.byte	64
  33 0004 24       		.byte	36
  34 0005 19       		.byte	25
  35 0006 01       		.byte	1
  36 0007 40       		.byte	64
  37 0008 02       		.byte	2
  38 0009 1B       		.byte	27
  39 000a 01       		.byte	1
  40 000b 40       		.byte	64
  41 000c 02       		.byte	2
  42 000d 4C       		.byte	76
  43 000e 01       		.byte	1
  44 000f 40       		.byte	64
  45 0010 02       		.byte	2
  46 0011 4D       		.byte	77
  47 0012 01       		.byte	1
  48 0013 40       		.byte	64
  49 0014 02       		.byte	2
  50 0015 50       		.byte	80
  51 0016 01       		.byte	1
  52 0017 40       		.byte	64
  53 0018 02       		.byte	2
  54 0019 29       		.byte	41
  55 001a 06       		.byte	6
  56 001b 4D       		.byte	77
  57 001c 08       		.byte	8
ARM GAS  C:\Users\robin\AppData\Local\Temp\cck9I2TK.s 			page 2


  58 001d 04       		.byte	4
  59 001e 0A       		.byte	10
  60 001f 29       		.byte	41
  61 0020 0C       		.byte	12
  62 0021 04       		.byte	4
  63 0022 0E       		.byte	14
  64 0023 29       		.byte	41
  65 0024 0F       		.byte	15
  66 0025 55       		.byte	85
  67 0026 10       		.byte	16
  68 0027 04       		.byte	4
  69 0028 12       		.byte	18
  70 0029 02       		.byte	2
  71 002a 13       		.byte	19
  72 002b 02       		.byte	2
  73 002c 16       		.byte	22
  74 002d 2D       		.byte	45
  75 002e 17       		.byte	23
  76 002f 25       		.byte	37
  77 0030 1A       		.byte	26
  78 0031 15       		.byte	21
  79 0032 1B       		.byte	27
  80 0033 95       		.byte	-107
  81 0034 1C       		.byte	28
  82 0035 29       		.byte	41
  83 0036 1E       		.byte	30
  84 0037 52       		.byte	82
  85 0038 1F       		.byte	31
  86 0039 09       		.byte	9
  87 003a 20       		.byte	32
  88 003b 04       		.byte	4
  89 003c 21       		.byte	33
  90 003d 55       		.byte	85
  91 003e 22       		.byte	34
  92 003f 29       		.byte	41
  93 0040 23       		.byte	35
  94 0041 AA       		.byte	-86
  95 0042 28       		.byte	40
  96 0043 04       		.byte	4
  97 0044 2A       		.byte	42
  98 0045 29       		.byte	41
  99 0046 2B       		.byte	43
 100 0047 55       		.byte	85
 101 0048 30       		.byte	48
 102 0049 03       		.byte	3
 103 004a 31       		.byte	49
 104 004b 0C       		.byte	12
 105 004c 32       		.byte	50
 106 004d 60       		.byte	96
 107 004e 33       		.byte	51
 108 004f C0       		.byte	-64
 109 0050 34       		.byte	52
 110 0051 18       		.byte	24
 111 0052 35       		.byte	53
 112 0053 30       		.byte	48
 113 0054 36       		.byte	54
 114 0055 04       		.byte	4
ARM GAS  C:\Users\robin\AppData\Local\Temp\cck9I2TK.s 			page 3


 115 0056 37       		.byte	55
 116 0057 03       		.byte	3
 117 0058 3A       		.byte	58
 118 0059 2A       		.byte	42
 119 005a 3B       		.byte	59
 120 005b AA       		.byte	-86
 121 005c 3E       		.byte	62
 122 005d 40       		.byte	64
 123 005e 58       		.byte	88
 124 005f 04       		.byte	4
 125 0060 59       		.byte	89
 126 0061 04       		.byte	4
 127 0062 5B       		.byte	91
 128 0063 04       		.byte	4
 129 0064 5F       		.byte	95
 130 0065 01       		.byte	1
 131 0066 80       		.byte	-128
 132 0067 04       		.byte	4
 133 0068 82       		.byte	-126
 134 0069 08       		.byte	8
 135 006a 88       		.byte	-120
 136 006b 02       		.byte	2
 137 006c 8A       		.byte	-118
 138 006d 01       		.byte	1
 139 006e 90       		.byte	-112
 140 006f 01       		.byte	1
 141 0070 92       		.byte	-110
 142 0071 02       		.byte	2
 143 0072 9A       		.byte	-102
 144 0073 04       		.byte	4
 145 0074 9C       		.byte	-100
 146 0075 03       		.byte	3
 147 0076 B0       		.byte	-80
 148 0077 04       		.byte	4
 149 0078 B2       		.byte	-78
 150 0079 03       		.byte	3
 151 007a B4       		.byte	-76
 152 007b 08       		.byte	8
 153 007c BE       		.byte	-66
 154 007d 01       		.byte	1
 155 007e D8       		.byte	-40
 156 007f 04       		.byte	4
 157 0080 DF       		.byte	-33
 158 0081 01       		.byte	1
 159 0082 00       		.byte	0
 160 0083 02       		.byte	2
 161 0084 03       		.byte	3
 162 0085 08       		.byte	8
 163 0086 04       		.byte	4
 164 0087 A0       		.byte	-96
 165 0088 05       		.byte	5
 166 0089 06       		.byte	6
 167 008a 09       		.byte	9
 168 008b 80       		.byte	-128
 169 008c 0A       		.byte	10
 170 008d 44       		.byte	68
 171 008e 0D       		.byte	13
ARM GAS  C:\Users\robin\AppData\Local\Temp\cck9I2TK.s 			page 4


 172 008f 82       		.byte	-126
 173 0090 0E       		.byte	14
 174 0091 28       		.byte	40
 175 0092 16       		.byte	22
 176 0093 40       		.byte	64
 177 0094 17       		.byte	23
 178 0095 22       		.byte	34
 179 0096 18       		.byte	24
 180 0097 20       		.byte	32
 181 0098 19       		.byte	25
 182 0099 02       		.byte	2
 183 009a 1A       		.byte	26
 184 009b 44       		.byte	68
 185 009c 1B       		.byte	27
 186 009d 08       		.byte	8
 187 009e 1D       		.byte	29
 188 009f 87       		.byte	-121
 189 00a0 1E       		.byte	30
 190 00a1 08       		.byte	8
 191 00a2 1F       		.byte	31
 192 00a3 94       		.byte	-108
 193 00a4 24       		.byte	36
 194 00a5 80       		.byte	-128
 195 00a6 26       		.byte	38
 196 00a7 11       		.byte	17
 197 00a8 27       		.byte	39
 198 00a9 6A       		.byte	106
 199 00aa 2F       		.byte	47
 200 00ab 88       		.byte	-120
 201 00ac 37       		.byte	55
 202 00ad 6A       		.byte	106
 203 00ae 3E       		.byte	62
 204 00af 40       		.byte	64
 205 00b0 5E       		.byte	94
 206 00b1 02       		.byte	2
 207 00b2 5F       		.byte	95
 208 00b3 68       		.byte	104
 209 00b4 65       		.byte	101
 210 00b5 01       		.byte	1
 211 00b6 66       		.byte	102
 212 00b7 40       		.byte	64
 213 00b8 67       		.byte	103
 214 00b9 28       		.byte	40
 215 00ba C0       		.byte	-64
 216 00bb FA       		.byte	-6
 217 00bc C2       		.byte	-62
 218 00bd FB       		.byte	-5
 219 00be C4       		.byte	-60
 220 00bf 50       		.byte	80
 221 00c0 CA       		.byte	-54
 222 00c1 A0       		.byte	-96
 223 00c2 CC       		.byte	-52
 224 00c3 F0       		.byte	-16
 225 00c4 CE       		.byte	-50
 226 00c5 10       		.byte	16
 227 00c6 D6       		.byte	-42
 228 00c7 F0       		.byte	-16
ARM GAS  C:\Users\robin\AppData\Local\Temp\cck9I2TK.s 			page 5


 229 00c8 D8       		.byte	-40
 230 00c9 F0       		.byte	-16
 231 00ca AF       		.byte	-81
 232 00cb 48       		.byte	72
 233 00cc B0       		.byte	-80
 234 00cd 01       		.byte	1
 235 00ce 0C       		.byte	12
 236 00cf 40       		.byte	64
 237 00d0 C2       		.byte	-62
 238 00d1 01       		.byte	1
 239 00d2 B0       		.byte	-80
 240 00d3 40       		.byte	64
 241 00d4 EA       		.byte	-22
 242 00d5 01       		.byte	1
 243 00d6 10       		.byte	16
 244 00d7 01       		.byte	1
 245 00d8 1C       		.byte	28
 246 00d9 01       		.byte	1
 247 00da 00       		.byte	0
 248 00db 00       		.byte	0
 249 00dc 00       		.byte	0
 250 00dd 8B       		.byte	-117
 251 00de 8B       		.byte	-117
 252 00df 00       		.byte	0
 253 00e0 00       		.byte	0
 254 00e1 00       		.byte	0
 255 00e2 00       		.byte	0
 256 00e3 00       		.byte	0
 257 00e4 00       		.byte	0
 258 00e5 FE       		.byte	-2
 259 00e6 FE       		.byte	-2
 260 00e7 00       		.byte	0
 261 00e8 00       		.byte	0
 262 00e9 00       		.byte	0
 263 00ea 00       		.byte	0
 264 00eb 00       		.byte	0
 265              		.section	.cywolatch,"a",%progbits
 266              		.align	2
 267              		.type	cy_meta_wonvl, %object
 268              		.size	cy_meta_wonvl, 4
 269              	cy_meta_wonvl:
 270 0000 BC       		.byte	-68
 271 0001 90       		.byte	-112
 272 0002 AC       		.byte	-84
 273 0003 AF       		.byte	-81
 274              		.section	.cycustnvl,"a",%progbits
 275              		.align	2
 276              		.type	cy_meta_custnvl, %object
 277              		.size	cy_meta_custnvl, 4
 278              	cy_meta_custnvl:
 279 0000 00       		.byte	0
 280 0001 00       		.byte	0
 281 0002 40       		.byte	64
 282 0003 05       		.byte	5
 283              		.section	.cymeta,"a",%progbits
 284              		.align	2
 285              		.type	cy_metadata, %object
ARM GAS  C:\Users\robin\AppData\Local\Temp\cck9I2TK.s 			page 6


 286              		.size	cy_metadata, 12
 287              	cy_metadata:
 288 0000 00       		.byte	0
 289 0001 01       		.byte	1
 290 0002 2E       		.byte	46
 291 0003 16       		.byte	22
 292 0004 10       		.byte	16
 293 0005 69       		.byte	105
 294 0006 00       		.byte	0
 295 0007 01       		.byte	1
 296 0008 00       		.byte	0
 297 0009 00       		.byte	0
 298 000a 00       		.byte	0
 299 000b 00       		.byte	0
 300              		.section	.cyflashprotect,"a",%progbits
 301              		.align	2
 302              		.type	cy_meta_flashprotect, %object
 303              		.size	cy_meta_flashprotect, 256
 304              	cy_meta_flashprotect:
 305 0000 00000000 		.space	256
 305      00000000 
 305      00000000 
 305      00000000 
 305      00000000 
 306              		.text
 307              	.Letext0:
 308              		.file 1 "c:\\program files (x86)\\cypress\\psoc creator\\4.2\\psoc creator\\import\\gnu\\arm\\5.4.
 309              		.file 2 "c:\\program files (x86)\\cypress\\psoc creator\\4.2\\psoc creator\\import\\gnu\\arm\\5.4.
 310              		.file 3 "Generated_Source\\PSoC5\\cymetadata.c"
 311              		.section	.debug_info,"",%progbits
 312              	.Ldebug_info0:
 313 0000 30010000 		.4byte	0x130
 314 0004 0400     		.2byte	0x4
 315 0006 00000000 		.4byte	.Ldebug_abbrev0
 316 000a 04       		.byte	0x4
 317 000b 01       		.uleb128 0x1
 318 000c 79000000 		.4byte	.LASF17
 319 0010 0C       		.byte	0xc
 320 0011 D3010000 		.4byte	.LASF18
 321 0015 0A000000 		.4byte	.LASF19
 322 0019 00000000 		.4byte	.Ldebug_line0
 323 001d 02       		.uleb128 0x2
 324 001e 01       		.byte	0x1
 325 001f 06       		.byte	0x6
 326 0020 C7010000 		.4byte	.LASF0
 327 0024 03       		.uleb128 0x3
 328 0025 00000000 		.4byte	.LASF9
 329 0029 01       		.byte	0x1
 330 002a 1D       		.byte	0x1d
 331 002b 2F000000 		.4byte	0x2f
 332 002f 02       		.uleb128 0x2
 333 0030 01       		.byte	0x1
 334 0031 08       		.byte	0x8
 335 0032 6B000000 		.4byte	.LASF1
 336 0036 02       		.uleb128 0x2
 337 0037 02       		.byte	0x2
 338 0038 05       		.byte	0x5
ARM GAS  C:\Users\robin\AppData\Local\Temp\cck9I2TK.s 			page 7


 339 0039 B4010000 		.4byte	.LASF2
 340 003d 02       		.uleb128 0x2
 341 003e 02       		.byte	0x2
 342 003f 07       		.byte	0x7
 343 0040 19010000 		.4byte	.LASF3
 344 0044 02       		.uleb128 0x2
 345 0045 04       		.byte	0x4
 346 0046 05       		.byte	0x5
 347 0047 BE010000 		.4byte	.LASF4
 348 004b 02       		.uleb128 0x2
 349 004c 04       		.byte	0x4
 350 004d 07       		.byte	0x7
 351 004e 07010000 		.4byte	.LASF5
 352 0052 02       		.uleb128 0x2
 353 0053 08       		.byte	0x8
 354 0054 05       		.byte	0x5
 355 0055 A6010000 		.4byte	.LASF6
 356 0059 02       		.uleb128 0x2
 357 005a 08       		.byte	0x8
 358 005b 07       		.byte	0x7
 359 005c 5B010000 		.4byte	.LASF7
 360 0060 04       		.uleb128 0x4
 361 0061 04       		.byte	0x4
 362 0062 05       		.byte	0x5
 363 0063 696E7400 		.ascii	"int\000"
 364 0067 02       		.uleb128 0x2
 365 0068 04       		.byte	0x4
 366 0069 07       		.byte	0x7
 367 006a 4E010000 		.4byte	.LASF8
 368 006e 03       		.uleb128 0x3
 369 006f 72010000 		.4byte	.LASF10
 370 0073 02       		.byte	0x2
 371 0074 18       		.byte	0x18
 372 0075 24000000 		.4byte	0x24
 373 0079 05       		.uleb128 0x5
 374 007a 90000000 		.4byte	0x90
 375 007e 89000000 		.4byte	0x89
 376 0082 06       		.uleb128 0x6
 377 0083 89000000 		.4byte	0x89
 378 0087 EB       		.byte	0xeb
 379 0088 00       		.byte	0
 380 0089 02       		.uleb128 0x2
 381 008a 04       		.byte	0x4
 382 008b 07       		.byte	0x7
 383 008c 9D010000 		.4byte	.LASF11
 384 0090 07       		.uleb128 0x7
 385 0091 6E000000 		.4byte	0x6e
 386 0095 08       		.uleb128 0x8
 387 0096 3C010000 		.4byte	.LASF12
 388 009a 03       		.byte	0x3
 389 009b 1F       		.byte	0x1f
 390 009c A6000000 		.4byte	0xa6
 391 00a0 05       		.uleb128 0x5
 392 00a1 03       		.byte	0x3
 393 00a2 00000000 		.4byte	cy_meta_configecc
 394 00a6 07       		.uleb128 0x7
 395 00a7 79000000 		.4byte	0x79
ARM GAS  C:\Users\robin\AppData\Local\Temp\cck9I2TK.s 			page 8


 396 00ab 05       		.uleb128 0x5
 397 00ac 90000000 		.4byte	0x90
 398 00b0 BB000000 		.4byte	0xbb
 399 00b4 06       		.uleb128 0x6
 400 00b5 89000000 		.4byte	0x89
 401 00b9 03       		.byte	0x3
 402 00ba 00       		.byte	0
 403 00bb 08       		.uleb128 0x8
 404 00bc 2C010000 		.4byte	.LASF13
 405 00c0 03       		.byte	0x3
 406 00c1 4A       		.byte	0x4a
 407 00c2 CC000000 		.4byte	0xcc
 408 00c6 05       		.uleb128 0x5
 409 00c7 03       		.byte	0x3
 410 00c8 00000000 		.4byte	cy_meta_custnvl
 411 00cc 07       		.uleb128 0x7
 412 00cd AB000000 		.4byte	0xab
 413 00d1 08       		.uleb128 0x8
 414 00d2 8F010000 		.4byte	.LASF14
 415 00d6 03       		.byte	0x3
 416 00d7 58       		.byte	0x58
 417 00d8 E2000000 		.4byte	0xe2
 418 00dc 05       		.uleb128 0x5
 419 00dd 03       		.byte	0x3
 420 00de 00000000 		.4byte	cy_meta_wonvl
 421 00e2 07       		.uleb128 0x7
 422 00e3 AB000000 		.4byte	0xab
 423 00e7 05       		.uleb128 0x5
 424 00e8 90000000 		.4byte	0x90
 425 00ec F7000000 		.4byte	0xf7
 426 00f0 06       		.uleb128 0x6
 427 00f1 89000000 		.4byte	0x89
 428 00f5 FF       		.byte	0xff
 429 00f6 00       		.byte	0
 430 00f7 08       		.uleb128 0x8
 431 00f8 7A010000 		.4byte	.LASF15
 432 00fc 03       		.byte	0x3
 433 00fd 66       		.byte	0x66
 434 00fe 08010000 		.4byte	0x108
 435 0102 05       		.uleb128 0x5
 436 0103 03       		.byte	0x3
 437 0104 00000000 		.4byte	cy_meta_flashprotect
 438 0108 07       		.uleb128 0x7
 439 0109 E7000000 		.4byte	0xe7
 440 010d 05       		.uleb128 0x5
 441 010e 90000000 		.4byte	0x90
 442 0112 1D010000 		.4byte	0x11d
 443 0116 06       		.uleb128 0x6
 444 0117 89000000 		.4byte	0x89
 445 011b 0B       		.byte	0xb
 446 011c 00       		.byte	0
 447 011d 08       		.uleb128 0x8
 448 011e 5F000000 		.4byte	.LASF16
 449 0122 03       		.byte	0x3
 450 0123 93       		.byte	0x93
 451 0124 2E010000 		.4byte	0x12e
 452 0128 05       		.uleb128 0x5
ARM GAS  C:\Users\robin\AppData\Local\Temp\cck9I2TK.s 			page 9


 453 0129 03       		.byte	0x3
 454 012a 00000000 		.4byte	cy_metadata
 455 012e 07       		.uleb128 0x7
 456 012f 0D010000 		.4byte	0x10d
 457 0133 00       		.byte	0
 458              		.section	.debug_abbrev,"",%progbits
 459              	.Ldebug_abbrev0:
 460 0000 01       		.uleb128 0x1
 461 0001 11       		.uleb128 0x11
 462 0002 01       		.byte	0x1
 463 0003 25       		.uleb128 0x25
 464 0004 0E       		.uleb128 0xe
 465 0005 13       		.uleb128 0x13
 466 0006 0B       		.uleb128 0xb
 467 0007 03       		.uleb128 0x3
 468 0008 0E       		.uleb128 0xe
 469 0009 1B       		.uleb128 0x1b
 470 000a 0E       		.uleb128 0xe
 471 000b 10       		.uleb128 0x10
 472 000c 17       		.uleb128 0x17
 473 000d 00       		.byte	0
 474 000e 00       		.byte	0
 475 000f 02       		.uleb128 0x2
 476 0010 24       		.uleb128 0x24
 477 0011 00       		.byte	0
 478 0012 0B       		.uleb128 0xb
 479 0013 0B       		.uleb128 0xb
 480 0014 3E       		.uleb128 0x3e
 481 0015 0B       		.uleb128 0xb
 482 0016 03       		.uleb128 0x3
 483 0017 0E       		.uleb128 0xe
 484 0018 00       		.byte	0
 485 0019 00       		.byte	0
 486 001a 03       		.uleb128 0x3
 487 001b 16       		.uleb128 0x16
 488 001c 00       		.byte	0
 489 001d 03       		.uleb128 0x3
 490 001e 0E       		.uleb128 0xe
 491 001f 3A       		.uleb128 0x3a
 492 0020 0B       		.uleb128 0xb
 493 0021 3B       		.uleb128 0x3b
 494 0022 0B       		.uleb128 0xb
 495 0023 49       		.uleb128 0x49
 496 0024 13       		.uleb128 0x13
 497 0025 00       		.byte	0
 498 0026 00       		.byte	0
 499 0027 04       		.uleb128 0x4
 500 0028 24       		.uleb128 0x24
 501 0029 00       		.byte	0
 502 002a 0B       		.uleb128 0xb
 503 002b 0B       		.uleb128 0xb
 504 002c 3E       		.uleb128 0x3e
 505 002d 0B       		.uleb128 0xb
 506 002e 03       		.uleb128 0x3
 507 002f 08       		.uleb128 0x8
 508 0030 00       		.byte	0
 509 0031 00       		.byte	0
ARM GAS  C:\Users\robin\AppData\Local\Temp\cck9I2TK.s 			page 10


 510 0032 05       		.uleb128 0x5
 511 0033 01       		.uleb128 0x1
 512 0034 01       		.byte	0x1
 513 0035 49       		.uleb128 0x49
 514 0036 13       		.uleb128 0x13
 515 0037 01       		.uleb128 0x1
 516 0038 13       		.uleb128 0x13
 517 0039 00       		.byte	0
 518 003a 00       		.byte	0
 519 003b 06       		.uleb128 0x6
 520 003c 21       		.uleb128 0x21
 521 003d 00       		.byte	0
 522 003e 49       		.uleb128 0x49
 523 003f 13       		.uleb128 0x13
 524 0040 2F       		.uleb128 0x2f
 525 0041 0B       		.uleb128 0xb
 526 0042 00       		.byte	0
 527 0043 00       		.byte	0
 528 0044 07       		.uleb128 0x7
 529 0045 26       		.uleb128 0x26
 530 0046 00       		.byte	0
 531 0047 49       		.uleb128 0x49
 532 0048 13       		.uleb128 0x13
 533 0049 00       		.byte	0
 534 004a 00       		.byte	0
 535 004b 08       		.uleb128 0x8
 536 004c 34       		.uleb128 0x34
 537 004d 00       		.byte	0
 538 004e 03       		.uleb128 0x3
 539 004f 0E       		.uleb128 0xe
 540 0050 3A       		.uleb128 0x3a
 541 0051 0B       		.uleb128 0xb
 542 0052 3B       		.uleb128 0x3b
 543 0053 0B       		.uleb128 0xb
 544 0054 49       		.uleb128 0x49
 545 0055 13       		.uleb128 0x13
 546 0056 3F       		.uleb128 0x3f
 547 0057 19       		.uleb128 0x19
 548 0058 02       		.uleb128 0x2
 549 0059 18       		.uleb128 0x18
 550 005a 00       		.byte	0
 551 005b 00       		.byte	0
 552 005c 00       		.byte	0
 553              		.section	.debug_aranges,"",%progbits
 554 0000 14000000 		.4byte	0x14
 555 0004 0200     		.2byte	0x2
 556 0006 00000000 		.4byte	.Ldebug_info0
 557 000a 04       		.byte	0x4
 558 000b 00       		.byte	0
 559 000c 0000     		.2byte	0
 560 000e 0000     		.2byte	0
 561 0010 00000000 		.4byte	0
 562 0014 00000000 		.4byte	0
 563              		.section	.debug_line,"",%progbits
 564              	.Ldebug_line0:
 565 0000 3D010000 		.section	.debug_str,"MS",%progbits,1
 565      02003701 
ARM GAS  C:\Users\robin\AppData\Local\Temp\cck9I2TK.s 			page 11


 565      00000201 
 565      FB0E0D00 
 565      01010101 
 566              	.LASF9:
 567 0000 5F5F7569 		.ascii	"__uint8_t\000"
 567      6E74385F 
 567      7400
 568              	.LASF19:
 569 000a 433A5C55 		.ascii	"C:\\Users\\robin\\Universidad\\Tercero\\2o_Cuat\\DS"
 569      73657273 
 569      5C726F62 
 569      696E5C55 
 569      6E697665 
 570 0037 455C5072 		.ascii	"E\\Practicas\\Practicas\\Practica2.3.cydsn\000"
 570      61637469 
 570      6361735C 
 570      50726163 
 570      74696361 
 571              	.LASF16:
 572 005f 63795F6D 		.ascii	"cy_metadata\000"
 572      65746164 
 572      61746100 
 573              	.LASF1:
 574 006b 756E7369 		.ascii	"unsigned char\000"
 574      676E6564 
 574      20636861 
 574      7200
 575              	.LASF17:
 576 0079 474E5520 		.ascii	"GNU C11 5.4.1 20160609 (release) [ARM/embedded-5-br"
 576      43313120 
 576      352E342E 
 576      31203230 
 576      31363036 
 577 00ac 616E6368 		.ascii	"anch revision 237715] -mcpu=cortex-m3 -mthumb -g -O"
 577      20726576 
 577      6973696F 
 577      6E203233 
 577      37373135 
 578 00df 67202D66 		.ascii	"g -ffunction-sections -ffat-lto-objects\000"
 578      66756E63 
 578      74696F6E 
 578      2D736563 
 578      74696F6E 
 579              	.LASF5:
 580 0107 6C6F6E67 		.ascii	"long unsigned int\000"
 580      20756E73 
 580      69676E65 
 580      6420696E 
 580      7400
 581              	.LASF3:
 582 0119 73686F72 		.ascii	"short unsigned int\000"
 582      7420756E 
 582      7369676E 
 582      65642069 
 582      6E7400
 583              	.LASF13:
 584 012c 63795F6D 		.ascii	"cy_meta_custnvl\000"
ARM GAS  C:\Users\robin\AppData\Local\Temp\cck9I2TK.s 			page 12


 584      6574615F 
 584      63757374 
 584      6E766C00 
 585              	.LASF12:
 586 013c 63795F6D 		.ascii	"cy_meta_configecc\000"
 586      6574615F 
 586      636F6E66 
 586      69676563 
 586      6300
 587              	.LASF8:
 588 014e 756E7369 		.ascii	"unsigned int\000"
 588      676E6564 
 588      20696E74 
 588      00
 589              	.LASF7:
 590 015b 6C6F6E67 		.ascii	"long long unsigned int\000"
 590      206C6F6E 
 590      6720756E 
 590      7369676E 
 590      65642069 
 591              	.LASF10:
 592 0172 75696E74 		.ascii	"uint8_t\000"
 592      385F7400 
 593              	.LASF15:
 594 017a 63795F6D 		.ascii	"cy_meta_flashprotect\000"
 594      6574615F 
 594      666C6173 
 594      6870726F 
 594      74656374 
 595              	.LASF14:
 596 018f 63795F6D 		.ascii	"cy_meta_wonvl\000"
 596      6574615F 
 596      776F6E76 
 596      6C00
 597              	.LASF11:
 598 019d 73697A65 		.ascii	"sizetype\000"
 598      74797065 
 598      00
 599              	.LASF6:
 600 01a6 6C6F6E67 		.ascii	"long long int\000"
 600      206C6F6E 
 600      6720696E 
 600      7400
 601              	.LASF2:
 602 01b4 73686F72 		.ascii	"short int\000"
 602      7420696E 
 602      7400
 603              	.LASF4:
 604 01be 6C6F6E67 		.ascii	"long int\000"
 604      20696E74 
 604      00
 605              	.LASF0:
 606 01c7 7369676E 		.ascii	"signed char\000"
 606      65642063 
 606      68617200 
 607              	.LASF18:
 608 01d3 47656E65 		.ascii	"Generated_Source\\PSoC5\\cymetadata.c\000"
ARM GAS  C:\Users\robin\AppData\Local\Temp\cck9I2TK.s 			page 13


 608      72617465 
 608      645F536F 
 608      75726365 
 608      5C50536F 
 609              		.ident	"GCC: (GNU Tools for ARM Embedded Processors) 5.4.1 20160609 (release) [ARM/embedded-5-bran
