ARM GAS  C:\Users\robin\AppData\Local\Temp\ccGPMxMH.s 			page 1


   1              		.syntax unified
   2              		.cpu cortex-m3
   3              		.fpu softvfp
   4              		.eabi_attribute 20, 1
   5              		.eabi_attribute 21, 1
   6              		.eabi_attribute 23, 3
   7              		.eabi_attribute 24, 1
   8              		.eabi_attribute 25, 1
   9              		.eabi_attribute 26, 1
  10              		.eabi_attribute 30, 1
  11              		.eabi_attribute 34, 1
  12              		.eabi_attribute 18, 4
  13              		.thumb
  14              		.syntax unified
  15              		.file	"cymetadata.c"
  16              		.text
  17              	.Ltext0:
  18              		.cfi_sections	.debug_frame
  19              		.global	cy_metadata
  20              		.global	cy_meta_flashprotect
  21              		.global	cy_meta_wonvl
  22              		.global	cy_meta_custnvl
  23              		.global	cy_meta_configecc
  24              		.section	.cyconfigecc,"a",%progbits
  25              		.align	2
  26              		.type	cy_meta_configecc, %object
  27              		.size	cy_meta_configecc, 152
  28              	cy_meta_configecc:
  29 0000 02       		.byte	2
  30 0001 52       		.byte	82
  31 0002 00       		.byte	0
  32 0003 40       		.byte	64
  33 0004 01       		.byte	1
  34 0005 09       		.byte	9
  35 0006 01       		.byte	1
  36 0007 40       		.byte	64
  37 0008 02       		.byte	2
  38 0009 0B       		.byte	11
  39 000a 01       		.byte	1
  40 000b 40       		.byte	64
  41 000c 01       		.byte	1
  42 000d 15       		.byte	21
  43 000e 01       		.byte	1
  44 000f 40       		.byte	64
  45 0010 06       		.byte	6
  46 0011 18       		.byte	24
  47 0012 01       		.byte	1
  48 0013 40       		.byte	64
  49 0014 06       		.byte	6
  50 0015 19       		.byte	25
  51 0016 01       		.byte	1
  52 0017 40       		.byte	64
  53 0018 02       		.byte	2
  54 0019 1B       		.byte	27
  55 001a 01       		.byte	1
  56 001b 40       		.byte	64
  57 001c 02       		.byte	2
ARM GAS  C:\Users\robin\AppData\Local\Temp\ccGPMxMH.s 			page 2


  58 001d 45       		.byte	69
  59 001e 01       		.byte	1
  60 001f 40       		.byte	64
  61 0020 02       		.byte	2
  62 0021 46       		.byte	70
  63 0022 01       		.byte	1
  64 0023 40       		.byte	64
  65 0024 05       		.byte	5
  66 0025 49       		.byte	73
  67 0026 01       		.byte	1
  68 0027 40       		.byte	64
  69 0028 02       		.byte	2
  70 0029 4C       		.byte	76
  71 002a 01       		.byte	1
  72 002b 40       		.byte	64
  73 002c 02       		.byte	2
  74 002d 4D       		.byte	77
  75 002e 01       		.byte	1
  76 002f 40       		.byte	64
  77 0030 18       		.byte	24
  78 0031 02       		.byte	2
  79 0032 19       		.byte	25
  80 0033 02       		.byte	2
  81 0034 98       		.byte	-104
  82 0035 04       		.byte	4
  83 0036 98       		.byte	-104
  84 0037 04       		.byte	4
  85 0038 B0       		.byte	-80
  86 0039 04       		.byte	4
  87 003a EE       		.byte	-18
  88 003b 02       		.byte	2
  89 003c 82       		.byte	-126
  90 003d 01       		.byte	1
  91 003e AA       		.byte	-86
  92 003f 01       		.byte	1
  93 0040 B6       		.byte	-74
  94 0041 01       		.byte	1
  95 0042 BE       		.byte	-66
  96 0043 40       		.byte	64
  97 0044 D8       		.byte	-40
  98 0045 04       		.byte	4
  99 0046 DF       		.byte	-33
 100 0047 01       		.byte	1
 101 0048 00       		.byte	0
 102 0049 02       		.byte	2
 103 004a 10       		.byte	16
 104 004b 04       		.byte	4
 105 004c 1A       		.byte	26
 106 004d 02       		.byte	2
 107 004e 98       		.byte	-104
 108 004f 04       		.byte	4
 109 0050 C0       		.byte	-64
 110 0051 08       		.byte	8
 111 0052 C4       		.byte	-60
 112 0053 02       		.byte	2
 113 0054 AE       		.byte	-82
 114 0055 01       		.byte	1
ARM GAS  C:\Users\robin\AppData\Local\Temp\ccGPMxMH.s 			page 3


 115 0056 B0       		.byte	-80
 116 0057 01       		.byte	1
 117 0058 00       		.byte	0
 118 0059 20       		.byte	32
 119 005a C0       		.byte	-64
 120 005b 02       		.byte	2
 121 005c B0       		.byte	-80
 122 005d 10       		.byte	16
 123 005e EE       		.byte	-18
 124 005f 01       		.byte	1
 125 0060 5F       		.byte	95
 126 0061 40       		.byte	64
 127 0062 93       		.byte	-109
 128 0063 40       		.byte	64
 129 0064 AF       		.byte	-81
 130 0065 40       		.byte	64
 131 0066 D6       		.byte	-42
 132 0067 20       		.byte	32
 133 0068 EE       		.byte	-18
 134 0069 40       		.byte	64
 135 006a 0C       		.byte	12
 136 006b 40       		.byte	64
 137 006c C2       		.byte	-62
 138 006d 01       		.byte	1
 139 006e B0       		.byte	-80
 140 006f 40       		.byte	64
 141 0070 EA       		.byte	-22
 142 0071 01       		.byte	1
 143 0072 00       		.byte	0
 144 0073 00       		.byte	0
 145 0074 00       		.byte	0
 146 0075 7F       		.byte	127
 147 0076 7F       		.byte	127
 148 0077 00       		.byte	0
 149 0078 00       		.byte	0
 150 0079 00       		.byte	0
 151 007a 00       		.byte	0
 152 007b 00       		.byte	0
 153 007c 00       		.byte	0
 154 007d 8B       		.byte	-117
 155 007e 8B       		.byte	-117
 156 007f 00       		.byte	0
 157 0080 00       		.byte	0
 158 0081 00       		.byte	0
 159 0082 00       		.byte	0
 160 0083 00       		.byte	0
 161 0084 04       		.byte	4
 162 0085 00       		.byte	0
 163 0086 00       		.byte	0
 164 0087 04       		.byte	4
 165 0088 00       		.byte	0
 166 0089 00       		.byte	0
 167 008a 00       		.byte	0
 168 008b 00       		.byte	0
 169 008c 00       		.byte	0
 170 008d 00       		.byte	0
 171 008e 00       		.byte	0
ARM GAS  C:\Users\robin\AppData\Local\Temp\ccGPMxMH.s 			page 4


 172 008f 00       		.byte	0
 173 0090 00       		.byte	0
 174 0091 02       		.byte	2
 175 0092 02       		.byte	2
 176 0093 00       		.byte	0
 177 0094 02       		.byte	2
 178 0095 00       		.byte	0
 179 0096 00       		.byte	0
 180 0097 00       		.byte	0
 181              		.section	.cywolatch,"a",%progbits
 182              		.align	2
 183              		.type	cy_meta_wonvl, %object
 184              		.size	cy_meta_wonvl, 4
 185              	cy_meta_wonvl:
 186 0000 BC       		.byte	-68
 187 0001 90       		.byte	-112
 188 0002 AC       		.byte	-84
 189 0003 AF       		.byte	-81
 190              		.section	.cycustnvl,"a",%progbits
 191              		.align	2
 192              		.type	cy_meta_custnvl, %object
 193              		.size	cy_meta_custnvl, 4
 194              	cy_meta_custnvl:
 195 0000 00       		.byte	0
 196 0001 00       		.byte	0
 197 0002 40       		.byte	64
 198 0003 05       		.byte	5
 199              		.section	.cymeta,"a",%progbits
 200              		.align	2
 201              		.type	cy_metadata, %object
 202              		.size	cy_metadata, 12
 203              	cy_metadata:
 204 0000 00       		.byte	0
 205 0001 01       		.byte	1
 206 0002 2E       		.byte	46
 207 0003 16       		.byte	22
 208 0004 10       		.byte	16
 209 0005 69       		.byte	105
 210 0006 00       		.byte	0
 211 0007 01       		.byte	1
 212 0008 00       		.byte	0
 213 0009 00       		.byte	0
 214 000a 00       		.byte	0
 215 000b 00       		.byte	0
 216              		.section	.cyflashprotect,"a",%progbits
 217              		.align	2
 218              		.type	cy_meta_flashprotect, %object
 219              		.size	cy_meta_flashprotect, 256
 220              	cy_meta_flashprotect:
 221 0000 00000000 		.space	256
 221      00000000 
 221      00000000 
 221      00000000 
 221      00000000 
 222              		.text
 223              	.Letext0:
 224              		.file 1 "c:\\program files (x86)\\cypress\\psoc creator\\4.2\\psoc creator\\import\\gnu\\arm\\5.4.
ARM GAS  C:\Users\robin\AppData\Local\Temp\ccGPMxMH.s 			page 5


 225              		.file 2 "c:\\program files (x86)\\cypress\\psoc creator\\4.2\\psoc creator\\import\\gnu\\arm\\5.4.
 226              		.file 3 "Generated_Source\\PSoC5\\cymetadata.c"
 227              		.section	.debug_info,"",%progbits
 228              	.Ldebug_info0:
 229 0000 30010000 		.4byte	0x130
 230 0004 0400     		.2byte	0x4
 231 0006 00000000 		.4byte	.Ldebug_abbrev0
 232 000a 04       		.byte	0x4
 233 000b 01       		.uleb128 0x1
 234 000c 77000000 		.4byte	.LASF17
 235 0010 0C       		.byte	0xc
 236 0011 D1010000 		.4byte	.LASF18
 237 0015 00000000 		.4byte	.LASF19
 238 0019 00000000 		.4byte	.Ldebug_line0
 239 001d 02       		.uleb128 0x2
 240 001e 01       		.byte	0x1
 241 001f 06       		.byte	0x6
 242 0020 C5010000 		.4byte	.LASF0
 243 0024 03       		.uleb128 0x3
 244 0025 53000000 		.4byte	.LASF9
 245 0029 01       		.byte	0x1
 246 002a 1D       		.byte	0x1d
 247 002b 2F000000 		.4byte	0x2f
 248 002f 02       		.uleb128 0x2
 249 0030 01       		.byte	0x1
 250 0031 08       		.byte	0x8
 251 0032 69000000 		.4byte	.LASF1
 252 0036 02       		.uleb128 0x2
 253 0037 02       		.byte	0x2
 254 0038 05       		.byte	0x5
 255 0039 B2010000 		.4byte	.LASF2
 256 003d 02       		.uleb128 0x2
 257 003e 02       		.byte	0x2
 258 003f 07       		.byte	0x7
 259 0040 17010000 		.4byte	.LASF3
 260 0044 02       		.uleb128 0x2
 261 0045 04       		.byte	0x4
 262 0046 05       		.byte	0x5
 263 0047 BC010000 		.4byte	.LASF4
 264 004b 02       		.uleb128 0x2
 265 004c 04       		.byte	0x4
 266 004d 07       		.byte	0x7
 267 004e 05010000 		.4byte	.LASF5
 268 0052 02       		.uleb128 0x2
 269 0053 08       		.byte	0x8
 270 0054 05       		.byte	0x5
 271 0055 A4010000 		.4byte	.LASF6
 272 0059 02       		.uleb128 0x2
 273 005a 08       		.byte	0x8
 274 005b 07       		.byte	0x7
 275 005c 59010000 		.4byte	.LASF7
 276 0060 04       		.uleb128 0x4
 277 0061 04       		.byte	0x4
 278 0062 05       		.byte	0x5
 279 0063 696E7400 		.ascii	"int\000"
 280 0067 02       		.uleb128 0x2
 281 0068 04       		.byte	0x4
ARM GAS  C:\Users\robin\AppData\Local\Temp\ccGPMxMH.s 			page 6


 282 0069 07       		.byte	0x7
 283 006a 4C010000 		.4byte	.LASF8
 284 006e 03       		.uleb128 0x3
 285 006f 70010000 		.4byte	.LASF10
 286 0073 02       		.byte	0x2
 287 0074 18       		.byte	0x18
 288 0075 24000000 		.4byte	0x24
 289 0079 05       		.uleb128 0x5
 290 007a 90000000 		.4byte	0x90
 291 007e 89000000 		.4byte	0x89
 292 0082 06       		.uleb128 0x6
 293 0083 89000000 		.4byte	0x89
 294 0087 97       		.byte	0x97
 295 0088 00       		.byte	0
 296 0089 02       		.uleb128 0x2
 297 008a 04       		.byte	0x4
 298 008b 07       		.byte	0x7
 299 008c 9B010000 		.4byte	.LASF11
 300 0090 07       		.uleb128 0x7
 301 0091 6E000000 		.4byte	0x6e
 302 0095 08       		.uleb128 0x8
 303 0096 3A010000 		.4byte	.LASF12
 304 009a 03       		.byte	0x3
 305 009b 1F       		.byte	0x1f
 306 009c A6000000 		.4byte	0xa6
 307 00a0 05       		.uleb128 0x5
 308 00a1 03       		.byte	0x3
 309 00a2 00000000 		.4byte	cy_meta_configecc
 310 00a6 07       		.uleb128 0x7
 311 00a7 79000000 		.4byte	0x79
 312 00ab 05       		.uleb128 0x5
 313 00ac 90000000 		.4byte	0x90
 314 00b0 BB000000 		.4byte	0xbb
 315 00b4 06       		.uleb128 0x6
 316 00b5 89000000 		.4byte	0x89
 317 00b9 03       		.byte	0x3
 318 00ba 00       		.byte	0
 319 00bb 08       		.uleb128 0x8
 320 00bc 2A010000 		.4byte	.LASF13
 321 00c0 03       		.byte	0x3
 322 00c1 3F       		.byte	0x3f
 323 00c2 CC000000 		.4byte	0xcc
 324 00c6 05       		.uleb128 0x5
 325 00c7 03       		.byte	0x3
 326 00c8 00000000 		.4byte	cy_meta_custnvl
 327 00cc 07       		.uleb128 0x7
 328 00cd AB000000 		.4byte	0xab
 329 00d1 08       		.uleb128 0x8
 330 00d2 8D010000 		.4byte	.LASF14
 331 00d6 03       		.byte	0x3
 332 00d7 4D       		.byte	0x4d
 333 00d8 E2000000 		.4byte	0xe2
 334 00dc 05       		.uleb128 0x5
 335 00dd 03       		.byte	0x3
 336 00de 00000000 		.4byte	cy_meta_wonvl
 337 00e2 07       		.uleb128 0x7
 338 00e3 AB000000 		.4byte	0xab
ARM GAS  C:\Users\robin\AppData\Local\Temp\ccGPMxMH.s 			page 7


 339 00e7 05       		.uleb128 0x5
 340 00e8 90000000 		.4byte	0x90
 341 00ec F7000000 		.4byte	0xf7
 342 00f0 06       		.uleb128 0x6
 343 00f1 89000000 		.4byte	0x89
 344 00f5 FF       		.byte	0xff
 345 00f6 00       		.byte	0
 346 00f7 08       		.uleb128 0x8
 347 00f8 78010000 		.4byte	.LASF15
 348 00fc 03       		.byte	0x3
 349 00fd 5B       		.byte	0x5b
 350 00fe 08010000 		.4byte	0x108
 351 0102 05       		.uleb128 0x5
 352 0103 03       		.byte	0x3
 353 0104 00000000 		.4byte	cy_meta_flashprotect
 354 0108 07       		.uleb128 0x7
 355 0109 E7000000 		.4byte	0xe7
 356 010d 05       		.uleb128 0x5
 357 010e 90000000 		.4byte	0x90
 358 0112 1D010000 		.4byte	0x11d
 359 0116 06       		.uleb128 0x6
 360 0117 89000000 		.4byte	0x89
 361 011b 0B       		.byte	0xb
 362 011c 00       		.byte	0
 363 011d 08       		.uleb128 0x8
 364 011e 5D000000 		.4byte	.LASF16
 365 0122 03       		.byte	0x3
 366 0123 88       		.byte	0x88
 367 0124 2E010000 		.4byte	0x12e
 368 0128 05       		.uleb128 0x5
 369 0129 03       		.byte	0x3
 370 012a 00000000 		.4byte	cy_metadata
 371 012e 07       		.uleb128 0x7
 372 012f 0D010000 		.4byte	0x10d
 373 0133 00       		.byte	0
 374              		.section	.debug_abbrev,"",%progbits
 375              	.Ldebug_abbrev0:
 376 0000 01       		.uleb128 0x1
 377 0001 11       		.uleb128 0x11
 378 0002 01       		.byte	0x1
 379 0003 25       		.uleb128 0x25
 380 0004 0E       		.uleb128 0xe
 381 0005 13       		.uleb128 0x13
 382 0006 0B       		.uleb128 0xb
 383 0007 03       		.uleb128 0x3
 384 0008 0E       		.uleb128 0xe
 385 0009 1B       		.uleb128 0x1b
 386 000a 0E       		.uleb128 0xe
 387 000b 10       		.uleb128 0x10
 388 000c 17       		.uleb128 0x17
 389 000d 00       		.byte	0
 390 000e 00       		.byte	0
 391 000f 02       		.uleb128 0x2
 392 0010 24       		.uleb128 0x24
 393 0011 00       		.byte	0
 394 0012 0B       		.uleb128 0xb
 395 0013 0B       		.uleb128 0xb
ARM GAS  C:\Users\robin\AppData\Local\Temp\ccGPMxMH.s 			page 8


 396 0014 3E       		.uleb128 0x3e
 397 0015 0B       		.uleb128 0xb
 398 0016 03       		.uleb128 0x3
 399 0017 0E       		.uleb128 0xe
 400 0018 00       		.byte	0
 401 0019 00       		.byte	0
 402 001a 03       		.uleb128 0x3
 403 001b 16       		.uleb128 0x16
 404 001c 00       		.byte	0
 405 001d 03       		.uleb128 0x3
 406 001e 0E       		.uleb128 0xe
 407 001f 3A       		.uleb128 0x3a
 408 0020 0B       		.uleb128 0xb
 409 0021 3B       		.uleb128 0x3b
 410 0022 0B       		.uleb128 0xb
 411 0023 49       		.uleb128 0x49
 412 0024 13       		.uleb128 0x13
 413 0025 00       		.byte	0
 414 0026 00       		.byte	0
 415 0027 04       		.uleb128 0x4
 416 0028 24       		.uleb128 0x24
 417 0029 00       		.byte	0
 418 002a 0B       		.uleb128 0xb
 419 002b 0B       		.uleb128 0xb
 420 002c 3E       		.uleb128 0x3e
 421 002d 0B       		.uleb128 0xb
 422 002e 03       		.uleb128 0x3
 423 002f 08       		.uleb128 0x8
 424 0030 00       		.byte	0
 425 0031 00       		.byte	0
 426 0032 05       		.uleb128 0x5
 427 0033 01       		.uleb128 0x1
 428 0034 01       		.byte	0x1
 429 0035 49       		.uleb128 0x49
 430 0036 13       		.uleb128 0x13
 431 0037 01       		.uleb128 0x1
 432 0038 13       		.uleb128 0x13
 433 0039 00       		.byte	0
 434 003a 00       		.byte	0
 435 003b 06       		.uleb128 0x6
 436 003c 21       		.uleb128 0x21
 437 003d 00       		.byte	0
 438 003e 49       		.uleb128 0x49
 439 003f 13       		.uleb128 0x13
 440 0040 2F       		.uleb128 0x2f
 441 0041 0B       		.uleb128 0xb
 442 0042 00       		.byte	0
 443 0043 00       		.byte	0
 444 0044 07       		.uleb128 0x7
 445 0045 26       		.uleb128 0x26
 446 0046 00       		.byte	0
 447 0047 49       		.uleb128 0x49
 448 0048 13       		.uleb128 0x13
 449 0049 00       		.byte	0
 450 004a 00       		.byte	0
 451 004b 08       		.uleb128 0x8
 452 004c 34       		.uleb128 0x34
ARM GAS  C:\Users\robin\AppData\Local\Temp\ccGPMxMH.s 			page 9


 453 004d 00       		.byte	0
 454 004e 03       		.uleb128 0x3
 455 004f 0E       		.uleb128 0xe
 456 0050 3A       		.uleb128 0x3a
 457 0051 0B       		.uleb128 0xb
 458 0052 3B       		.uleb128 0x3b
 459 0053 0B       		.uleb128 0xb
 460 0054 49       		.uleb128 0x49
 461 0055 13       		.uleb128 0x13
 462 0056 3F       		.uleb128 0x3f
 463 0057 19       		.uleb128 0x19
 464 0058 02       		.uleb128 0x2
 465 0059 18       		.uleb128 0x18
 466 005a 00       		.byte	0
 467 005b 00       		.byte	0
 468 005c 00       		.byte	0
 469              		.section	.debug_aranges,"",%progbits
 470 0000 14000000 		.4byte	0x14
 471 0004 0200     		.2byte	0x2
 472 0006 00000000 		.4byte	.Ldebug_info0
 473 000a 04       		.byte	0x4
 474 000b 00       		.byte	0
 475 000c 0000     		.2byte	0
 476 000e 0000     		.2byte	0
 477 0010 00000000 		.4byte	0
 478 0014 00000000 		.4byte	0
 479              		.section	.debug_line,"",%progbits
 480              	.Ldebug_line0:
 481 0000 3D010000 		.section	.debug_str,"MS",%progbits,1
 481      02003701 
 481      00000201 
 481      FB0E0D00 
 481      01010101 
 482              	.LASF19:
 483 0000 433A5C55 		.ascii	"C:\\Users\\robin\\Universidad\\Tercero\\2o_Cuat\\DS"
 483      73657273 
 483      5C726F62 
 483      696E5C55 
 483      6E697665 
 484 002d 455C5072 		.ascii	"E\\Practicas\\Practicas\\Practica2.cydsn\000"
 484      61637469 
 484      6361735C 
 484      50726163 
 484      74696361 
 485              	.LASF9:
 486 0053 5F5F7569 		.ascii	"__uint8_t\000"
 486      6E74385F 
 486      7400
 487              	.LASF16:
 488 005d 63795F6D 		.ascii	"cy_metadata\000"
 488      65746164 
 488      61746100 
 489              	.LASF1:
 490 0069 756E7369 		.ascii	"unsigned char\000"
 490      676E6564 
 490      20636861 
 490      7200
ARM GAS  C:\Users\robin\AppData\Local\Temp\ccGPMxMH.s 			page 10


 491              	.LASF17:
 492 0077 474E5520 		.ascii	"GNU C11 5.4.1 20160609 (release) [ARM/embedded-5-br"
 492      43313120 
 492      352E342E 
 492      31203230 
 492      31363036 
 493 00aa 616E6368 		.ascii	"anch revision 237715] -mcpu=cortex-m3 -mthumb -g -O"
 493      20726576 
 493      6973696F 
 493      6E203233 
 493      37373135 
 494 00dd 67202D66 		.ascii	"g -ffunction-sections -ffat-lto-objects\000"
 494      66756E63 
 494      74696F6E 
 494      2D736563 
 494      74696F6E 
 495              	.LASF5:
 496 0105 6C6F6E67 		.ascii	"long unsigned int\000"
 496      20756E73 
 496      69676E65 
 496      6420696E 
 496      7400
 497              	.LASF3:
 498 0117 73686F72 		.ascii	"short unsigned int\000"
 498      7420756E 
 498      7369676E 
 498      65642069 
 498      6E7400
 499              	.LASF13:
 500 012a 63795F6D 		.ascii	"cy_meta_custnvl\000"
 500      6574615F 
 500      63757374 
 500      6E766C00 
 501              	.LASF12:
 502 013a 63795F6D 		.ascii	"cy_meta_configecc\000"
 502      6574615F 
 502      636F6E66 
 502      69676563 
 502      6300
 503              	.LASF8:
 504 014c 756E7369 		.ascii	"unsigned int\000"
 504      676E6564 
 504      20696E74 
 504      00
 505              	.LASF7:
 506 0159 6C6F6E67 		.ascii	"long long unsigned int\000"
 506      206C6F6E 
 506      6720756E 
 506      7369676E 
 506      65642069 
 507              	.LASF10:
 508 0170 75696E74 		.ascii	"uint8_t\000"
 508      385F7400 
 509              	.LASF15:
 510 0178 63795F6D 		.ascii	"cy_meta_flashprotect\000"
 510      6574615F 
 510      666C6173 
ARM GAS  C:\Users\robin\AppData\Local\Temp\ccGPMxMH.s 			page 11


 510      6870726F 
 510      74656374 
 511              	.LASF14:
 512 018d 63795F6D 		.ascii	"cy_meta_wonvl\000"
 512      6574615F 
 512      776F6E76 
 512      6C00
 513              	.LASF11:
 514 019b 73697A65 		.ascii	"sizetype\000"
 514      74797065 
 514      00
 515              	.LASF6:
 516 01a4 6C6F6E67 		.ascii	"long long int\000"
 516      206C6F6E 
 516      6720696E 
 516      7400
 517              	.LASF2:
 518 01b2 73686F72 		.ascii	"short int\000"
 518      7420696E 
 518      7400
 519              	.LASF4:
 520 01bc 6C6F6E67 		.ascii	"long int\000"
 520      20696E74 
 520      00
 521              	.LASF0:
 522 01c5 7369676E 		.ascii	"signed char\000"
 522      65642063 
 522      68617200 
 523              	.LASF18:
 524 01d1 47656E65 		.ascii	"Generated_Source\\PSoC5\\cymetadata.c\000"
 524      72617465 
 524      645F536F 
 524      75726365 
 524      5C50536F 
 525              		.ident	"GCC: (GNU Tools for ARM Embedded Processors) 5.4.1 20160609 (release) [ARM/embedded-5-bran
