ARM GAS  C:\Users\robin\AppData\Local\Temp\ccl8CQXZ.s 			page 1


   1              		.syntax unified
   2              		.cpu cortex-m3
   3              		.fpu softvfp
   4              		.eabi_attribute 20, 1
   5              		.eabi_attribute 21, 1
   6              		.eabi_attribute 23, 3
   7              		.eabi_attribute 24, 1
   8              		.eabi_attribute 25, 1
   9              		.eabi_attribute 26, 1
  10              		.eabi_attribute 30, 1
  11              		.eabi_attribute 34, 1
  12              		.eabi_attribute 18, 4
  13              		.thumb
  14              		.syntax unified
  15              		.file	"cymetadata.c"
  16              		.text
  17              	.Ltext0:
  18              		.cfi_sections	.debug_frame
  19              		.global	cy_metadata
  20              		.global	cy_meta_flashprotect
  21              		.global	cy_meta_wonvl
  22              		.global	cy_meta_custnvl
  23              		.global	cy_meta_configecc
  24              		.section	.cyconfigecc,"a",%progbits
  25              		.align	2
  26              		.type	cy_meta_configecc, %object
  27              		.size	cy_meta_configecc, 1028
  28              	cy_meta_configecc:
  29 0000 04       		.byte	4
  30 0001 52       		.byte	82
  31 0002 00       		.byte	0
  32 0003 40       		.byte	64
  33 0004 01       		.byte	1
  34 0005 64       		.byte	100
  35 0006 00       		.byte	0
  36 0007 40       		.byte	64
  37 0008 03       		.byte	3
  38 0009 65       		.byte	101
  39 000a 00       		.byte	0
  40 000b 40       		.byte	64
  41 000c 05       		.byte	5
  42 000d 08       		.byte	8
  43 000e 01       		.byte	1
  44 000f 40       		.byte	64
  45 0010 34       		.byte	52
  46 0011 09       		.byte	9
  47 0012 01       		.byte	1
  48 0013 40       		.byte	64
  49 0014 01       		.byte	1
  50 0015 15       		.byte	21
  51 0016 01       		.byte	1
  52 0017 40       		.byte	64
  53 0018 01       		.byte	1
  54 0019 17       		.byte	23
  55 001a 01       		.byte	1
  56 001b 40       		.byte	64
  57 001c 4A       		.byte	74
ARM GAS  C:\Users\robin\AppData\Local\Temp\ccl8CQXZ.s 			page 2


  58 001d 18       		.byte	24
  59 001e 01       		.byte	1
  60 001f 40       		.byte	64
  61 0020 3C       		.byte	60
  62 0021 19       		.byte	25
  63 0022 01       		.byte	1
  64 0023 40       		.byte	64
  65 0024 64       		.byte	100
  66 0025 1A       		.byte	26
  67 0026 01       		.byte	1
  68 0027 40       		.byte	64
  69 0028 44       		.byte	68
  70 0029 1B       		.byte	27
  71 002a 01       		.byte	1
  72 002b 40       		.byte	64
  73 002c 02       		.byte	2
  74 002d 40       		.byte	64
  75 002e 01       		.byte	1
  76 002f 40       		.byte	64
  77 0030 01       		.byte	1
  78 0031 41       		.byte	65
  79 0032 01       		.byte	1
  80 0033 40       		.byte	64
  81 0034 01       		.byte	1
  82 0035 42       		.byte	66
  83 0036 01       		.byte	1
  84 0037 40       		.byte	64
  85 0038 01       		.byte	1
  86 0039 43       		.byte	67
  87 003a 01       		.byte	1
  88 003b 40       		.byte	64
  89 003c 02       		.byte	2
  90 003d 48       		.byte	72
  91 003e 01       		.byte	1
  92 003f 40       		.byte	64
  93 0040 05       		.byte	5
  94 0041 49       		.byte	73
  95 0042 01       		.byte	1
  96 0043 40       		.byte	64
  97 0044 07       		.byte	7
  98 0045 4D       		.byte	77
  99 0046 01       		.byte	1
 100 0047 40       		.byte	64
 101 0048 04       		.byte	4
 102 0049 50       		.byte	80
 103 004a 01       		.byte	1
 104 004b 40       		.byte	64
 105 004c 01       		.byte	1
 106 004d 51       		.byte	81
 107 004e 01       		.byte	1
 108 004f 40       		.byte	64
 109 0050 18       		.byte	24
 110 0051 01       		.byte	1
 111 0052 19       		.byte	25
 112 0053 01       		.byte	1
 113 0054 61       		.byte	97
 114 0055 80       		.byte	-128
ARM GAS  C:\Users\robin\AppData\Local\Temp\ccl8CQXZ.s 			page 3


 115 0056 64       		.byte	100
 116 0057 40       		.byte	64
 117 0058 88       		.byte	-120
 118 0059 72       		.byte	114
 119 005a 88       		.byte	-120
 120 005b 38       		.byte	56
 121 005c 8A       		.byte	-118
 122 005d 0F       		.byte	15
 123 005e 8B       		.byte	-117
 124 005f 0D       		.byte	13
 125 0060 A5       		.byte	-91
 126 0061 01       		.byte	1
 127 0062 B3       		.byte	-77
 128 0063 01       		.byte	1
 129 0064 BF       		.byte	-65
 130 0065 04       		.byte	4
 131 0066 D9       		.byte	-39
 132 0067 04       		.byte	4
 133 0068 DF       		.byte	-33
 134 0069 01       		.byte	1
 135 006a 04       		.byte	4
 136 006b 02       		.byte	2
 137 006c 05       		.byte	5
 138 006d 80       		.byte	-128
 139 006e 06       		.byte	6
 140 006f 08       		.byte	8
 141 0070 07       		.byte	7
 142 0071 20       		.byte	32
 143 0072 0C       		.byte	12
 144 0073 04       		.byte	4
 145 0074 0D       		.byte	13
 146 0075 08       		.byte	8
 147 0076 0E       		.byte	14
 148 0077 09       		.byte	9
 149 0078 15       		.byte	21
 150 0079 10       		.byte	16
 151 007a 16       		.byte	22
 152 007b A1       		.byte	-95
 153 007c 1D       		.byte	29
 154 007d 28       		.byte	40
 155 007e 1E       		.byte	30
 156 007f 49       		.byte	73
 157 0080 1F       		.byte	31
 158 0081 14       		.byte	20
 159 0082 22       		.byte	34
 160 0083 04       		.byte	4
 161 0084 24       		.byte	36
 162 0085 02       		.byte	2
 163 0086 25       		.byte	37
 164 0087 04       		.byte	4
 165 0088 26       		.byte	38
 166 0089 10       		.byte	16
 167 008a 27       		.byte	39
 168 008b 40       		.byte	64
 169 008c 2B       		.byte	43
 170 008d 10       		.byte	16
 171 008e 2D       		.byte	45
ARM GAS  C:\Users\robin\AppData\Local\Temp\ccl8CQXZ.s 			page 4


 172 008f 90       		.byte	-112
 173 0090 2E       		.byte	46
 174 0091 06       		.byte	6
 175 0092 2F       		.byte	47
 176 0093 08       		.byte	8
 177 0094 35       		.byte	53
 178 0095 40       		.byte	64
 179 0096 36       		.byte	54
 180 0097 04       		.byte	4
 181 0098 37       		.byte	55
 182 0099 21       		.byte	33
 183 009a 3D       		.byte	61
 184 009b A8       		.byte	-88
 185 009c 3E       		.byte	62
 186 009d 81       		.byte	-127
 187 009e 45       		.byte	69
 188 009f 28       		.byte	40
 189 00a0 47       		.byte	71
 190 00a1 40       		.byte	64
 191 00a2 4C       		.byte	76
 192 00a3 05       		.byte	5
 193 00a4 4E       		.byte	78
 194 00a5 02       		.byte	2
 195 00a6 4F       		.byte	79
 196 00a7 02       		.byte	2
 197 00a8 56       		.byte	86
 198 00a9 02       		.byte	2
 199 00aa 5E       		.byte	94
 200 00ab 40       		.byte	64
 201 00ac 6C       		.byte	108
 202 00ad 08       		.byte	8
 203 00ae 6D       		.byte	109
 204 00af 20       		.byte	32
 205 00b0 6E       		.byte	110
 206 00b1 04       		.byte	4
 207 00b2 6F       		.byte	111
 208 00b3 01       		.byte	1
 209 00b4 74       		.byte	116
 210 00b5 80       		.byte	-128
 211 00b6 76       		.byte	118
 212 00b7 29       		.byte	41
 213 00b8 78       		.byte	120
 214 00b9 08       		.byte	8
 215 00ba 7A       		.byte	122
 216 00bb 10       		.byte	16
 217 00bc 89       		.byte	-119
 218 00bd 40       		.byte	64
 219 00be 8B       		.byte	-117
 220 00bf 04       		.byte	4
 221 00c0 C0       		.byte	-64
 222 00c1 F0       		.byte	-16
 223 00c2 C2       		.byte	-62
 224 00c3 E0       		.byte	-32
 225 00c4 C4       		.byte	-60
 226 00c5 F0       		.byte	-16
 227 00c6 CA       		.byte	-54
 228 00c7 F2       		.byte	-14
ARM GAS  C:\Users\robin\AppData\Local\Temp\ccl8CQXZ.s 			page 5


 229 00c8 CC       		.byte	-52
 230 00c9 F0       		.byte	-16
 231 00ca CE       		.byte	-50
 232 00cb F0       		.byte	-16
 233 00cc D0       		.byte	-48
 234 00cd 70       		.byte	112
 235 00ce D2       		.byte	-46
 236 00cf 30       		.byte	48
 237 00d0 D6       		.byte	-42
 238 00d1 10       		.byte	16
 239 00d2 EE       		.byte	-18
 240 00d3 08       		.byte	8
 241 00d4 E2       		.byte	-30
 242 00d5 80       		.byte	-128
 243 00d6 01       		.byte	1
 244 00d7 19       		.byte	25
 245 00d8 03       		.byte	3
 246 00d9 E2       		.byte	-30
 247 00da 04       		.byte	4
 248 00db 08       		.byte	8
 249 00dc 05       		.byte	5
 250 00dd 08       		.byte	8
 251 00de 09       		.byte	9
 252 00df 18       		.byte	24
 253 00e0 0D       		.byte	13
 254 00e1 80       		.byte	-128
 255 00e2 0E       		.byte	14
 256 00e3 02       		.byte	2
 257 00e4 13       		.byte	19
 258 00e5 E6       		.byte	-26
 259 00e6 15       		.byte	21
 260 00e7 FF       		.byte	-1
 261 00e8 19       		.byte	25
 262 00e9 39       		.byte	57
 263 00ea 1B       		.byte	27
 264 00eb C4       		.byte	-60
 265 00ec 1F       		.byte	31
 266 00ed 01       		.byte	1
 267 00ee 21       		.byte	33
 268 00ef 10       		.byte	16
 269 00f0 22       		.byte	34
 270 00f1 01       		.byte	1
 271 00f2 25       		.byte	37
 272 00f3 E7       		.byte	-25
 273 00f4 27       		.byte	39
 274 00f5 18       		.byte	24
 275 00f6 29       		.byte	41
 276 00f7 C0       		.byte	-64
 277 00f8 2A       		.byte	42
 278 00f9 0E       		.byte	14
 279 00fa 2D       		.byte	45
 280 00fb 41       		.byte	65
 281 00fc 30       		.byte	48
 282 00fd 08       		.byte	8
 283 00fe 31       		.byte	49
 284 00ff C0       		.byte	-64
 285 0100 32       		.byte	50
ARM GAS  C:\Users\robin\AppData\Local\Temp\ccl8CQXZ.s 			page 6


 286 0101 04       		.byte	4
 287 0102 33       		.byte	51
 288 0103 1F       		.byte	31
 289 0104 34       		.byte	52
 290 0105 02       		.byte	2
 291 0106 35       		.byte	53
 292 0107 38       		.byte	56
 293 0108 36       		.byte	54
 294 0109 01       		.byte	1
 295 010a 3B       		.byte	59
 296 010b 08       		.byte	8
 297 010c 40       		.byte	64
 298 010d 63       		.byte	99
 299 010e 41       		.byte	65
 300 010f 05       		.byte	5
 301 0110 46       		.byte	70
 302 0111 EB       		.byte	-21
 303 0112 47       		.byte	71
 304 0113 C0       		.byte	-64
 305 0114 48       		.byte	72
 306 0115 2C       		.byte	44
 307 0116 49       		.byte	73
 308 0117 FF       		.byte	-1
 309 0118 4A       		.byte	74
 310 0119 FF       		.byte	-1
 311 011a 4B       		.byte	75
 312 011b FF       		.byte	-1
 313 011c 4E       		.byte	78
 314 011d F0       		.byte	-16
 315 011e 4F       		.byte	79
 316 011f 44       		.byte	68
 317 0120 50       		.byte	80
 318 0121 0C       		.byte	12
 319 0122 54       		.byte	84
 320 0123 18       		.byte	24
 321 0124 56       		.byte	86
 322 0125 04       		.byte	4
 323 0126 58       		.byte	88
 324 0127 04       		.byte	4
 325 0128 59       		.byte	89
 326 0129 04       		.byte	4
 327 012a 5A       		.byte	90
 328 012b 04       		.byte	4
 329 012c 5B       		.byte	91
 330 012d 04       		.byte	4
 331 012e 5C       		.byte	92
 332 012f 01       		.byte	1
 333 0130 5F       		.byte	95
 334 0131 01       		.byte	1
 335 0132 66       		.byte	102
 336 0133 C0       		.byte	-64
 337 0134 6A       		.byte	106
 338 0135 40       		.byte	64
 339 0136 6B       		.byte	107
 340 0137 02       		.byte	2
 341 0138 80       		.byte	-128
 342 0139 11       		.byte	17
ARM GAS  C:\Users\robin\AppData\Local\Temp\ccl8CQXZ.s 			page 7


 343 013a 82       		.byte	-126
 344 013b 06       		.byte	6
 345 013c 84       		.byte	-124
 346 013d 0C       		.byte	12
 347 013e 86       		.byte	-122
 348 013f 13       		.byte	19
 349 0140 8A       		.byte	-118
 350 0141 13       		.byte	19
 351 0142 8C       		.byte	-116
 352 0143 20       		.byte	32
 353 0144 8E       		.byte	-114
 354 0145 40       		.byte	64
 355 0146 90       		.byte	-112
 356 0147 11       		.byte	17
 357 0148 92       		.byte	-110
 358 0149 0E       		.byte	14
 359 014a 94       		.byte	-108
 360 014b 40       		.byte	64
 361 014c 96       		.byte	-106
 362 014d A0       		.byte	-96
 363 014e 98       		.byte	-104
 364 014f E0       		.byte	-32
 365 0150 9C       		.byte	-100
 366 0151 80       		.byte	-128
 367 0152 9E       		.byte	-98
 368 0153 40       		.byte	64
 369 0154 A2       		.byte	-94
 370 0155 0C       		.byte	12
 371 0156 A6       		.byte	-90
 372 0157 08       		.byte	8
 373 0158 A8       		.byte	-88
 374 0159 E0       		.byte	-32
 375 015a AE       		.byte	-82
 376 015b 10       		.byte	16
 377 015c B0       		.byte	-80
 378 015d 10       		.byte	16
 379 015e B2       		.byte	-78
 380 015f E0       		.byte	-32
 381 0160 B4       		.byte	-76
 382 0161 0F       		.byte	15
 383 0162 BA       		.byte	-70
 384 0163 20       		.byte	32
 385 0164 BE       		.byte	-66
 386 0165 01       		.byte	1
 387 0166 D8       		.byte	-40
 388 0167 04       		.byte	4
 389 0168 DF       		.byte	-33
 390 0169 01       		.byte	1
 391 016a 00       		.byte	0
 392 016b 24       		.byte	36
 393 016c 01       		.byte	1
 394 016d 81       		.byte	-127
 395 016e 03       		.byte	3
 396 016f 04       		.byte	4
 397 0170 05       		.byte	5
 398 0171 44       		.byte	68
 399 0172 09       		.byte	9
ARM GAS  C:\Users\robin\AppData\Local\Temp\ccl8CQXZ.s 			page 8


 400 0173 40       		.byte	64
 401 0174 0A       		.byte	10
 402 0175 64       		.byte	100
 403 0176 0B       		.byte	11
 404 0177 40       		.byte	64
 405 0178 10       		.byte	16
 406 0179 0A       		.byte	10
 407 017a 12       		.byte	18
 408 017b 90       		.byte	-112
 409 017c 16       		.byte	22
 410 017d 84       		.byte	-124
 411 017e 18       		.byte	24
 412 017f 04       		.byte	4
 413 0180 1A       		.byte	26
 414 0181 A0       		.byte	-96
 415 0182 1B       		.byte	27
 416 0183 08       		.byte	8
 417 0184 1C       		.byte	28
 418 0185 40       		.byte	64
 419 0186 1D       		.byte	29
 420 0187 44       		.byte	68
 421 0188 1F       		.byte	31
 422 0189 A0       		.byte	-96
 423 018a 24       		.byte	36
 424 018b 08       		.byte	8
 425 018c 26       		.byte	38
 426 018d 21       		.byte	33
 427 018e 27       		.byte	39
 428 018f 20       		.byte	32
 429 0190 2C       		.byte	44
 430 0191 80       		.byte	-128
 431 0192 2D       		.byte	45
 432 0193 80       		.byte	-128
 433 0194 2F       		.byte	47
 434 0195 18       		.byte	24
 435 0196 34       		.byte	52
 436 0197 04       		.byte	4
 437 0198 36       		.byte	54
 438 0199 02       		.byte	2
 439 019a 37       		.byte	55
 440 019b 60       		.byte	96
 441 019c 3D       		.byte	61
 442 019d 80       		.byte	-128
 443 019e 3E       		.byte	62
 444 019f 29       		.byte	41
 445 01a0 47       		.byte	71
 446 01a1 04       		.byte	4
 447 01a2 4F       		.byte	79
 448 01a3 50       		.byte	80
 449 01a4 54       		.byte	84
 450 01a5 42       		.byte	66
 451 01a6 57       		.byte	87
 452 01a7 10       		.byte	16
 453 01a8 5E       		.byte	94
 454 01a9 02       		.byte	2
 455 01aa 64       		.byte	100
 456 01ab 48       		.byte	72
ARM GAS  C:\Users\robin\AppData\Local\Temp\ccl8CQXZ.s 			page 9


 457 01ac 66       		.byte	102
 458 01ad 40       		.byte	64
 459 01ae 88       		.byte	-120
 460 01af 40       		.byte	64
 461 01b0 89       		.byte	-119
 462 01b1 01       		.byte	1
 463 01b2 8B       		.byte	-117
 464 01b3 10       		.byte	16
 465 01b4 92       		.byte	-110
 466 01b5 0D       		.byte	13
 467 01b6 93       		.byte	-109
 468 01b7 20       		.byte	32
 469 01b8 94       		.byte	-108
 470 01b9 08       		.byte	8
 471 01ba 98       		.byte	-104
 472 01bb 0C       		.byte	12
 473 01bc 9A       		.byte	-102
 474 01bd 28       		.byte	40
 475 01be 9D       		.byte	-99
 476 01bf 80       		.byte	-128
 477 01c0 9F       		.byte	-97
 478 01c1 20       		.byte	32
 479 01c2 A0       		.byte	-96
 480 01c3 88       		.byte	-120
 481 01c4 A2       		.byte	-94
 482 01c5 02       		.byte	2
 483 01c6 A3       		.byte	-93
 484 01c7 01       		.byte	1
 485 01c8 A5       		.byte	-91
 486 01c9 40       		.byte	64
 487 01ca A7       		.byte	-89
 488 01cb 18       		.byte	24
 489 01cc C0       		.byte	-64
 490 01cd AF       		.byte	-81
 491 01ce C2       		.byte	-62
 492 01cf 0F       		.byte	15
 493 01d0 C4       		.byte	-60
 494 01d1 5F       		.byte	95
 495 01d2 CA       		.byte	-54
 496 01d3 F0       		.byte	-16
 497 01d4 CC       		.byte	-52
 498 01d5 F0       		.byte	-16
 499 01d6 CE       		.byte	-50
 500 01d7 F0       		.byte	-16
 501 01d8 D0       		.byte	-48
 502 01d9 40       		.byte	64
 503 01da D2       		.byte	-46
 504 01db 30       		.byte	48
 505 01dc D6       		.byte	-42
 506 01dd 80       		.byte	-128
 507 01de D8       		.byte	-40
 508 01df B0       		.byte	-80
 509 01e0 E2       		.byte	-30
 510 01e1 80       		.byte	-128
 511 01e2 04       		.byte	4
 512 01e3 DC       		.byte	-36
 513 01e4 05       		.byte	5
ARM GAS  C:\Users\robin\AppData\Local\Temp\ccl8CQXZ.s 			page 10


 514 01e5 2A       		.byte	42
 515 01e6 06       		.byte	6
 516 01e7 22       		.byte	34
 517 01e8 07       		.byte	7
 518 01e9 44       		.byte	68
 519 01ea 09       		.byte	9
 520 01eb 73       		.byte	115
 521 01ec 0A       		.byte	10
 522 01ed 20       		.byte	32
 523 01ee 0B       		.byte	11
 524 01ef 0C       		.byte	12
 525 01f0 0C       		.byte	12
 526 01f1 14       		.byte	20
 527 01f2 10       		.byte	16
 528 01f3 0C       		.byte	12
 529 01f4 11       		.byte	17
 530 01f5 03       		.byte	3
 531 01f6 12       		.byte	18
 532 01f7 71       		.byte	113
 533 01f8 13       		.byte	19
 534 01f9 04       		.byte	4
 535 01fa 19       		.byte	25
 536 01fb 80       		.byte	-128
 537 01fc 1B       		.byte	27
 538 01fd 15       		.byte	21
 539 01fe 1E       		.byte	30
 540 01ff 03       		.byte	3
 541 0200 1F       		.byte	31
 542 0201 08       		.byte	8
 543 0202 20       		.byte	32
 544 0203 09       		.byte	9
 545 0204 21       		.byte	33
 546 0205 73       		.byte	115
 547 0206 22       		.byte	34
 548 0207 D0       		.byte	-48
 549 0208 23       		.byte	35
 550 0209 04       		.byte	4
 551 020a 24       		.byte	36
 552 020b 10       		.byte	16
 553 020c 26       		.byte	38
 554 020d 40       		.byte	64
 555 020e 28       		.byte	40
 556 020f 10       		.byte	16
 557 0210 2A       		.byte	42
 558 0211 AC       		.byte	-84
 559 0212 30       		.byte	48
 560 0213 E0       		.byte	-32
 561 0214 31       		.byte	49
 562 0215 30       		.byte	48
 563 0216 35       		.byte	53
 564 0217 0F       		.byte	15
 565 0218 36       		.byte	54
 566 0219 1F       		.byte	31
 567 021a 37       		.byte	55
 568 021b C0       		.byte	-64
 569 021c 39       		.byte	57
 570 021d 82       		.byte	-126
ARM GAS  C:\Users\robin\AppData\Local\Temp\ccl8CQXZ.s 			page 11


 571 021e 3A       		.byte	58
 572 021f 02       		.byte	2
 573 0220 3B       		.byte	59
 574 0221 20       		.byte	32
 575 0222 3F       		.byte	63
 576 0223 01       		.byte	1
 577 0224 40       		.byte	64
 578 0225 04       		.byte	4
 579 0226 46       		.byte	70
 580 0227 40       		.byte	64
 581 0228 49       		.byte	73
 582 0229 FF       		.byte	-1
 583 022a 4A       		.byte	74
 584 022b 07       		.byte	7
 585 022c 4B       		.byte	75
 586 022d FF       		.byte	-1
 587 022e 4C       		.byte	76
 588 022f 40       		.byte	64
 589 0230 4D       		.byte	77
 590 0231 20       		.byte	32
 591 0232 4E       		.byte	78
 592 0233 F0       		.byte	-16
 593 0234 4F       		.byte	79
 594 0235 05       		.byte	5
 595 0236 50       		.byte	80
 596 0237 08       		.byte	8
 597 0238 54       		.byte	84
 598 0239 01       		.byte	1
 599 023a 58       		.byte	88
 600 023b 04       		.byte	4
 601 023c 59       		.byte	89
 602 023d 04       		.byte	4
 603 023e 5A       		.byte	90
 604 023f 04       		.byte	4
 605 0240 5B       		.byte	91
 606 0241 04       		.byte	4
 607 0242 5F       		.byte	95
 608 0243 01       		.byte	1
 609 0244 60       		.byte	96
 610 0245 40       		.byte	64
 611 0246 61       		.byte	97
 612 0247 A8       		.byte	-88
 613 0248 62       		.byte	98
 614 0249 40       		.byte	64
 615 024a 63       		.byte	99
 616 024b 20       		.byte	32
 617 024c 83       		.byte	-125
 618 024d 08       		.byte	8
 619 024e 85       		.byte	-123
 620 024f 03       		.byte	3
 621 0250 8D       		.byte	-115
 622 0251 02       		.byte	2
 623 0252 8F       		.byte	-113
 624 0253 01       		.byte	1
 625 0254 9B       		.byte	-101
 626 0255 08       		.byte	8
 627 0256 9C       		.byte	-100
ARM GAS  C:\Users\robin\AppData\Local\Temp\ccl8CQXZ.s 			page 12


 628 0257 01       		.byte	1
 629 0258 A3       		.byte	-93
 630 0259 04       		.byte	4
 631 025a A7       		.byte	-89
 632 025b 04       		.byte	4
 633 025c A9       		.byte	-87
 634 025d 03       		.byte	3
 635 025e AD       		.byte	-83
 636 025f 01       		.byte	1
 637 0260 AF       		.byte	-81
 638 0261 12       		.byte	18
 639 0262 B1       		.byte	-79
 640 0263 10       		.byte	16
 641 0264 B3       		.byte	-77
 642 0265 08       		.byte	8
 643 0266 B5       		.byte	-75
 644 0267 04       		.byte	4
 645 0268 B6       		.byte	-74
 646 0269 01       		.byte	1
 647 026a B7       		.byte	-73
 648 026b 03       		.byte	3
 649 026c BE       		.byte	-66
 650 026d 40       		.byte	64
 651 026e BF       		.byte	-65
 652 026f 14       		.byte	20
 653 0270 C0       		.byte	-64
 654 0271 10       		.byte	16
 655 0272 C1       		.byte	-63
 656 0273 03       		.byte	3
 657 0274 C5       		.byte	-59
 658 0275 D0       		.byte	-48
 659 0276 C6       		.byte	-58
 660 0277 20       		.byte	32
 661 0278 C7       		.byte	-57
 662 0279 01       		.byte	1
 663 027a C8       		.byte	-56
 664 027b 1A       		.byte	26
 665 027c C9       		.byte	-55
 666 027d FF       		.byte	-1
 667 027e CA       		.byte	-54
 668 027f FF       		.byte	-1
 669 0280 CB       		.byte	-53
 670 0281 FF       		.byte	-1
 671 0282 CD       		.byte	-51
 672 0283 A0       		.byte	-96
 673 0284 CF       		.byte	-49
 674 0285 04       		.byte	4
 675 0286 D0       		.byte	-48
 676 0287 18       		.byte	24
 677 0288 D2       		.byte	-46
 678 0289 80       		.byte	-128
 679 028a D4       		.byte	-44
 680 028b 05       		.byte	5
 681 028c D8       		.byte	-40
 682 028d 04       		.byte	4
 683 028e D9       		.byte	-39
 684 028f 04       		.byte	4
ARM GAS  C:\Users\robin\AppData\Local\Temp\ccl8CQXZ.s 			page 13


 685 0290 DA       		.byte	-38
 686 0291 04       		.byte	4
 687 0292 DB       		.byte	-37
 688 0293 04       		.byte	4
 689 0294 DD       		.byte	-35
 690 0295 11       		.byte	17
 691 0296 DF       		.byte	-33
 692 0297 01       		.byte	1
 693 0298 E0       		.byte	-32
 694 0299 40       		.byte	64
 695 029a E2       		.byte	-30
 696 029b C0       		.byte	-64
 697 029c E4       		.byte	-28
 698 029d 40       		.byte	64
 699 029e E5       		.byte	-27
 700 029f 40       		.byte	64
 701 02a0 E6       		.byte	-26
 702 02a1 C0       		.byte	-64
 703 02a2 E8       		.byte	-24
 704 02a3 C0       		.byte	-64
 705 02a4 EA       		.byte	-22
 706 02a5 C0       		.byte	-64
 707 02a6 EC       		.byte	-20
 708 02a7 C0       		.byte	-64
 709 02a8 EE       		.byte	-18
 710 02a9 C0       		.byte	-64
 711 02aa 00       		.byte	0
 712 02ab A4       		.byte	-92
 713 02ac 0A       		.byte	10
 714 02ad 41       		.byte	65
 715 02ae 0E       		.byte	14
 716 02af 01       		.byte	1
 717 02b0 12       		.byte	18
 718 02b1 90       		.byte	-112
 719 02b2 13       		.byte	19
 720 02b3 10       		.byte	16
 721 02b4 19       		.byte	25
 722 02b5 01       		.byte	1
 723 02b6 1A       		.byte	26
 724 02b7 41       		.byte	65
 725 02b8 1E       		.byte	30
 726 02b9 02       		.byte	2
 727 02ba 21       		.byte	33
 728 02bb 11       		.byte	17
 729 02bc 22       		.byte	34
 730 02bd 80       		.byte	-128
 731 02be 25       		.byte	37
 732 02bf 40       		.byte	64
 733 02c0 26       		.byte	38
 734 02c1 08       		.byte	8
 735 02c2 27       		.byte	39
 736 02c3 48       		.byte	72
 737 02c4 29       		.byte	41
 738 02c5 01       		.byte	1
 739 02c6 2C       		.byte	44
 740 02c7 08       		.byte	8
 741 02c8 2D       		.byte	45
ARM GAS  C:\Users\robin\AppData\Local\Temp\ccl8CQXZ.s 			page 14


 742 02c9 80       		.byte	-128
 743 02ca 2E       		.byte	46
 744 02cb 02       		.byte	2
 745 02cc 2F       		.byte	47
 746 02cd A0       		.byte	-96
 747 02ce 30       		.byte	48
 748 02cf 22       		.byte	34
 749 02d0 32       		.byte	50
 750 02d1 80       		.byte	-128
 751 02d2 33       		.byte	51
 752 02d3 01       		.byte	1
 753 02d4 36       		.byte	54
 754 02d5 20       		.byte	32
 755 02d6 38       		.byte	56
 756 02d7 04       		.byte	4
 757 02d8 39       		.byte	57
 758 02d9 20       		.byte	32
 759 02da 3B       		.byte	59
 760 02db 10       		.byte	16
 761 02dc 3D       		.byte	61
 762 02dd 80       		.byte	-128
 763 02de 3E       		.byte	62
 764 02df 04       		.byte	4
 765 02e0 3F       		.byte	63
 766 02e1 02       		.byte	2
 767 02e2 41       		.byte	65
 768 02e3 01       		.byte	1
 769 02e4 46       		.byte	70
 770 02e5 22       		.byte	34
 771 02e6 48       		.byte	72
 772 02e7 30       		.byte	48
 773 02e8 4F       		.byte	79
 774 02e9 01       		.byte	1
 775 02ea 52       		.byte	82
 776 02eb 10       		.byte	16
 777 02ec 56       		.byte	86
 778 02ed 24       		.byte	36
 779 02ee 57       		.byte	87
 780 02ef 20       		.byte	32
 781 02f0 5A       		.byte	90
 782 02f1 88       		.byte	-120
 783 02f2 5B       		.byte	91
 784 02f3 22       		.byte	34
 785 02f4 5C       		.byte	92
 786 02f5 40       		.byte	64
 787 02f6 5F       		.byte	95
 788 02f7 09       		.byte	9
 789 02f8 76       		.byte	118
 790 02f9 80       		.byte	-128
 791 02fa 82       		.byte	-126
 792 02fb 01       		.byte	1
 793 02fc 86       		.byte	-122
 794 02fd 48       		.byte	72
 795 02fe 89       		.byte	-119
 796 02ff 80       		.byte	-128
 797 0300 8B       		.byte	-117
 798 0301 21       		.byte	33
ARM GAS  C:\Users\robin\AppData\Local\Temp\ccl8CQXZ.s 			page 15


 799 0302 8F       		.byte	-113
 800 0303 12       		.byte	18
 801 0304 90       		.byte	-112
 802 0305 44       		.byte	68
 803 0306 92       		.byte	-110
 804 0307 8C       		.byte	-116
 805 0308 96       		.byte	-106
 806 0309 40       		.byte	64
 807 030a 97       		.byte	-105
 808 030b 10       		.byte	16
 809 030c 9D       		.byte	-99
 810 030d 80       		.byte	-128
 811 030e 9E       		.byte	-98
 812 030f D4       		.byte	-44
 813 0310 9F       		.byte	-97
 814 0311 40       		.byte	64
 815 0312 A0       		.byte	-96
 816 0313 4A       		.byte	74
 817 0314 A2       		.byte	-94
 818 0315 20       		.byte	32
 819 0316 A3       		.byte	-93
 820 0317 91       		.byte	-111
 821 0318 A4       		.byte	-92
 822 0319 10       		.byte	16
 823 031a A5       		.byte	-91
 824 031b 40       		.byte	64
 825 031c A6       		.byte	-90
 826 031d 80       		.byte	-128
 827 031e AF       		.byte	-81
 828 031f 20       		.byte	32
 829 0320 C0       		.byte	-64
 830 0321 07       		.byte	7
 831 0322 C2       		.byte	-62
 832 0323 89       		.byte	-119
 833 0324 C4       		.byte	-60
 834 0325 0E       		.byte	14
 835 0326 CA       		.byte	-54
 836 0327 F1       		.byte	-15
 837 0328 CC       		.byte	-52
 838 0329 2D       		.byte	45
 839 032a CE       		.byte	-50
 840 032b D6       		.byte	-42
 841 032c D0       		.byte	-48
 842 032d 51       		.byte	81
 843 032e D6       		.byte	-42
 844 032f DF       		.byte	-33
 845 0330 E4       		.byte	-28
 846 0331 01       		.byte	1
 847 0332 30       		.byte	48
 848 0333 40       		.byte	64
 849 0334 CC       		.byte	-52
 850 0335 10       		.byte	16
 851 0336 9C       		.byte	-100
 852 0337 40       		.byte	64
 853 0338 9C       		.byte	-100
 854 0339 40       		.byte	64
 855 033a 9C       		.byte	-100
ARM GAS  C:\Users\robin\AppData\Local\Temp\ccl8CQXZ.s 			page 16


 856 033b 40       		.byte	64
 857 033c 88       		.byte	-120
 858 033d 40       		.byte	64
 859 033e 9C       		.byte	-100
 860 033f 40       		.byte	64
 861 0340 57       		.byte	87
 862 0341 01       		.byte	1
 863 0342 A3       		.byte	-93
 864 0343 01       		.byte	1
 865 0344 AF       		.byte	-81
 866 0345 01       		.byte	1
 867 0346 D6       		.byte	-42
 868 0347 20       		.byte	32
 869 0348 EE       		.byte	-18
 870 0349 10       		.byte	16
 871 034a 11       		.byte	17
 872 034b 01       		.byte	1
 873 034c 70       		.byte	112
 874 034d 04       		.byte	4
 875 034e 80       		.byte	-128
 876 034f 04       		.byte	4
 877 0350 89       		.byte	-119
 878 0351 01       		.byte	1
 879 0352 C4       		.byte	-60
 880 0353 08       		.byte	8
 881 0354 DC       		.byte	-36
 882 0355 01       		.byte	1
 883 0356 E6       		.byte	-26
 884 0357 01       		.byte	1
 885 0358 00       		.byte	0
 886 0359 01       		.byte	1
 887 035a 0C       		.byte	12
 888 035b 01       		.byte	1
 889 035c 10       		.byte	16
 890 035d 03       		.byte	3
 891 035e 1C       		.byte	28
 892 035f 03       		.byte	3
 893 0360 00       		.byte	0
 894 0361 03       		.byte	3
 895 0362 00       		.byte	0
 896 0363 00       		.byte	0
 897 0364 00       		.byte	0
 898 0365 00       		.byte	0
 899 0366 23       		.byte	35
 900 0367 01       		.byte	1
 901 0368 1C       		.byte	28
 902 0369 00       		.byte	0
 903 036a 23       		.byte	35
 904 036b 10       		.byte	16
 905 036c 04       		.byte	4
 906 036d 08       		.byte	8
 907 036e 00       		.byte	0
 908 036f 00       		.byte	0
 909 0370 01       		.byte	1
 910 0371 00       		.byte	0
 911 0372 00       		.byte	0
 912 0373 02       		.byte	2
ARM GAS  C:\Users\robin\AppData\Local\Temp\ccl8CQXZ.s 			page 17


 913 0374 00       		.byte	0
 914 0375 08       		.byte	8
 915 0376 00       		.byte	0
 916 0377 00       		.byte	0
 917 0378 3F       		.byte	63
 918 0379 01       		.byte	1
 919 037a 00       		.byte	0
 920 037b 00       		.byte	0
 921 037c 33       		.byte	51
 922 037d 00       		.byte	0
 923 037e 0C       		.byte	12
 924 037f 01       		.byte	1
 925 0380 1F       		.byte	31
 926 0381 01       		.byte	1
 927 0382 20       		.byte	32
 928 0383 00       		.byte	0
 929 0384 02       		.byte	2
 930 0385 00       		.byte	0
 931 0386 00       		.byte	0
 932 0387 10       		.byte	16
 933 0388 0C       		.byte	12
 934 0389 08       		.byte	8
 935 038a 00       		.byte	0
 936 038b 00       		.byte	0
 937 038c 03       		.byte	3
 938 038d 00       		.byte	0
 939 038e 00       		.byte	0
 940 038f 04       		.byte	4
 941 0390 08       		.byte	8
 942 0391 00       		.byte	0
 943 0392 00       		.byte	0
 944 0393 02       		.byte	2
 945 0394 10       		.byte	16
 946 0395 06       		.byte	6
 947 0396 00       		.byte	0
 948 0397 01       		.byte	1
 949 0398 0F       		.byte	15
 950 0399 10       		.byte	16
 951 039a 2C       		.byte	44
 952 039b 08       		.byte	8
 953 039c 00       		.byte	0
 954 039d 08       		.byte	8
 955 039e A8       		.byte	-88
 956 039f 00       		.byte	0
 957 03a0 00       		.byte	0
 958 03a1 00       		.byte	0
 959 03a2 01       		.byte	1
 960 03a3 11       		.byte	17
 961 03a4 25       		.byte	37
 962 03a5 03       		.byte	3
 963 03a6 06       		.byte	6
 964 03a7 00       		.byte	0
 965 03a8 01       		.byte	1
 966 03a9 C0       		.byte	-64
 967 03aa 00       		.byte	0
 968 03ab E0       		.byte	-32
 969 03ac 22       		.byte	34
ARM GAS  C:\Users\robin\AppData\Local\Temp\ccl8CQXZ.s 			page 18


 970 03ad FF       		.byte	-1
 971 03ae FF       		.byte	-1
 972 03af FF       		.byte	-1
 973 03b0 62       		.byte	98
 974 03b1 A0       		.byte	-96
 975 03b2 F0       		.byte	-16
 976 03b3 41       		.byte	65
 977 03b4 0C       		.byte	12
 978 03b5 00       		.byte	0
 979 03b6 00       		.byte	0
 980 03b7 00       		.byte	0
 981 03b8 00       		.byte	0
 982 03b9 00       		.byte	0
 983 03ba 02       		.byte	2
 984 03bb 10       		.byte	16
 985 03bc 04       		.byte	4
 986 03bd 04       		.byte	4
 987 03be 04       		.byte	4
 988 03bf 04       		.byte	4
 989 03c0 00       		.byte	0
 990 03c1 00       		.byte	0
 991 03c2 00       		.byte	0
 992 03c3 01       		.byte	1
 993 03c4 00       		.byte	0
 994 03c5 00       		.byte	0
 995 03c6 00       		.byte	0
 996 03c7 00       		.byte	0
 997 03c8 00       		.byte	0
 998 03c9 00       		.byte	0
 999 03ca 40       		.byte	64
 1000 03cb 02       		.byte	2
 1001 03cc 00       		.byte	0
 1002 03cd 10       		.byte	16
 1003 03ce 30       		.byte	48
 1004 03cf 10       		.byte	16
 1005 03d0 00       		.byte	0
 1006 03d1 10       		.byte	16
 1007 03d2 10       		.byte	16
 1008 03d3 12       		.byte	18
 1009 03d4 00       		.byte	0
 1010 03d5 00       		.byte	0
 1011 03d6 00       		.byte	0
 1012 03d7 00       		.byte	0
 1013 03d8 00       		.byte	0
 1014 03d9 00       		.byte	0
 1015 03da 00       		.byte	0
 1016 03db 00       		.byte	0
 1017 03dc 00       		.byte	0
 1018 03dd 00       		.byte	0
 1019 03de 00       		.byte	0
 1020 03df 00       		.byte	0
 1021 03e0 00       		.byte	0
 1022 03e1 00       		.byte	0
 1023 03e2 00       		.byte	0
 1024 03e3 00       		.byte	0
 1025 03e4 40       		.byte	64
 1026 03e5 80       		.byte	-128
ARM GAS  C:\Users\robin\AppData\Local\Temp\ccl8CQXZ.s 			page 19


 1027 03e6 80       		.byte	-128
 1028 03e7 00       		.byte	0
 1029 03e8 80       		.byte	-128
 1030 03e9 00       		.byte	0
 1031 03ea 00       		.byte	0
 1032 03eb 00       		.byte	0
 1033 03ec 00       		.byte	0
 1034 03ed 0B       		.byte	11
 1035 03ee 0B       		.byte	11
 1036 03ef 00       		.byte	0
 1037 03f0 00       		.byte	0
 1038 03f1 00       		.byte	0
 1039 03f2 00       		.byte	0
 1040 03f3 00       		.byte	0
 1041 03f4 00       		.byte	0
 1042 03f5 FE       		.byte	-2
 1043 03f6 FE       		.byte	-2
 1044 03f7 00       		.byte	0
 1045 03f8 00       		.byte	0
 1046 03f9 00       		.byte	0
 1047 03fa 00       		.byte	0
 1048 03fb 00       		.byte	0
 1049 03fc 00       		.byte	0
 1050 03fd 01       		.byte	1
 1051 03fe 01       		.byte	1
 1052 03ff 00       		.byte	0
 1053 0400 01       		.byte	1
 1054 0401 00       		.byte	0
 1055 0402 00       		.byte	0
 1056 0403 00       		.byte	0
 1057              		.section	.cywolatch,"a",%progbits
 1058              		.align	2
 1059              		.type	cy_meta_wonvl, %object
 1060              		.size	cy_meta_wonvl, 4
 1061              	cy_meta_wonvl:
 1062 0000 BC       		.byte	-68
 1063 0001 90       		.byte	-112
 1064 0002 AC       		.byte	-84
 1065 0003 AF       		.byte	-81
 1066              		.section	.cycustnvl,"a",%progbits
 1067              		.align	2
 1068              		.type	cy_meta_custnvl, %object
 1069              		.size	cy_meta_custnvl, 4
 1070              	cy_meta_custnvl:
 1071 0000 00       		.byte	0
 1072 0001 00       		.byte	0
 1073 0002 40       		.byte	64
 1074 0003 05       		.byte	5
 1075              		.section	.cymeta,"a",%progbits
 1076              		.align	2
 1077              		.type	cy_metadata, %object
 1078              		.size	cy_metadata, 12
 1079              	cy_metadata:
 1080 0000 00       		.byte	0
 1081 0001 01       		.byte	1
 1082 0002 2E       		.byte	46
 1083 0003 16       		.byte	22
ARM GAS  C:\Users\robin\AppData\Local\Temp\ccl8CQXZ.s 			page 20


 1084 0004 10       		.byte	16
 1085 0005 69       		.byte	105
 1086 0006 00       		.byte	0
 1087 0007 01       		.byte	1
 1088 0008 00       		.byte	0
 1089 0009 00       		.byte	0
 1090 000a 00       		.byte	0
 1091 000b 00       		.byte	0
 1092              		.section	.cyflashprotect,"a",%progbits
 1093              		.align	2
 1094              		.type	cy_meta_flashprotect, %object
 1095              		.size	cy_meta_flashprotect, 256
 1096              	cy_meta_flashprotect:
 1097 0000 00000000 		.space	256
 1097      00000000 
 1097      00000000 
 1097      00000000 
 1097      00000000 
 1098              		.text
 1099              	.Letext0:
 1100              		.file 1 "c:\\program files (x86)\\cypress\\psoc creator\\4.2\\psoc creator\\import\\gnu\\arm\\5.4.
 1101              		.file 2 "c:\\program files (x86)\\cypress\\psoc creator\\4.2\\psoc creator\\import\\gnu\\arm\\5.4.
 1102              		.file 3 "Generated_Source\\PSoC5\\cymetadata.c"
 1103              		.section	.debug_info,"",%progbits
 1104              	.Ldebug_info0:
 1105 0000 31010000 		.4byte	0x131
 1106 0004 0400     		.2byte	0x4
 1107 0006 00000000 		.4byte	.Ldebug_abbrev0
 1108 000a 04       		.byte	0x4
 1109 000b 01       		.uleb128 0x1
 1110 000c 77000000 		.4byte	.LASF17
 1111 0010 0C       		.byte	0xc
 1112 0011 D1010000 		.4byte	.LASF18
 1113 0015 0A000000 		.4byte	.LASF19
 1114 0019 00000000 		.4byte	.Ldebug_line0
 1115 001d 02       		.uleb128 0x2
 1116 001e 01       		.byte	0x1
 1117 001f 06       		.byte	0x6
 1118 0020 C5010000 		.4byte	.LASF0
 1119 0024 03       		.uleb128 0x3
 1120 0025 00000000 		.4byte	.LASF9
 1121 0029 01       		.byte	0x1
 1122 002a 1D       		.byte	0x1d
 1123 002b 2F000000 		.4byte	0x2f
 1124 002f 02       		.uleb128 0x2
 1125 0030 01       		.byte	0x1
 1126 0031 08       		.byte	0x8
 1127 0032 69000000 		.4byte	.LASF1
 1128 0036 02       		.uleb128 0x2
 1129 0037 02       		.byte	0x2
 1130 0038 05       		.byte	0x5
 1131 0039 B2010000 		.4byte	.LASF2
 1132 003d 02       		.uleb128 0x2
 1133 003e 02       		.byte	0x2
 1134 003f 07       		.byte	0x7
 1135 0040 17010000 		.4byte	.LASF3
 1136 0044 02       		.uleb128 0x2
ARM GAS  C:\Users\robin\AppData\Local\Temp\ccl8CQXZ.s 			page 21


 1137 0045 04       		.byte	0x4
 1138 0046 05       		.byte	0x5
 1139 0047 BC010000 		.4byte	.LASF4
 1140 004b 02       		.uleb128 0x2
 1141 004c 04       		.byte	0x4
 1142 004d 07       		.byte	0x7
 1143 004e 05010000 		.4byte	.LASF5
 1144 0052 02       		.uleb128 0x2
 1145 0053 08       		.byte	0x8
 1146 0054 05       		.byte	0x5
 1147 0055 A4010000 		.4byte	.LASF6
 1148 0059 02       		.uleb128 0x2
 1149 005a 08       		.byte	0x8
 1150 005b 07       		.byte	0x7
 1151 005c 59010000 		.4byte	.LASF7
 1152 0060 04       		.uleb128 0x4
 1153 0061 04       		.byte	0x4
 1154 0062 05       		.byte	0x5
 1155 0063 696E7400 		.ascii	"int\000"
 1156 0067 02       		.uleb128 0x2
 1157 0068 04       		.byte	0x4
 1158 0069 07       		.byte	0x7
 1159 006a 4C010000 		.4byte	.LASF8
 1160 006e 03       		.uleb128 0x3
 1161 006f 70010000 		.4byte	.LASF10
 1162 0073 02       		.byte	0x2
 1163 0074 18       		.byte	0x18
 1164 0075 24000000 		.4byte	0x24
 1165 0079 05       		.uleb128 0x5
 1166 007a 91000000 		.4byte	0x91
 1167 007e 8A000000 		.4byte	0x8a
 1168 0082 06       		.uleb128 0x6
 1169 0083 8A000000 		.4byte	0x8a
 1170 0087 0304     		.2byte	0x403
 1171 0089 00       		.byte	0
 1172 008a 02       		.uleb128 0x2
 1173 008b 04       		.byte	0x4
 1174 008c 07       		.byte	0x7
 1175 008d 9B010000 		.4byte	.LASF11
 1176 0091 07       		.uleb128 0x7
 1177 0092 6E000000 		.4byte	0x6e
 1178 0096 08       		.uleb128 0x8
 1179 0097 3A010000 		.4byte	.LASF12
 1180 009b 03       		.byte	0x3
 1181 009c 1F       		.byte	0x1f
 1182 009d A7000000 		.4byte	0xa7
 1183 00a1 05       		.uleb128 0x5
 1184 00a2 03       		.byte	0x3
 1185 00a3 00000000 		.4byte	cy_meta_configecc
 1186 00a7 07       		.uleb128 0x7
 1187 00a8 79000000 		.4byte	0x79
 1188 00ac 05       		.uleb128 0x5
 1189 00ad 91000000 		.4byte	0x91
 1190 00b1 BC000000 		.4byte	0xbc
 1191 00b5 09       		.uleb128 0x9
 1192 00b6 8A000000 		.4byte	0x8a
 1193 00ba 03       		.byte	0x3
ARM GAS  C:\Users\robin\AppData\Local\Temp\ccl8CQXZ.s 			page 22


 1194 00bb 00       		.byte	0
 1195 00bc 08       		.uleb128 0x8
 1196 00bd 2A010000 		.4byte	.LASF13
 1197 00c1 03       		.byte	0x3
 1198 00c2 AD       		.byte	0xad
 1199 00c3 CD000000 		.4byte	0xcd
 1200 00c7 05       		.uleb128 0x5
 1201 00c8 03       		.byte	0x3
 1202 00c9 00000000 		.4byte	cy_meta_custnvl
 1203 00cd 07       		.uleb128 0x7
 1204 00ce AC000000 		.4byte	0xac
 1205 00d2 08       		.uleb128 0x8
 1206 00d3 8D010000 		.4byte	.LASF14
 1207 00d7 03       		.byte	0x3
 1208 00d8 BB       		.byte	0xbb
 1209 00d9 E3000000 		.4byte	0xe3
 1210 00dd 05       		.uleb128 0x5
 1211 00de 03       		.byte	0x3
 1212 00df 00000000 		.4byte	cy_meta_wonvl
 1213 00e3 07       		.uleb128 0x7
 1214 00e4 AC000000 		.4byte	0xac
 1215 00e8 05       		.uleb128 0x5
 1216 00e9 91000000 		.4byte	0x91
 1217 00ed F8000000 		.4byte	0xf8
 1218 00f1 09       		.uleb128 0x9
 1219 00f2 8A000000 		.4byte	0x8a
 1220 00f6 FF       		.byte	0xff
 1221 00f7 00       		.byte	0
 1222 00f8 08       		.uleb128 0x8
 1223 00f9 78010000 		.4byte	.LASF15
 1224 00fd 03       		.byte	0x3
 1225 00fe C9       		.byte	0xc9
 1226 00ff 09010000 		.4byte	0x109
 1227 0103 05       		.uleb128 0x5
 1228 0104 03       		.byte	0x3
 1229 0105 00000000 		.4byte	cy_meta_flashprotect
 1230 0109 07       		.uleb128 0x7
 1231 010a E8000000 		.4byte	0xe8
 1232 010e 05       		.uleb128 0x5
 1233 010f 91000000 		.4byte	0x91
 1234 0113 1E010000 		.4byte	0x11e
 1235 0117 09       		.uleb128 0x9
 1236 0118 8A000000 		.4byte	0x8a
 1237 011c 0B       		.byte	0xb
 1238 011d 00       		.byte	0
 1239 011e 08       		.uleb128 0x8
 1240 011f 5D000000 		.4byte	.LASF16
 1241 0123 03       		.byte	0x3
 1242 0124 F6       		.byte	0xf6
 1243 0125 2F010000 		.4byte	0x12f
 1244 0129 05       		.uleb128 0x5
 1245 012a 03       		.byte	0x3
 1246 012b 00000000 		.4byte	cy_metadata
 1247 012f 07       		.uleb128 0x7
 1248 0130 0E010000 		.4byte	0x10e
 1249 0134 00       		.byte	0
 1250              		.section	.debug_abbrev,"",%progbits
ARM GAS  C:\Users\robin\AppData\Local\Temp\ccl8CQXZ.s 			page 23


 1251              	.Ldebug_abbrev0:
 1252 0000 01       		.uleb128 0x1
 1253 0001 11       		.uleb128 0x11
 1254 0002 01       		.byte	0x1
 1255 0003 25       		.uleb128 0x25
 1256 0004 0E       		.uleb128 0xe
 1257 0005 13       		.uleb128 0x13
 1258 0006 0B       		.uleb128 0xb
 1259 0007 03       		.uleb128 0x3
 1260 0008 0E       		.uleb128 0xe
 1261 0009 1B       		.uleb128 0x1b
 1262 000a 0E       		.uleb128 0xe
 1263 000b 10       		.uleb128 0x10
 1264 000c 17       		.uleb128 0x17
 1265 000d 00       		.byte	0
 1266 000e 00       		.byte	0
 1267 000f 02       		.uleb128 0x2
 1268 0010 24       		.uleb128 0x24
 1269 0011 00       		.byte	0
 1270 0012 0B       		.uleb128 0xb
 1271 0013 0B       		.uleb128 0xb
 1272 0014 3E       		.uleb128 0x3e
 1273 0015 0B       		.uleb128 0xb
 1274 0016 03       		.uleb128 0x3
 1275 0017 0E       		.uleb128 0xe
 1276 0018 00       		.byte	0
 1277 0019 00       		.byte	0
 1278 001a 03       		.uleb128 0x3
 1279 001b 16       		.uleb128 0x16
 1280 001c 00       		.byte	0
 1281 001d 03       		.uleb128 0x3
 1282 001e 0E       		.uleb128 0xe
 1283 001f 3A       		.uleb128 0x3a
 1284 0020 0B       		.uleb128 0xb
 1285 0021 3B       		.uleb128 0x3b
 1286 0022 0B       		.uleb128 0xb
 1287 0023 49       		.uleb128 0x49
 1288 0024 13       		.uleb128 0x13
 1289 0025 00       		.byte	0
 1290 0026 00       		.byte	0
 1291 0027 04       		.uleb128 0x4
 1292 0028 24       		.uleb128 0x24
 1293 0029 00       		.byte	0
 1294 002a 0B       		.uleb128 0xb
 1295 002b 0B       		.uleb128 0xb
 1296 002c 3E       		.uleb128 0x3e
 1297 002d 0B       		.uleb128 0xb
 1298 002e 03       		.uleb128 0x3
 1299 002f 08       		.uleb128 0x8
 1300 0030 00       		.byte	0
 1301 0031 00       		.byte	0
 1302 0032 05       		.uleb128 0x5
 1303 0033 01       		.uleb128 0x1
 1304 0034 01       		.byte	0x1
 1305 0035 49       		.uleb128 0x49
 1306 0036 13       		.uleb128 0x13
 1307 0037 01       		.uleb128 0x1
ARM GAS  C:\Users\robin\AppData\Local\Temp\ccl8CQXZ.s 			page 24


 1308 0038 13       		.uleb128 0x13
 1309 0039 00       		.byte	0
 1310 003a 00       		.byte	0
 1311 003b 06       		.uleb128 0x6
 1312 003c 21       		.uleb128 0x21
 1313 003d 00       		.byte	0
 1314 003e 49       		.uleb128 0x49
 1315 003f 13       		.uleb128 0x13
 1316 0040 2F       		.uleb128 0x2f
 1317 0041 05       		.uleb128 0x5
 1318 0042 00       		.byte	0
 1319 0043 00       		.byte	0
 1320 0044 07       		.uleb128 0x7
 1321 0045 26       		.uleb128 0x26
 1322 0046 00       		.byte	0
 1323 0047 49       		.uleb128 0x49
 1324 0048 13       		.uleb128 0x13
 1325 0049 00       		.byte	0
 1326 004a 00       		.byte	0
 1327 004b 08       		.uleb128 0x8
 1328 004c 34       		.uleb128 0x34
 1329 004d 00       		.byte	0
 1330 004e 03       		.uleb128 0x3
 1331 004f 0E       		.uleb128 0xe
 1332 0050 3A       		.uleb128 0x3a
 1333 0051 0B       		.uleb128 0xb
 1334 0052 3B       		.uleb128 0x3b
 1335 0053 0B       		.uleb128 0xb
 1336 0054 49       		.uleb128 0x49
 1337 0055 13       		.uleb128 0x13
 1338 0056 3F       		.uleb128 0x3f
 1339 0057 19       		.uleb128 0x19
 1340 0058 02       		.uleb128 0x2
 1341 0059 18       		.uleb128 0x18
 1342 005a 00       		.byte	0
 1343 005b 00       		.byte	0
 1344 005c 09       		.uleb128 0x9
 1345 005d 21       		.uleb128 0x21
 1346 005e 00       		.byte	0
 1347 005f 49       		.uleb128 0x49
 1348 0060 13       		.uleb128 0x13
 1349 0061 2F       		.uleb128 0x2f
 1350 0062 0B       		.uleb128 0xb
 1351 0063 00       		.byte	0
 1352 0064 00       		.byte	0
 1353 0065 00       		.byte	0
 1354              		.section	.debug_aranges,"",%progbits
 1355 0000 14000000 		.4byte	0x14
 1356 0004 0200     		.2byte	0x2
 1357 0006 00000000 		.4byte	.Ldebug_info0
 1358 000a 04       		.byte	0x4
 1359 000b 00       		.byte	0
 1360 000c 0000     		.2byte	0
 1361 000e 0000     		.2byte	0
 1362 0010 00000000 		.4byte	0
 1363 0014 00000000 		.4byte	0
 1364              		.section	.debug_line,"",%progbits
ARM GAS  C:\Users\robin\AppData\Local\Temp\ccl8CQXZ.s 			page 25


 1365              	.Ldebug_line0:
 1366 0000 3D010000 		.section	.debug_str,"MS",%progbits,1
 1366      02003701 
 1366      00000201 
 1366      FB0E0D00 
 1366      01010101 
 1367              	.LASF9:
 1368 0000 5F5F7569 		.ascii	"__uint8_t\000"
 1368      6E74385F 
 1368      7400
 1369              	.LASF19:
 1370 000a 433A5C55 		.ascii	"C:\\Users\\robin\\Universidad\\Tercero\\2o_Cuat\\DS"
 1370      73657273 
 1370      5C726F62 
 1370      696E5C55 
 1370      6E697665 
 1371 0037 455C5072 		.ascii	"E\\Practicas\\Practicas\\Practica3.cydsn\000"
 1371      61637469 
 1371      6361735C 
 1371      50726163 
 1371      74696361 
 1372              	.LASF16:
 1373 005d 63795F6D 		.ascii	"cy_metadata\000"
 1373      65746164 
 1373      61746100 
 1374              	.LASF1:
 1375 0069 756E7369 		.ascii	"unsigned char\000"
 1375      676E6564 
 1375      20636861 
 1375      7200
 1376              	.LASF17:
 1377 0077 474E5520 		.ascii	"GNU C11 5.4.1 20160609 (release) [ARM/embedded-5-br"
 1377      43313120 
 1377      352E342E 
 1377      31203230 
 1377      31363036 
 1378 00aa 616E6368 		.ascii	"anch revision 237715] -mcpu=cortex-m3 -mthumb -g -O"
 1378      20726576 
 1378      6973696F 
 1378      6E203233 
 1378      37373135 
 1379 00dd 67202D66 		.ascii	"g -ffunction-sections -ffat-lto-objects\000"
 1379      66756E63 
 1379      74696F6E 
 1379      2D736563 
 1379      74696F6E 
 1380              	.LASF5:
 1381 0105 6C6F6E67 		.ascii	"long unsigned int\000"
 1381      20756E73 
 1381      69676E65 
 1381      6420696E 
 1381      7400
 1382              	.LASF3:
 1383 0117 73686F72 		.ascii	"short unsigned int\000"
 1383      7420756E 
 1383      7369676E 
 1383      65642069 
ARM GAS  C:\Users\robin\AppData\Local\Temp\ccl8CQXZ.s 			page 26


 1383      6E7400
 1384              	.LASF13:
 1385 012a 63795F6D 		.ascii	"cy_meta_custnvl\000"
 1385      6574615F 
 1385      63757374 
 1385      6E766C00 
 1386              	.LASF12:
 1387 013a 63795F6D 		.ascii	"cy_meta_configecc\000"
 1387      6574615F 
 1387      636F6E66 
 1387      69676563 
 1387      6300
 1388              	.LASF8:
 1389 014c 756E7369 		.ascii	"unsigned int\000"
 1389      676E6564 
 1389      20696E74 
 1389      00
 1390              	.LASF7:
 1391 0159 6C6F6E67 		.ascii	"long long unsigned int\000"
 1391      206C6F6E 
 1391      6720756E 
 1391      7369676E 
 1391      65642069 
 1392              	.LASF10:
 1393 0170 75696E74 		.ascii	"uint8_t\000"
 1393      385F7400 
 1394              	.LASF15:
 1395 0178 63795F6D 		.ascii	"cy_meta_flashprotect\000"
 1395      6574615F 
 1395      666C6173 
 1395      6870726F 
 1395      74656374 
 1396              	.LASF14:
 1397 018d 63795F6D 		.ascii	"cy_meta_wonvl\000"
 1397      6574615F 
 1397      776F6E76 
 1397      6C00
 1398              	.LASF11:
 1399 019b 73697A65 		.ascii	"sizetype\000"
 1399      74797065 
 1399      00
 1400              	.LASF6:
 1401 01a4 6C6F6E67 		.ascii	"long long int\000"
 1401      206C6F6E 
 1401      6720696E 
 1401      7400
 1402              	.LASF2:
 1403 01b2 73686F72 		.ascii	"short int\000"
 1403      7420696E 
 1403      7400
 1404              	.LASF4:
 1405 01bc 6C6F6E67 		.ascii	"long int\000"
 1405      20696E74 
 1405      00
 1406              	.LASF0:
 1407 01c5 7369676E 		.ascii	"signed char\000"
 1407      65642063 
ARM GAS  C:\Users\robin\AppData\Local\Temp\ccl8CQXZ.s 			page 27


 1407      68617200 
 1408              	.LASF18:
 1409 01d1 47656E65 		.ascii	"Generated_Source\\PSoC5\\cymetadata.c\000"
 1409      72617465 
 1409      645F536F 
 1409      75726365 
 1409      5C50536F 
 1410              		.ident	"GCC: (GNU Tools for ARM Embedded Processors) 5.4.1 20160609 (release) [ARM/embedded-5-bran
