ARM GAS  C:\Users\robin\AppData\Local\Temp\ccyorYlb.s 			page 1


   1              		.syntax unified
   2              		.cpu cortex-m3
   3              		.fpu softvfp
   4              		.eabi_attribute 20, 1
   5              		.eabi_attribute 21, 1
   6              		.eabi_attribute 23, 3
   7              		.eabi_attribute 24, 1
   8              		.eabi_attribute 25, 1
   9              		.eabi_attribute 26, 1
  10              		.eabi_attribute 30, 1
  11              		.eabi_attribute 34, 1
  12              		.eabi_attribute 18, 4
  13              		.thumb
  14              		.syntax unified
  15              		.file	"main.c"
  16              		.text
  17              	.Ltext0:
  18              		.cfi_sections	.debug_frame
  19              		.syntax unified
  20              		.global _printf_float
  21              		.thumb
  22              		.syntax unified
  23              		.section	.text.RxIsr,"ax",%progbits
  24              		.align	2
  25              		.global	RxIsr
  26              		.thumb
  27              		.thumb_func
  28              		.type	RxIsr, %function
  29              	RxIsr:
  30              	.LFB64:
  31              		.file 1 "main.c"
   1:main.c        **** /* ========================================
   2:main.c        ****  *
   3:main.c        ****  * Copyright YOUR COMPANY, THE YEAR
   4:main.c        ****  * All Rights Reserved
   5:main.c        ****  * UNPUBLISHED, LICENSED SOFTWARE.
   6:main.c        ****  *
   7:main.c        ****  * CONFIDENTIAL AND PROPRIETARY INFORMATION
   8:main.c        ****  * WHICH IS THE PROPERTY OF your company.
   9:main.c        ****  *
  10:main.c        ****  * ========================================
  11:main.c        **** */
  12:main.c        **** #include "project.h"
  13:main.c        **** #include <stdio.h>
  14:main.c        **** #include "common.h"
  15:main.c        **** 
  16:main.c        **** #if defined (__GNUC__)
  17:main.c        ****     asm (".global _printf_float");
  18:main.c        **** #endif
  19:main.c        **** 
  20:main.c        **** uint8 errorStatus = 0u;
  21:main.c        **** CY_ISR(RxIsr)
  22:main.c        **** {
  32              		.loc 1 22 0
  33              		.cfi_startproc
  34              		@ args = 0, pretend = 0, frame = 8
  35              		@ frame_needed = 0, uses_anonymous_args = 0
ARM GAS  C:\Users\robin\AppData\Local\Temp\ccyorYlb.s 			page 2


  36 0000 10B5     		push	{r4, lr}
  37              		.cfi_def_cfa_offset 8
  38              		.cfi_offset 4, -8
  39              		.cfi_offset 14, -4
  40 0002 82B0     		sub	sp, sp, #8
  41              		.cfi_def_cfa_offset 16
  42              	.L8:
  23:main.c        ****     uint8 rxStatus;         
  24:main.c        ****     uint8 rxData;           
  25:main.c        ****     
  26:main.c        ****     do
  27:main.c        ****     {
  28:main.c        ****         /* Read receiver status register */
  29:main.c        ****         rxStatus = UART_RXSTATUS_REG;
  43              		.loc 1 29 0
  44 0004 214B     		ldr	r3, .L10
  45 0006 1B78     		ldrb	r3, [r3]	@ zero_extendqisi2
  46 0008 DBB2     		uxtb	r3, r3
  47              	.LVL0:
  30:main.c        **** 
  31:main.c        ****         if((rxStatus & (UART_RX_STS_BREAK      | UART_RX_STS_PAR_ERROR |
  48              		.loc 1 31 0
  49 000a 13F01E0F 		tst	r3, #30
  50 000e 05D0     		beq	.L2
  32:main.c        ****                         UART_RX_STS_STOP_ERROR | UART_RX_STS_OVERRUN)) != 0u)
  33:main.c        ****         {
  34:main.c        ****             /* ERROR handling. */
  35:main.c        ****             errorStatus |= rxStatus & ( UART_RX_STS_BREAK      | UART_RX_STS_PAR_ERROR | 
  51              		.loc 1 35 0
  52 0010 1F48     		ldr	r0, .L10+4
  53 0012 03F01E02 		and	r2, r3, #30
  54 0016 0178     		ldrb	r1, [r0]	@ zero_extendqisi2
  55 0018 0A43     		orrs	r2, r2, r1
  56 001a 0270     		strb	r2, [r0]
  57              	.L2:
  58 001c 03F02003 		and	r3, r3, #32
  59              	.LVL1:
  36:main.c        ****                                         UART_RX_STS_STOP_ERROR | UART_RX_STS_OVERRUN);
  37:main.c        ****         }
  38:main.c        ****         
  39:main.c        ****         if((rxStatus & UART_RX_STS_FIFO_NOTEMPTY) != 0u)
  60              		.loc 1 39 0
  61 0020 03F0FF04 		and	r4, r3, #255
  62 0024 6BB3     		cbz	r3, .L3
  40:main.c        ****         {
  41:main.c        ****             /* Read data from the RX data register */
  42:main.c        ****             rxData = UART_RXDATA_REG;
  63              		.loc 1 42 0
  64 0026 1B4B     		ldr	r3, .L10+8
  65 0028 1B78     		ldrb	r3, [r3]	@ zero_extendqisi2
  66 002a DBB2     		uxtb	r3, r3
  67 002c 8DF80730 		strb	r3, [sp, #7]
  43:main.c        ****             if(errorStatus == 0u)
  68              		.loc 1 43 0
  69 0030 174A     		ldr	r2, .L10+4
  70 0032 1278     		ldrb	r2, [r2]	@ zero_extendqisi2
  71 0034 2ABB     		cbnz	r2, .L3
ARM GAS  C:\Users\robin\AppData\Local\Temp\ccyorYlb.s 			page 3


  44:main.c        ****             {
  45:main.c        ****                 /* Send data backward */
  46:main.c        ****                 UART_TXDATA_REG = rxData;
  72              		.loc 1 46 0
  73 0036 184A     		ldr	r2, .L10+12
  74 0038 1370     		strb	r3, [r2]
  47:main.c        **** 
  48:main.c        ****                 if(rxData == 'd'){
  75              		.loc 1 48 0
  76 003a 9DF80730 		ldrb	r3, [sp, #7]	@ zero_extendqisi2
  77 003e 642B     		cmp	r3, #100
  78 0040 03D1     		bne	.L4
  49:main.c        ****                     Clock_1_SetSource(CYCLK_SRC_SEL_IMO);
  79              		.loc 1 49 0
  80 0042 0120     		movs	r0, #1
  81 0044 FFF7FEFF 		bl	Clock_1_SetSourceRegister
  82              	.LVL2:
  83 0048 13E0     		b	.L5
  84              	.L4:
  50:main.c        ****                 }else if(rxData == 'u'){
  85              		.loc 1 50 0
  86 004a 752B     		cmp	r3, #117
  87 004c 03D1     		bne	.L6
  51:main.c        ****                     Clock_1_SetSource(CYCLK_SRC_SEL_PLL);
  88              		.loc 1 51 0
  89 004e 0420     		movs	r0, #4
  90 0050 FFF7FEFF 		bl	Clock_1_SetSourceRegister
  91              	.LVL3:
  92 0054 0DE0     		b	.L5
  93              	.L6:
  52:main.c        ****                 }else if(rxData == 'p'){
  94              		.loc 1 52 0
  95 0056 702B     		cmp	r3, #112
  96 0058 07D1     		bne	.L7
  53:main.c        ****                     generadorPulsosPWM_Stop();
  97              		.loc 1 53 0
  98 005a FFF7FEFF 		bl	generadorPulsosPWM_Stop
  99              	.LVL4:
  54:main.c        ****                     generadorPulsosPWM_Sleep();
 100              		.loc 1 54 0
 101 005e FFF7FEFF 		bl	generadorPulsosPWM_Sleep
 102              	.LVL5:
  55:main.c        ****                     UART_PutString("Vamos a parar el led");
 103              		.loc 1 55 0
 104 0062 0E48     		ldr	r0, .L10+16
 105 0064 FFF7FEFF 		bl	UART_PutString
 106              	.LVL6:
 107 0068 03E0     		b	.L5
 108              	.L7:
  56:main.c        ****                 }else if(rxData == 'a'){
 109              		.loc 1 56 0
 110 006a 612B     		cmp	r3, #97
 111 006c 01D1     		bne	.L5
  57:main.c        ****                     generadorPulsosPWM_Start();   
 112              		.loc 1 57 0
 113 006e FFF7FEFF 		bl	generadorPulsosPWM_Start
 114              	.LVL7:
ARM GAS  C:\Users\robin\AppData\Local\Temp\ccyorYlb.s 			page 4


 115              	.L5:
  58:main.c        ****                 }
  59:main.c        ****                 Pantalla_Position(1,0);
 116              		.loc 1 59 0
 117 0072 0021     		movs	r1, #0
 118 0074 0120     		movs	r0, #1
 119 0076 FFF7FEFF 		bl	Pantalla_Position
 120              	.LVL8:
  60:main.c        ****                 Pantalla_PrintString((const char8 *)&rxData);
 121              		.loc 1 60 0
 122 007a 0DF10700 		add	r0, sp, #7
 123 007e FFF7FEFF 		bl	Pantalla_PrintString
 124              	.LVL9:
 125              	.L3:
  61:main.c        ****                 
  62:main.c        ****             }
  63:main.c        ****         }
  64:main.c        ****     }while((rxStatus & UART_RX_STS_FIFO_NOTEMPTY) != 0u);
 126              		.loc 1 64 0
 127 0082 002C     		cmp	r4, #0
 128 0084 BED1     		bne	.L8
  65:main.c        **** 
  66:main.c        **** }
 129              		.loc 1 66 0
 130 0086 02B0     		add	sp, sp, #8
 131              		.cfi_def_cfa_offset 8
 132              		@ sp needed
 133 0088 10BD     		pop	{r4, pc}
 134              	.L11:
 135 008a 00BF     		.align	2
 136              	.L10:
 137 008c 68650040 		.word	1073767784
 138 0090 00000000 		.word	.LANCHOR0
 139 0094 48640040 		.word	1073767496
 140 0098 48650040 		.word	1073767752
 141 009c 00000000 		.word	.LC0
 142              		.cfi_endproc
 143              	.LFE64:
 144              		.size	RxIsr, .-RxIsr
 145              		.section	.text.main,"ax",%progbits
 146              		.align	2
 147              		.global	main
 148              		.thumb
 149              		.thumb_func
 150              		.type	main, %function
 151              	main:
 152              	.LFB65:
  67:main.c        **** 
  68:main.c        **** int main(void)
  69:main.c        **** {
 153              		.loc 1 69 0
 154              		.cfi_startproc
 155              		@ Volatile: function does not return.
 156              		@ args = 0, pretend = 0, frame = 0
 157              		@ frame_needed = 0, uses_anonymous_args = 0
 158 0000 08B5     		push	{r3, lr}
 159              		.cfi_def_cfa_offset 8
ARM GAS  C:\Users\robin\AppData\Local\Temp\ccyorYlb.s 			page 5


 160              		.cfi_offset 3, -8
 161              		.cfi_offset 14, -4
  70:main.c        **** 
  71:main.c        **** 
  72:main.c        ****     #if(INTERRUPT_CODE_ENABLED == ENABLED)
  73:main.c        ****     UART_isr_StartEx(RxIsr);
 162              		.loc 1 73 0
 163 0002 0A48     		ldr	r0, .L15
 164 0004 FFF7FEFF 		bl	UART_isr_StartEx
 165              	.LVL10:
  74:main.c        ****     #endif /* INTERRUPT_CODE_ENABLED == ENABLED */
  75:main.c        ****         
  76:main.c        ****     CyGlobalIntEnable;      /* Enable global interrupts. */
 166              		.loc 1 76 0
 167              		.syntax unified
 168              	@ 76 "main.c" 1
 169 0008 62B6     		CPSIE   i
 170              	@ 0 "" 2
  77:main.c        ****         
  78:main.c        ****     
  79:main.c        ****     generadorPulsosPWM_Start();
 171              		.loc 1 79 0
 172              		.thumb
 173              		.syntax unified
 174 000a FFF7FEFF 		bl	generadorPulsosPWM_Start
 175              	.LVL11:
  80:main.c        ****     
  81:main.c        ****     CyGlobalIntEnable; /* Enable global interrupts. */
 176              		.loc 1 81 0
 177              		.syntax unified
 178              	@ 81 "main.c" 1
 179 000e 62B6     		CPSIE   i
 180              	@ 0 "" 2
  82:main.c        ****     
  83:main.c        ****     Pantalla_Start();
 181              		.loc 1 83 0
 182              		.thumb
 183              		.syntax unified
 184 0010 FFF7FEFF 		bl	Pantalla_Start
 185              	.LVL12:
  84:main.c        ****     UART_Start();
 186              		.loc 1 84 0
 187 0014 FFF7FEFF 		bl	UART_Start
 188              	.LVL13:
  85:main.c        ****     Pantalla_ClearDisplay();
 189              		.loc 1 85 0
 190 0018 0120     		movs	r0, #1
 191 001a FFF7FEFF 		bl	Pantalla_WriteControl
 192              	.LVL14:
  86:main.c        ****     Pantalla_PrintString("Bienvenido");
 193              		.loc 1 86 0
 194 001e 0448     		ldr	r0, .L15+4
 195 0020 FFF7FEFF 		bl	Pantalla_PrintString
 196              	.LVL15:
  87:main.c        ****     
  88:main.c        ****     generadorPulsosPWM_WriteCompare(90);
 197              		.loc 1 88 0
ARM GAS  C:\Users\robin\AppData\Local\Temp\ccyorYlb.s 			page 6


 198 0024 5A20     		movs	r0, #90
 199 0026 FFF7FEFF 		bl	generadorPulsosPWM_WriteCompare
 200              	.LVL16:
 201              	.L13:
 202 002a FEE7     		b	.L13
 203              	.L16:
 204              		.align	2
 205              	.L15:
 206 002c 00000000 		.word	RxIsr
 207 0030 18000000 		.word	.LC1
 208              		.cfi_endproc
 209              	.LFE65:
 210              		.size	main, .-main
 211              		.global	errorStatus
 212              		.section	.rodata.str1.4,"aMS",%progbits,1
 213              		.align	2
 214              	.LC0:
 215 0000 56616D6F 		.ascii	"Vamos a parar el led\000"
 215      73206120 
 215      70617261 
 215      7220656C 
 215      206C6564 
 216 0015 000000   		.space	3
 217              	.LC1:
 218 0018 4269656E 		.ascii	"Bienvenido\000"
 218      76656E69 
 218      646F00
 219              		.bss
 220              		.set	.LANCHOR0,. + 0
 221              		.type	errorStatus, %object
 222              		.size	errorStatus, 1
 223              	errorStatus:
 224 0000 00       		.space	1
 225              		.text
 226              	.Letext0:
 227              		.file 2 "c:\\program files (x86)\\cypress\\psoc creator\\4.2\\psoc creator\\import\\gnu\\arm\\5.4.
 228              		.file 3 "c:\\program files (x86)\\cypress\\psoc creator\\4.2\\psoc creator\\import\\gnu\\arm\\5.4.
 229              		.file 4 "Generated_Source\\PSoC5/cytypes.h"
 230              		.file 5 "Generated_Source\\PSoC5/core_cm3.h"
 231              		.file 6 "Generated_Source\\PSoC5/Clock_1.h"
 232              		.file 7 "Generated_Source\\PSoC5/generadorPulsosPWM.h"
 233              		.file 8 "Generated_Source\\PSoC5/UART.h"
 234              		.file 9 "Generated_Source\\PSoC5/Pantalla.h"
 235              		.file 10 "Generated_Source\\PSoC5/UART_isr.h"
 236              		.section	.debug_info,"",%progbits
 237              	.Ldebug_info0:
 238 0000 A9020000 		.4byte	0x2a9
 239 0004 0400     		.2byte	0x4
 240 0006 00000000 		.4byte	.Ldebug_abbrev0
 241 000a 04       		.byte	0x4
 242 000b 01       		.uleb128 0x1
 243 000c B2000000 		.4byte	.LASF35
 244 0010 0C       		.byte	0xc
 245 0011 42020000 		.4byte	.LASF36
 246 0015 23000000 		.4byte	.LASF37
 247 0019 00000000 		.4byte	.Ldebug_ranges0+0
 248 001d 00000000 		.4byte	0
ARM GAS  C:\Users\robin\AppData\Local\Temp\ccyorYlb.s 			page 7


 249 0021 00000000 		.4byte	.Ldebug_line0
 250 0025 02       		.uleb128 0x2
 251 0026 01       		.byte	0x1
 252 0027 06       		.byte	0x6
 253 0028 9C020000 		.4byte	.LASF0
 254 002c 02       		.uleb128 0x2
 255 002d 01       		.byte	0x1
 256 002e 08       		.byte	0x8
 257 002f A4000000 		.4byte	.LASF1
 258 0033 02       		.uleb128 0x2
 259 0034 02       		.byte	0x2
 260 0035 05       		.byte	0x5
 261 0036 8E000000 		.4byte	.LASF2
 262 003a 02       		.uleb128 0x2
 263 003b 02       		.byte	0x2
 264 003c 07       		.byte	0x7
 265 003d 57010000 		.4byte	.LASF3
 266 0041 03       		.uleb128 0x3
 267 0042 19000000 		.4byte	.LASF9
 268 0046 02       		.byte	0x2
 269 0047 3F       		.byte	0x3f
 270 0048 4C000000 		.4byte	0x4c
 271 004c 02       		.uleb128 0x2
 272 004d 04       		.byte	0x4
 273 004e 05       		.byte	0x5
 274 004f 87020000 		.4byte	.LASF4
 275 0053 02       		.uleb128 0x2
 276 0054 04       		.byte	0x4
 277 0055 07       		.byte	0x7
 278 0056 45010000 		.4byte	.LASF5
 279 005a 02       		.uleb128 0x2
 280 005b 08       		.byte	0x8
 281 005c 05       		.byte	0x5
 282 005d 34020000 		.4byte	.LASF6
 283 0061 02       		.uleb128 0x2
 284 0062 08       		.byte	0x8
 285 0063 07       		.byte	0x7
 286 0064 06020000 		.4byte	.LASF7
 287 0068 04       		.uleb128 0x4
 288 0069 04       		.byte	0x4
 289 006a 05       		.byte	0x5
 290 006b 696E7400 		.ascii	"int\000"
 291 006f 02       		.uleb128 0x2
 292 0070 04       		.byte	0x4
 293 0071 07       		.byte	0x7
 294 0072 E7010000 		.4byte	.LASF8
 295 0076 03       		.uleb128 0x3
 296 0077 1D020000 		.4byte	.LASF10
 297 007b 03       		.byte	0x3
 298 007c 2C       		.byte	0x2c
 299 007d 41000000 		.4byte	0x41
 300 0081 05       		.uleb128 0x5
 301 0082 67020000 		.4byte	.LASF11
 302 0086 04       		.byte	0x4
 303 0087 E401     		.2byte	0x1e4
 304 0089 2C000000 		.4byte	0x2c
 305 008d 02       		.uleb128 0x2
ARM GAS  C:\Users\robin\AppData\Local\Temp\ccyorYlb.s 			page 8


 306 008e 04       		.byte	0x4
 307 008f 04       		.byte	0x4
 308 0090 9E000000 		.4byte	.LASF12
 309 0094 02       		.uleb128 0x2
 310 0095 08       		.byte	0x8
 311 0096 04       		.byte	0x4
 312 0097 91010000 		.4byte	.LASF13
 313 009b 05       		.uleb128 0x5
 314 009c 2E020000 		.4byte	.LASF14
 315 00a0 04       		.byte	0x4
 316 00a1 F501     		.2byte	0x1f5
 317 00a3 A7000000 		.4byte	0xa7
 318 00a7 02       		.uleb128 0x2
 319 00a8 01       		.byte	0x1
 320 00a9 08       		.byte	0x8
 321 00aa 49020000 		.4byte	.LASF15
 322 00ae 05       		.uleb128 0x5
 323 00af 40010000 		.4byte	.LASF16
 324 00b3 04       		.byte	0x4
 325 00b4 8E02     		.2byte	0x28e
 326 00b6 BA000000 		.4byte	0xba
 327 00ba 06       		.uleb128 0x6
 328 00bb 81000000 		.4byte	0x81
 329 00bf 02       		.uleb128 0x2
 330 00c0 08       		.byte	0x8
 331 00c1 04       		.byte	0x4
 332 00c2 90020000 		.4byte	.LASF17
 333 00c6 02       		.uleb128 0x2
 334 00c7 04       		.byte	0x4
 335 00c8 07       		.byte	0x7
 336 00c9 25020000 		.4byte	.LASF18
 337 00cd 07       		.uleb128 0x7
 338 00ce 98000000 		.4byte	.LASF38
 339 00d2 01       		.byte	0x1
 340 00d3 15       		.byte	0x15
 341 00d4 00000000 		.4byte	.LFB64
 342 00d8 A0000000 		.4byte	.LFE64-.LFB64
 343 00dc 01       		.uleb128 0x1
 344 00dd 9C       		.byte	0x9c
 345 00de 80010000 		.4byte	0x180
 346 00e2 08       		.uleb128 0x8
 347 00e3 CD020000 		.4byte	.LASF19
 348 00e7 01       		.byte	0x1
 349 00e8 17       		.byte	0x17
 350 00e9 81000000 		.4byte	0x81
 351 00ed 00000000 		.4byte	.LLST0
 352 00f1 09       		.uleb128 0x9
 353 00f2 8A010000 		.4byte	.LASF20
 354 00f6 01       		.byte	0x1
 355 00f7 18       		.byte	0x18
 356 00f8 81000000 		.4byte	0x81
 357 00fc 02       		.uleb128 0x2
 358 00fd 91       		.byte	0x91
 359 00fe 77       		.sleb128 -9
 360 00ff 0A       		.uleb128 0xa
 361 0100 48000000 		.4byte	.LVL2
 362 0104 28020000 		.4byte	0x228
ARM GAS  C:\Users\robin\AppData\Local\Temp\ccyorYlb.s 			page 9


 363 0108 12010000 		.4byte	0x112
 364 010c 0B       		.uleb128 0xb
 365 010d 01       		.uleb128 0x1
 366 010e 50       		.byte	0x50
 367 010f 01       		.uleb128 0x1
 368 0110 31       		.byte	0x31
 369 0111 00       		.byte	0
 370 0112 0A       		.uleb128 0xa
 371 0113 54000000 		.4byte	.LVL3
 372 0117 28020000 		.4byte	0x228
 373 011b 25010000 		.4byte	0x125
 374 011f 0B       		.uleb128 0xb
 375 0120 01       		.uleb128 0x1
 376 0121 50       		.byte	0x50
 377 0122 01       		.uleb128 0x1
 378 0123 34       		.byte	0x34
 379 0124 00       		.byte	0
 380 0125 0C       		.uleb128 0xc
 381 0126 5E000000 		.4byte	.LVL4
 382 012a 33020000 		.4byte	0x233
 383 012e 0C       		.uleb128 0xc
 384 012f 62000000 		.4byte	.LVL5
 385 0133 3E020000 		.4byte	0x23e
 386 0137 0A       		.uleb128 0xa
 387 0138 68000000 		.4byte	.LVL6
 388 013c 49020000 		.4byte	0x249
 389 0140 4E010000 		.4byte	0x14e
 390 0144 0B       		.uleb128 0xb
 391 0145 01       		.uleb128 0x1
 392 0146 50       		.byte	0x50
 393 0147 05       		.uleb128 0x5
 394 0148 03       		.byte	0x3
 395 0149 00000000 		.4byte	.LC0
 396 014d 00       		.byte	0
 397 014e 0C       		.uleb128 0xc
 398 014f 72000000 		.4byte	.LVL7
 399 0153 54020000 		.4byte	0x254
 400 0157 0A       		.uleb128 0xa
 401 0158 7A000000 		.4byte	.LVL8
 402 015c 5F020000 		.4byte	0x25f
 403 0160 6F010000 		.4byte	0x16f
 404 0164 0B       		.uleb128 0xb
 405 0165 01       		.uleb128 0x1
 406 0166 50       		.byte	0x50
 407 0167 01       		.uleb128 0x1
 408 0168 31       		.byte	0x31
 409 0169 0B       		.uleb128 0xb
 410 016a 01       		.uleb128 0x1
 411 016b 51       		.byte	0x51
 412 016c 01       		.uleb128 0x1
 413 016d 30       		.byte	0x30
 414 016e 00       		.byte	0
 415 016f 0D       		.uleb128 0xd
 416 0170 82000000 		.4byte	.LVL9
 417 0174 6A020000 		.4byte	0x26a
 418 0178 0B       		.uleb128 0xb
 419 0179 01       		.uleb128 0x1
ARM GAS  C:\Users\robin\AppData\Local\Temp\ccyorYlb.s 			page 10


 420 017a 50       		.byte	0x50
 421 017b 02       		.uleb128 0x2
 422 017c 91       		.byte	0x91
 423 017d 77       		.sleb128 -9
 424 017e 00       		.byte	0
 425 017f 00       		.byte	0
 426 0180 0E       		.uleb128 0xe
 427 0181 E2010000 		.4byte	.LASF39
 428 0185 01       		.byte	0x1
 429 0186 44       		.byte	0x44
 430 0187 68000000 		.4byte	0x68
 431 018b 00000000 		.4byte	.LFB65
 432 018f 34000000 		.4byte	.LFE65-.LFB65
 433 0193 01       		.uleb128 0x1
 434 0194 9C       		.byte	0x9c
 435 0195 06020000 		.4byte	0x206
 436 0199 0A       		.uleb128 0xa
 437 019a 08000000 		.4byte	.LVL10
 438 019e 75020000 		.4byte	0x275
 439 01a2 B0010000 		.4byte	0x1b0
 440 01a6 0B       		.uleb128 0xb
 441 01a7 01       		.uleb128 0x1
 442 01a8 50       		.byte	0x50
 443 01a9 05       		.uleb128 0x5
 444 01aa 03       		.byte	0x3
 445 01ab 00000000 		.4byte	RxIsr
 446 01af 00       		.byte	0
 447 01b0 0C       		.uleb128 0xc
 448 01b1 0E000000 		.4byte	.LVL11
 449 01b5 54020000 		.4byte	0x254
 450 01b9 0C       		.uleb128 0xc
 451 01ba 14000000 		.4byte	.LVL12
 452 01be 80020000 		.4byte	0x280
 453 01c2 0C       		.uleb128 0xc
 454 01c3 18000000 		.4byte	.LVL13
 455 01c7 8B020000 		.4byte	0x28b
 456 01cb 0A       		.uleb128 0xa
 457 01cc 1E000000 		.4byte	.LVL14
 458 01d0 96020000 		.4byte	0x296
 459 01d4 DE010000 		.4byte	0x1de
 460 01d8 0B       		.uleb128 0xb
 461 01d9 01       		.uleb128 0x1
 462 01da 50       		.byte	0x50
 463 01db 01       		.uleb128 0x1
 464 01dc 31       		.byte	0x31
 465 01dd 00       		.byte	0
 466 01de 0A       		.uleb128 0xa
 467 01df 24000000 		.4byte	.LVL15
 468 01e3 6A020000 		.4byte	0x26a
 469 01e7 F5010000 		.4byte	0x1f5
 470 01eb 0B       		.uleb128 0xb
 471 01ec 01       		.uleb128 0x1
 472 01ed 50       		.byte	0x50
 473 01ee 05       		.uleb128 0x5
 474 01ef 03       		.byte	0x3
 475 01f0 18000000 		.4byte	.LC1
 476 01f4 00       		.byte	0
ARM GAS  C:\Users\robin\AppData\Local\Temp\ccyorYlb.s 			page 11


 477 01f5 0D       		.uleb128 0xd
 478 01f6 2A000000 		.4byte	.LVL16
 479 01fa A1020000 		.4byte	0x2a1
 480 01fe 0B       		.uleb128 0xb
 481 01ff 01       		.uleb128 0x1
 482 0200 50       		.byte	0x50
 483 0201 02       		.uleb128 0x2
 484 0202 08       		.byte	0x8
 485 0203 5A       		.byte	0x5a
 486 0204 00       		.byte	0
 487 0205 00       		.byte	0
 488 0206 0F       		.uleb128 0xf
 489 0207 D5010000 		.4byte	.LASF21
 490 020b 05       		.byte	0x5
 491 020c 1207     		.2byte	0x712
 492 020e 12020000 		.4byte	0x212
 493 0212 06       		.uleb128 0x6
 494 0213 76000000 		.4byte	0x76
 495 0217 10       		.uleb128 0x10
 496 0218 C9010000 		.4byte	.LASF22
 497 021c 01       		.byte	0x1
 498 021d 14       		.byte	0x14
 499 021e 81000000 		.4byte	0x81
 500 0222 05       		.uleb128 0x5
 501 0223 03       		.byte	0x3
 502 0224 00000000 		.4byte	errorStatus
 503 0228 11       		.uleb128 0x11
 504 0229 6D020000 		.4byte	.LASF23
 505 022d 6D020000 		.4byte	.LASF23
 506 0231 06       		.byte	0x6
 507 0232 35       		.byte	0x35
 508 0233 11       		.uleb128 0x11
 509 0234 76000000 		.4byte	.LASF24
 510 0238 76000000 		.4byte	.LASF24
 511 023c 07       		.byte	0x7
 512 023d 93       		.byte	0x93
 513 023e 11       		.uleb128 0x11
 514 023f 4E020000 		.4byte	.LASF25
 515 0243 4E020000 		.4byte	.LASF25
 516 0247 07       		.byte	0x7
 517 0248 DC       		.byte	0xdc
 518 0249 11       		.uleb128 0x11
 519 024a A8020000 		.4byte	.LASF26
 520 024e A8020000 		.4byte	.LASF26
 521 0252 08       		.byte	0x8
 522 0253 8B       		.byte	0x8b
 523 0254 11       		.uleb128 0x11
 524 0255 00000000 		.4byte	.LASF27
 525 0259 00000000 		.4byte	.LASF27
 526 025d 07       		.byte	0x7
 527 025e 92       		.byte	0x92
 528 025f 11       		.uleb128 0x11
 529 0260 F4010000 		.4byte	.LASF28
 530 0264 F4010000 		.4byte	.LASF28
 531 0268 09       		.byte	0x9
 532 0269 3D       		.byte	0x3d
 533 026a 11       		.uleb128 0x11
ARM GAS  C:\Users\robin\AppData\Local\Temp\ccyorYlb.s 			page 12


 534 026b 75010000 		.4byte	.LASF29
 535 026f 75010000 		.4byte	.LASF29
 536 0273 09       		.byte	0x9
 537 0274 3C       		.byte	0x3c
 538 0275 11       		.uleb128 0x11
 539 0276 98010000 		.4byte	.LASF30
 540 027a 98010000 		.4byte	.LASF30
 541 027e 0A       		.byte	0xa
 542 027f 18       		.byte	0x18
 543 0280 11       		.uleb128 0x11
 544 0281 D6020000 		.4byte	.LASF31
 545 0285 D6020000 		.4byte	.LASF31
 546 0289 09       		.byte	0x9
 547 028a 38       		.byte	0x38
 548 028b 11       		.uleb128 0x11
 549 028c 6A010000 		.4byte	.LASF32
 550 0290 6A010000 		.4byte	.LASF32
 551 0294 08       		.byte	0x8
 552 0295 54       		.byte	0x54
 553 0296 11       		.uleb128 0x11
 554 0297 B7020000 		.4byte	.LASF33
 555 029b B7020000 		.4byte	.LASF33
 556 029f 09       		.byte	0x9
 557 02a0 3A       		.byte	0x3a
 558 02a1 11       		.uleb128 0x11
 559 02a2 A9010000 		.4byte	.LASF34
 560 02a6 A9010000 		.4byte	.LASF34
 561 02aa 07       		.byte	0x7
 562 02ab C3       		.byte	0xc3
 563 02ac 00       		.byte	0
 564              		.section	.debug_abbrev,"",%progbits
 565              	.Ldebug_abbrev0:
 566 0000 01       		.uleb128 0x1
 567 0001 11       		.uleb128 0x11
 568 0002 01       		.byte	0x1
 569 0003 25       		.uleb128 0x25
 570 0004 0E       		.uleb128 0xe
 571 0005 13       		.uleb128 0x13
 572 0006 0B       		.uleb128 0xb
 573 0007 03       		.uleb128 0x3
 574 0008 0E       		.uleb128 0xe
 575 0009 1B       		.uleb128 0x1b
 576 000a 0E       		.uleb128 0xe
 577 000b 55       		.uleb128 0x55
 578 000c 17       		.uleb128 0x17
 579 000d 11       		.uleb128 0x11
 580 000e 01       		.uleb128 0x1
 581 000f 10       		.uleb128 0x10
 582 0010 17       		.uleb128 0x17
 583 0011 00       		.byte	0
 584 0012 00       		.byte	0
 585 0013 02       		.uleb128 0x2
 586 0014 24       		.uleb128 0x24
 587 0015 00       		.byte	0
 588 0016 0B       		.uleb128 0xb
 589 0017 0B       		.uleb128 0xb
 590 0018 3E       		.uleb128 0x3e
ARM GAS  C:\Users\robin\AppData\Local\Temp\ccyorYlb.s 			page 13


 591 0019 0B       		.uleb128 0xb
 592 001a 03       		.uleb128 0x3
 593 001b 0E       		.uleb128 0xe
 594 001c 00       		.byte	0
 595 001d 00       		.byte	0
 596 001e 03       		.uleb128 0x3
 597 001f 16       		.uleb128 0x16
 598 0020 00       		.byte	0
 599 0021 03       		.uleb128 0x3
 600 0022 0E       		.uleb128 0xe
 601 0023 3A       		.uleb128 0x3a
 602 0024 0B       		.uleb128 0xb
 603 0025 3B       		.uleb128 0x3b
 604 0026 0B       		.uleb128 0xb
 605 0027 49       		.uleb128 0x49
 606 0028 13       		.uleb128 0x13
 607 0029 00       		.byte	0
 608 002a 00       		.byte	0
 609 002b 04       		.uleb128 0x4
 610 002c 24       		.uleb128 0x24
 611 002d 00       		.byte	0
 612 002e 0B       		.uleb128 0xb
 613 002f 0B       		.uleb128 0xb
 614 0030 3E       		.uleb128 0x3e
 615 0031 0B       		.uleb128 0xb
 616 0032 03       		.uleb128 0x3
 617 0033 08       		.uleb128 0x8
 618 0034 00       		.byte	0
 619 0035 00       		.byte	0
 620 0036 05       		.uleb128 0x5
 621 0037 16       		.uleb128 0x16
 622 0038 00       		.byte	0
 623 0039 03       		.uleb128 0x3
 624 003a 0E       		.uleb128 0xe
 625 003b 3A       		.uleb128 0x3a
 626 003c 0B       		.uleb128 0xb
 627 003d 3B       		.uleb128 0x3b
 628 003e 05       		.uleb128 0x5
 629 003f 49       		.uleb128 0x49
 630 0040 13       		.uleb128 0x13
 631 0041 00       		.byte	0
 632 0042 00       		.byte	0
 633 0043 06       		.uleb128 0x6
 634 0044 35       		.uleb128 0x35
 635 0045 00       		.byte	0
 636 0046 49       		.uleb128 0x49
 637 0047 13       		.uleb128 0x13
 638 0048 00       		.byte	0
 639 0049 00       		.byte	0
 640 004a 07       		.uleb128 0x7
 641 004b 2E       		.uleb128 0x2e
 642 004c 01       		.byte	0x1
 643 004d 3F       		.uleb128 0x3f
 644 004e 19       		.uleb128 0x19
 645 004f 03       		.uleb128 0x3
 646 0050 0E       		.uleb128 0xe
 647 0051 3A       		.uleb128 0x3a
ARM GAS  C:\Users\robin\AppData\Local\Temp\ccyorYlb.s 			page 14


 648 0052 0B       		.uleb128 0xb
 649 0053 3B       		.uleb128 0x3b
 650 0054 0B       		.uleb128 0xb
 651 0055 27       		.uleb128 0x27
 652 0056 19       		.uleb128 0x19
 653 0057 11       		.uleb128 0x11
 654 0058 01       		.uleb128 0x1
 655 0059 12       		.uleb128 0x12
 656 005a 06       		.uleb128 0x6
 657 005b 40       		.uleb128 0x40
 658 005c 18       		.uleb128 0x18
 659 005d 9742     		.uleb128 0x2117
 660 005f 19       		.uleb128 0x19
 661 0060 01       		.uleb128 0x1
 662 0061 13       		.uleb128 0x13
 663 0062 00       		.byte	0
 664 0063 00       		.byte	0
 665 0064 08       		.uleb128 0x8
 666 0065 34       		.uleb128 0x34
 667 0066 00       		.byte	0
 668 0067 03       		.uleb128 0x3
 669 0068 0E       		.uleb128 0xe
 670 0069 3A       		.uleb128 0x3a
 671 006a 0B       		.uleb128 0xb
 672 006b 3B       		.uleb128 0x3b
 673 006c 0B       		.uleb128 0xb
 674 006d 49       		.uleb128 0x49
 675 006e 13       		.uleb128 0x13
 676 006f 02       		.uleb128 0x2
 677 0070 17       		.uleb128 0x17
 678 0071 00       		.byte	0
 679 0072 00       		.byte	0
 680 0073 09       		.uleb128 0x9
 681 0074 34       		.uleb128 0x34
 682 0075 00       		.byte	0
 683 0076 03       		.uleb128 0x3
 684 0077 0E       		.uleb128 0xe
 685 0078 3A       		.uleb128 0x3a
 686 0079 0B       		.uleb128 0xb
 687 007a 3B       		.uleb128 0x3b
 688 007b 0B       		.uleb128 0xb
 689 007c 49       		.uleb128 0x49
 690 007d 13       		.uleb128 0x13
 691 007e 02       		.uleb128 0x2
 692 007f 18       		.uleb128 0x18
 693 0080 00       		.byte	0
 694 0081 00       		.byte	0
 695 0082 0A       		.uleb128 0xa
 696 0083 898201   		.uleb128 0x4109
 697 0086 01       		.byte	0x1
 698 0087 11       		.uleb128 0x11
 699 0088 01       		.uleb128 0x1
 700 0089 31       		.uleb128 0x31
 701 008a 13       		.uleb128 0x13
 702 008b 01       		.uleb128 0x1
 703 008c 13       		.uleb128 0x13
 704 008d 00       		.byte	0
ARM GAS  C:\Users\robin\AppData\Local\Temp\ccyorYlb.s 			page 15


 705 008e 00       		.byte	0
 706 008f 0B       		.uleb128 0xb
 707 0090 8A8201   		.uleb128 0x410a
 708 0093 00       		.byte	0
 709 0094 02       		.uleb128 0x2
 710 0095 18       		.uleb128 0x18
 711 0096 9142     		.uleb128 0x2111
 712 0098 18       		.uleb128 0x18
 713 0099 00       		.byte	0
 714 009a 00       		.byte	0
 715 009b 0C       		.uleb128 0xc
 716 009c 898201   		.uleb128 0x4109
 717 009f 00       		.byte	0
 718 00a0 11       		.uleb128 0x11
 719 00a1 01       		.uleb128 0x1
 720 00a2 31       		.uleb128 0x31
 721 00a3 13       		.uleb128 0x13
 722 00a4 00       		.byte	0
 723 00a5 00       		.byte	0
 724 00a6 0D       		.uleb128 0xd
 725 00a7 898201   		.uleb128 0x4109
 726 00aa 01       		.byte	0x1
 727 00ab 11       		.uleb128 0x11
 728 00ac 01       		.uleb128 0x1
 729 00ad 31       		.uleb128 0x31
 730 00ae 13       		.uleb128 0x13
 731 00af 00       		.byte	0
 732 00b0 00       		.byte	0
 733 00b1 0E       		.uleb128 0xe
 734 00b2 2E       		.uleb128 0x2e
 735 00b3 01       		.byte	0x1
 736 00b4 3F       		.uleb128 0x3f
 737 00b5 19       		.uleb128 0x19
 738 00b6 03       		.uleb128 0x3
 739 00b7 0E       		.uleb128 0xe
 740 00b8 3A       		.uleb128 0x3a
 741 00b9 0B       		.uleb128 0xb
 742 00ba 3B       		.uleb128 0x3b
 743 00bb 0B       		.uleb128 0xb
 744 00bc 27       		.uleb128 0x27
 745 00bd 19       		.uleb128 0x19
 746 00be 49       		.uleb128 0x49
 747 00bf 13       		.uleb128 0x13
 748 00c0 8701     		.uleb128 0x87
 749 00c2 19       		.uleb128 0x19
 750 00c3 11       		.uleb128 0x11
 751 00c4 01       		.uleb128 0x1
 752 00c5 12       		.uleb128 0x12
 753 00c6 06       		.uleb128 0x6
 754 00c7 40       		.uleb128 0x40
 755 00c8 18       		.uleb128 0x18
 756 00c9 9742     		.uleb128 0x2117
 757 00cb 19       		.uleb128 0x19
 758 00cc 01       		.uleb128 0x1
 759 00cd 13       		.uleb128 0x13
 760 00ce 00       		.byte	0
 761 00cf 00       		.byte	0
ARM GAS  C:\Users\robin\AppData\Local\Temp\ccyorYlb.s 			page 16


 762 00d0 0F       		.uleb128 0xf
 763 00d1 34       		.uleb128 0x34
 764 00d2 00       		.byte	0
 765 00d3 03       		.uleb128 0x3
 766 00d4 0E       		.uleb128 0xe
 767 00d5 3A       		.uleb128 0x3a
 768 00d6 0B       		.uleb128 0xb
 769 00d7 3B       		.uleb128 0x3b
 770 00d8 05       		.uleb128 0x5
 771 00d9 49       		.uleb128 0x49
 772 00da 13       		.uleb128 0x13
 773 00db 3F       		.uleb128 0x3f
 774 00dc 19       		.uleb128 0x19
 775 00dd 3C       		.uleb128 0x3c
 776 00de 19       		.uleb128 0x19
 777 00df 00       		.byte	0
 778 00e0 00       		.byte	0
 779 00e1 10       		.uleb128 0x10
 780 00e2 34       		.uleb128 0x34
 781 00e3 00       		.byte	0
 782 00e4 03       		.uleb128 0x3
 783 00e5 0E       		.uleb128 0xe
 784 00e6 3A       		.uleb128 0x3a
 785 00e7 0B       		.uleb128 0xb
 786 00e8 3B       		.uleb128 0x3b
 787 00e9 0B       		.uleb128 0xb
 788 00ea 49       		.uleb128 0x49
 789 00eb 13       		.uleb128 0x13
 790 00ec 3F       		.uleb128 0x3f
 791 00ed 19       		.uleb128 0x19
 792 00ee 02       		.uleb128 0x2
 793 00ef 18       		.uleb128 0x18
 794 00f0 00       		.byte	0
 795 00f1 00       		.byte	0
 796 00f2 11       		.uleb128 0x11
 797 00f3 2E       		.uleb128 0x2e
 798 00f4 00       		.byte	0
 799 00f5 3F       		.uleb128 0x3f
 800 00f6 19       		.uleb128 0x19
 801 00f7 3C       		.uleb128 0x3c
 802 00f8 19       		.uleb128 0x19
 803 00f9 6E       		.uleb128 0x6e
 804 00fa 0E       		.uleb128 0xe
 805 00fb 03       		.uleb128 0x3
 806 00fc 0E       		.uleb128 0xe
 807 00fd 3A       		.uleb128 0x3a
 808 00fe 0B       		.uleb128 0xb
 809 00ff 3B       		.uleb128 0x3b
 810 0100 0B       		.uleb128 0xb
 811 0101 00       		.byte	0
 812 0102 00       		.byte	0
 813 0103 00       		.byte	0
 814              		.section	.debug_loc,"",%progbits
 815              	.Ldebug_loc0:
 816              	.LLST0:
 817 0000 0A000000 		.4byte	.LVL0
 818 0004 20000000 		.4byte	.LVL1
ARM GAS  C:\Users\robin\AppData\Local\Temp\ccyorYlb.s 			page 17


 819 0008 0100     		.2byte	0x1
 820 000a 53       		.byte	0x53
 821 000b 00000000 		.4byte	0
 822 000f 00000000 		.4byte	0
 823              		.section	.debug_aranges,"",%progbits
 824 0000 24000000 		.4byte	0x24
 825 0004 0200     		.2byte	0x2
 826 0006 00000000 		.4byte	.Ldebug_info0
 827 000a 04       		.byte	0x4
 828 000b 00       		.byte	0
 829 000c 0000     		.2byte	0
 830 000e 0000     		.2byte	0
 831 0010 00000000 		.4byte	.LFB64
 832 0014 A0000000 		.4byte	.LFE64-.LFB64
 833 0018 00000000 		.4byte	.LFB65
 834 001c 34000000 		.4byte	.LFE65-.LFB65
 835 0020 00000000 		.4byte	0
 836 0024 00000000 		.4byte	0
 837              		.section	.debug_ranges,"",%progbits
 838              	.Ldebug_ranges0:
 839 0000 00000000 		.4byte	.LFB64
 840 0004 A0000000 		.4byte	.LFE64
 841 0008 00000000 		.4byte	.LFB65
 842 000c 34000000 		.4byte	.LFE65
 843 0010 00000000 		.4byte	0
 844 0014 00000000 		.4byte	0
 845              		.section	.debug_line,"",%progbits
 846              	.Ldebug_line0:
 847 0000 DA010000 		.section	.debug_str,"MS",%progbits,1
 847      02009701 
 847      00000201 
 847      FB0E0D00 
 847      01010101 
 848              	.LASF27:
 849 0000 67656E65 		.ascii	"generadorPulsosPWM_Start\000"
 849      7261646F 
 849      7250756C 
 849      736F7350 
 849      574D5F53 
 850              	.LASF9:
 851 0019 5F5F696E 		.ascii	"__int32_t\000"
 851      7433325F 
 851      7400
 852              	.LASF37:
 853 0023 433A5C55 		.ascii	"C:\\Users\\robin\\Universidad\\Tercero\\2o_Cuat\\DS"
 853      73657273 
 853      5C726F62 
 853      696E5C55 
 853      6E697665 
 854 0050 455C5072 		.ascii	"E\\Practicas\\Practicas\\Practica3.cydsn\000"
 854      61637469 
 854      6361735C 
 854      50726163 
 854      74696361 
 855              	.LASF24:
 856 0076 67656E65 		.ascii	"generadorPulsosPWM_Stop\000"
 856      7261646F 
ARM GAS  C:\Users\robin\AppData\Local\Temp\ccyorYlb.s 			page 18


 856      7250756C 
 856      736F7350 
 856      574D5F53 
 857              	.LASF2:
 858 008e 73686F72 		.ascii	"short int\000"
 858      7420696E 
 858      7400
 859              	.LASF38:
 860 0098 52784973 		.ascii	"RxIsr\000"
 860      7200
 861              	.LASF12:
 862 009e 666C6F61 		.ascii	"float\000"
 862      7400
 863              	.LASF1:
 864 00a4 756E7369 		.ascii	"unsigned char\000"
 864      676E6564 
 864      20636861 
 864      7200
 865              	.LASF35:
 866 00b2 474E5520 		.ascii	"GNU C11 5.4.1 20160609 (release) [ARM/embedded-5-br"
 866      43313120 
 866      352E342E 
 866      31203230 
 866      31363036 
 867 00e5 616E6368 		.ascii	"anch revision 237715] -mcpu=cortex-m3 -mthumb -g -O"
 867      20726576 
 867      6973696F 
 867      6E203233 
 867      37373135 
 868 0118 67202D66 		.ascii	"g -ffunction-sections -ffat-lto-objects\000"
 868      66756E63 
 868      74696F6E 
 868      2D736563 
 868      74696F6E 
 869              	.LASF16:
 870 0140 72656738 		.ascii	"reg8\000"
 870      00
 871              	.LASF5:
 872 0145 6C6F6E67 		.ascii	"long unsigned int\000"
 872      20756E73 
 872      69676E65 
 872      6420696E 
 872      7400
 873              	.LASF3:
 874 0157 73686F72 		.ascii	"short unsigned int\000"
 874      7420756E 
 874      7369676E 
 874      65642069 
 874      6E7400
 875              	.LASF32:
 876 016a 55415254 		.ascii	"UART_Start\000"
 876      5F537461 
 876      727400
 877              	.LASF29:
 878 0175 50616E74 		.ascii	"Pantalla_PrintString\000"
 878      616C6C61 
 878      5F507269 
ARM GAS  C:\Users\robin\AppData\Local\Temp\ccyorYlb.s 			page 19


 878      6E745374 
 878      72696E67 
 879              	.LASF20:
 880 018a 72784461 		.ascii	"rxData\000"
 880      746100
 881              	.LASF13:
 882 0191 646F7562 		.ascii	"double\000"
 882      6C6500
 883              	.LASF30:
 884 0198 55415254 		.ascii	"UART_isr_StartEx\000"
 884      5F697372 
 884      5F537461 
 884      72744578 
 884      00
 885              	.LASF34:
 886 01a9 67656E65 		.ascii	"generadorPulsosPWM_WriteCompare\000"
 886      7261646F 
 886      7250756C 
 886      736F7350 
 886      574D5F57 
 887              	.LASF22:
 888 01c9 6572726F 		.ascii	"errorStatus\000"
 888      72537461 
 888      74757300 
 889              	.LASF21:
 890 01d5 49544D5F 		.ascii	"ITM_RxBuffer\000"
 890      52784275 
 890      66666572 
 890      00
 891              	.LASF39:
 892 01e2 6D61696E 		.ascii	"main\000"
 892      00
 893              	.LASF8:
 894 01e7 756E7369 		.ascii	"unsigned int\000"
 894      676E6564 
 894      20696E74 
 894      00
 895              	.LASF28:
 896 01f4 50616E74 		.ascii	"Pantalla_Position\000"
 896      616C6C61 
 896      5F506F73 
 896      6974696F 
 896      6E00
 897              	.LASF7:
 898 0206 6C6F6E67 		.ascii	"long long unsigned int\000"
 898      206C6F6E 
 898      6720756E 
 898      7369676E 
 898      65642069 
 899              	.LASF10:
 900 021d 696E7433 		.ascii	"int32_t\000"
 900      325F7400 
 901              	.LASF18:
 902 0225 73697A65 		.ascii	"sizetype\000"
 902      74797065 
 902      00
 903              	.LASF14:
ARM GAS  C:\Users\robin\AppData\Local\Temp\ccyorYlb.s 			page 20


 904 022e 63686172 		.ascii	"char8\000"
 904      3800
 905              	.LASF6:
 906 0234 6C6F6E67 		.ascii	"long long int\000"
 906      206C6F6E 
 906      6720696E 
 906      7400
 907              	.LASF36:
 908 0242 6D61696E 		.ascii	"main.c\000"
 908      2E6300
 909              	.LASF15:
 910 0249 63686172 		.ascii	"char\000"
 910      00
 911              	.LASF25:
 912 024e 67656E65 		.ascii	"generadorPulsosPWM_Sleep\000"
 912      7261646F 
 912      7250756C 
 912      736F7350 
 912      574D5F53 
 913              	.LASF11:
 914 0267 75696E74 		.ascii	"uint8\000"
 914      3800
 915              	.LASF23:
 916 026d 436C6F63 		.ascii	"Clock_1_SetSourceRegister\000"
 916      6B5F315F 
 916      53657453 
 916      6F757263 
 916      65526567 
 917              	.LASF4:
 918 0287 6C6F6E67 		.ascii	"long int\000"
 918      20696E74 
 918      00
 919              	.LASF17:
 920 0290 6C6F6E67 		.ascii	"long double\000"
 920      20646F75 
 920      626C6500 
 921              	.LASF0:
 922 029c 7369676E 		.ascii	"signed char\000"
 922      65642063 
 922      68617200 
 923              	.LASF26:
 924 02a8 55415254 		.ascii	"UART_PutString\000"
 924      5F507574 
 924      53747269 
 924      6E6700
 925              	.LASF33:
 926 02b7 50616E74 		.ascii	"Pantalla_WriteControl\000"
 926      616C6C61 
 926      5F577269 
 926      7465436F 
 926      6E74726F 
 927              	.LASF19:
 928 02cd 72785374 		.ascii	"rxStatus\000"
 928      61747573 
 928      00
 929              	.LASF31:
 930 02d6 50616E74 		.ascii	"Pantalla_Start\000"
ARM GAS  C:\Users\robin\AppData\Local\Temp\ccyorYlb.s 			page 21


 930      616C6C61 
 930      5F537461 
 930      727400
 931              		.ident	"GCC: (GNU Tools for ARM Embedded Processors) 5.4.1 20160609 (release) [ARM/embedded-5-bran
